This is pdfTeX, Version 3.1415926-2.5-1.40.14 (TeX Live 2013/Debian) (format=pdflatex 2014.4.18)  8 OCT 2014 13:02
entering extended mode
 restricted \write18 enabled.
 %&-line parsing enabled.
**DNN.tex
(./DNN.tex
LaTeX2e <2011/06/27>
Babel <3.9h> and hyphenation patterns for 78 languages loaded.
(/usr/share/texlive/texmf-dist/tex/latex/base/article.cls
Document Class: article 2007/10/19 v1.4h Standard LaTeX document class
(/usr/share/texlive/texmf-dist/tex/latex/base/size10.clo
File: size10.clo 2007/10/19 v1.4h Standard LaTeX file (size option)
)
\c@part=\count79
\c@section=\count80
\c@subsection=\count81
\c@subsubsection=\count82
\c@paragraph=\count83
\c@subparagraph=\count84
\c@figure=\count85
\c@table=\count86
\abovecaptionskip=\skip41
\belowcaptionskip=\skip42
\bibindent=\dimen102
)
(/usr/share/texlive/texmf-dist/tex/latex/hyperref/hyperref.sty
Package: hyperref 2012/11/06 v6.83m Hypertext links for LaTeX

(/usr/share/texlive/texmf-dist/tex/generic/oberdiek/hobsub-hyperref.sty
Package: hobsub-hyperref 2012/05/28 v1.13 Bundle oberdiek, subset hyperref (HO)


(/usr/share/texlive/texmf-dist/tex/generic/oberdiek/hobsub-generic.sty
Package: hobsub-generic 2012/05/28 v1.13 Bundle oberdiek, subset generic (HO)
Package: hobsub 2012/05/28 v1.13 Construct package bundles (HO)
Package: infwarerr 2010/04/08 v1.3 Providing info/warning/error messages (HO)
Package: ltxcmds 2011/11/09 v1.22 LaTeX kernel commands for general use (HO)
Package: ifluatex 2010/03/01 v1.3 Provides the ifluatex switch (HO)
Package ifluatex Info: LuaTeX not detected.
Package: ifvtex 2010/03/01 v1.5 Detect VTeX and its facilities (HO)
Package ifvtex Info: VTeX not detected.
Package: intcalc 2007/09/27 v1.1 Expandable calculations with integers (HO)
Package: ifpdf 2011/01/30 v2.3 Provides the ifpdf switch (HO)
Package ifpdf Info: pdfTeX in PDF mode is detected.
Package: etexcmds 2011/02/16 v1.5 Avoid name clashes with e-TeX commands (HO)
Package etexcmds Info: Could not find \expanded.
(etexcmds)             That can mean that you are not using pdfTeX 1.50 or
(etexcmds)             that some package has redefined \expanded.
(etexcmds)             In the latter case, load this package earlier.
Package: kvsetkeys 2012/04/25 v1.16 Key value parser (HO)
Package: kvdefinekeys 2011/04/07 v1.3 Define keys (HO)
Package: pdftexcmds 2011/11/29 v0.20 Utility functions of pdfTeX for LuaTeX (HO
)
Package pdftexcmds Info: LuaTeX not detected.
Package pdftexcmds Info: \pdf@primitive is available.
Package pdftexcmds Info: \pdf@ifprimitive is available.
Package pdftexcmds Info: \pdfdraftmode found.
Package: pdfescape 2011/11/25 v1.13 Implements pdfTeX's escape features (HO)
Package: bigintcalc 2012/04/08 v1.3 Expandable calculations on big integers (HO
)
Package: bitset 2011/01/30 v1.1 Handle bit-vector datatype (HO)
Package: uniquecounter 2011/01/30 v1.2 Provide unlimited unique counter (HO)
)
Package hobsub Info: Skipping package `hobsub' (already loaded).
Package: letltxmacro 2010/09/02 v1.4 Let assignment for LaTeX macros (HO)
Package: hopatch 2012/05/28 v1.2 Wrapper for package hooks (HO)
Package: xcolor-patch 2011/01/30 xcolor patch
Package: atveryend 2011/06/30 v1.8 Hooks at the very end of document (HO)
Package atveryend Info: \enddocument detected (standard20110627).
Package: atbegshi 2011/10/05 v1.16 At begin shipout hook (HO)
Package: refcount 2011/10/16 v3.4 Data extraction from label references (HO)
Package: hycolor 2011/01/30 v1.7 Color options for hyperref/bookmark (HO)
)
(/usr/share/texlive/texmf-dist/tex/latex/graphics/keyval.sty
Package: keyval 1999/03/16 v1.13 key=value parser (DPC)
\KV@toks@=\toks14
)
(/usr/share/texlive/texmf-dist/tex/generic/ifxetex/ifxetex.sty
Package: ifxetex 2010/09/12 v0.6 Provides ifxetex conditional
)
(/usr/share/texlive/texmf-dist/tex/latex/oberdiek/auxhook.sty
Package: auxhook 2011/03/04 v1.3 Hooks for auxiliary files (HO)
)
(/usr/share/texlive/texmf-dist/tex/latex/oberdiek/kvoptions.sty
Package: kvoptions 2011/06/30 v3.11 Key value format for package options (HO)
)
\@linkdim=\dimen103
\Hy@linkcounter=\count87
\Hy@pagecounter=\count88

(/usr/share/texlive/texmf-dist/tex/latex/hyperref/pd1enc.def
File: pd1enc.def 2012/11/06 v6.83m Hyperref: PDFDocEncoding definition (HO)
)
\Hy@SavedSpaceFactor=\count89

(/usr/share/texlive/texmf-dist/tex/latex/latexconfig/hyperref.cfg
File: hyperref.cfg 2002/06/06 v1.2 hyperref configuration of TeXLive
)
Package hyperref Info: Hyper figures OFF on input line 4443.
Package hyperref Info: Link nesting OFF on input line 4448.
Package hyperref Info: Hyper index ON on input line 4451.
Package hyperref Info: Plain pages OFF on input line 4458.
Package hyperref Info: Backreferencing OFF on input line 4463.
Package hyperref Info: Implicit mode ON; LaTeX internals redefined.
Package hyperref Info: Bookmarks ON on input line 4688.
\c@Hy@tempcnt=\count90

(/usr/share/texlive/texmf-dist/tex/latex/url/url.sty
\Urlmuskip=\muskip10
Package: url 2013/09/16  ver 3.4  Verb mode for urls, etc.
)
LaTeX Info: Redefining \url on input line 5041.
\XeTeXLinkMargin=\dimen104
\Fld@menulength=\count91
\Field@Width=\dimen105
\Fld@charsize=\dimen106
Package hyperref Info: Hyper figures OFF on input line 6295.
Package hyperref Info: Link nesting OFF on input line 6300.
Package hyperref Info: Hyper index ON on input line 6303.
Package hyperref Info: backreferencing OFF on input line 6310.
Package hyperref Info: Link coloring OFF on input line 6315.
Package hyperref Info: Link coloring with OCG OFF on input line 6320.
Package hyperref Info: PDF/A mode OFF on input line 6325.
LaTeX Info: Redefining \ref on input line 6365.
LaTeX Info: Redefining \pageref on input line 6369.
\Hy@abspage=\count92
\c@Item=\count93
\c@Hfootnote=\count94
)

Package hyperref Message: Driver (autodetected): hpdftex.

(/usr/share/texlive/texmf-dist/tex/latex/hyperref/hpdftex.def
File: hpdftex.def 2012/11/06 v6.83m Hyperref driver for pdfTeX
\Fld@listcount=\count95
\c@bookmark@seq@number=\count96

(/usr/share/texlive/texmf-dist/tex/latex/oberdiek/rerunfilecheck.sty
Package: rerunfilecheck 2011/04/15 v1.7 Rerun checks for auxiliary files (HO)
Package uniquecounter Info: New unique counter `rerunfilecheck' on input line 2
82.
)
\Hy@SectionHShift=\skip43
)
(/usr/share/texlive/texmf-dist/tex/latex/amsmath/amsmath.sty
Package: amsmath 2013/01/14 v2.14 AMS math features
\@mathmargin=\skip44

For additional information on amsmath, use the `?' option.
(/usr/share/texlive/texmf-dist/tex/latex/amsmath/amstext.sty
Package: amstext 2000/06/29 v2.01

(/usr/share/texlive/texmf-dist/tex/latex/amsmath/amsgen.sty
File: amsgen.sty 1999/11/30 v2.0
\@emptytoks=\toks15
\ex@=\dimen107
))
(/usr/share/texlive/texmf-dist/tex/latex/amsmath/amsbsy.sty
Package: amsbsy 1999/11/29 v1.2d
\pmbraise@=\dimen108
)
(/usr/share/texlive/texmf-dist/tex/latex/amsmath/amsopn.sty
Package: amsopn 1999/12/14 v2.01 operator names
)
\inf@bad=\count97
LaTeX Info: Redefining \frac on input line 210.
\uproot@=\count98
\leftroot@=\count99
LaTeX Info: Redefining \overline on input line 306.
\classnum@=\count100
\DOTSCASE@=\count101
LaTeX Info: Redefining \ldots on input line 378.
LaTeX Info: Redefining \dots on input line 381.
LaTeX Info: Redefining \cdots on input line 466.
\Mathstrutbox@=\box26
\strutbox@=\box27
\big@size=\dimen109
LaTeX Font Info:    Redeclaring font encoding OML on input line 566.
LaTeX Font Info:    Redeclaring font encoding OMS on input line 567.
\macc@depth=\count102
\c@MaxMatrixCols=\count103
\dotsspace@=\muskip11
\c@parentequation=\count104
\dspbrk@lvl=\count105
\tag@help=\toks16
\row@=\count106
\column@=\count107
\maxfields@=\count108
\andhelp@=\toks17
\eqnshift@=\dimen110
\alignsep@=\dimen111
\tagshift@=\dimen112
\tagwidth@=\dimen113
\totwidth@=\dimen114
\lineht@=\dimen115
\@envbody=\toks18
\multlinegap=\skip45
\multlinetaggap=\skip46
\mathdisplay@stack=\toks19
LaTeX Info: Redefining \[ on input line 2665.
LaTeX Info: Redefining \] on input line 2666.
)
(/usr/share/texlive/texmf-dist/tex/latex/amsfonts/amssymb.sty
Package: amssymb 2013/01/14 v3.01 AMS font symbols

(/usr/share/texlive/texmf-dist/tex/latex/amsfonts/amsfonts.sty
Package: amsfonts 2013/01/14 v3.01 Basic AMSFonts support
\symAMSa=\mathgroup4
\symAMSb=\mathgroup5
LaTeX Font Info:    Overwriting math alphabet `\mathfrak' in version `bold'
(Font)                  U/euf/m/n --> U/euf/b/n on input line 106.
))
(/usr/share/texlive/texmf-dist/tex/latex/cjk-ko/kotex.sty
Package: kotex 2013/03/23 v1.1 Korean TeX (ko.TeX)

(/usr/share/texlive/texmf-dist/tex/latex/kotex-utf/kotex.cfg)
(/usr/share/texlive/texmf-dist/tex/latex/kotex-utf/kotexutf.sty
Package: kotexutf 2013/10/20 v1.5 typesetting UTF-8 Korean documents

(/usr/share/texlive/texmf-dist/tex/latex/base/inputenc.sty
Package: inputenc 2008/03/30 v1.1d Input encoding file
\inpenc@prehook=\toks20
\inpenc@posthook=\toks21

(/usr/share/texlive/texmf-dist/tex/latex/base/utf8.def
File: utf8.def 2008/04/05 v1.1m UTF-8 support for inputenc
Now handling font encoding OML ...
... no UTF-8 mapping file for font encoding OML
Now handling font encoding T1 ...
... processing UTF-8 mapping file for font encoding T1

(/usr/share/texlive/texmf-dist/tex/latex/base/t1enc.dfu
File: t1enc.dfu 2008/04/05 v1.1m UTF-8 support for inputenc
   defining Unicode char U+00A1 (decimal 161)
   defining Unicode char U+00A3 (decimal 163)
   defining Unicode char U+00AB (decimal 171)
   defining Unicode char U+00BB (decimal 187)
   defining Unicode char U+00BF (decimal 191)
   defining Unicode char U+00C0 (decimal 192)
   defining Unicode char U+00C1 (decimal 193)
   defining Unicode char U+00C2 (decimal 194)
   defining Unicode char U+00C3 (decimal 195)
   defining Unicode char U+00C4 (decimal 196)
   defining Unicode char U+00C5 (decimal 197)
   defining Unicode char U+00C6 (decimal 198)
   defining Unicode char U+00C7 (decimal 199)
   defining Unicode char U+00C8 (decimal 200)
   defining Unicode char U+00C9 (decimal 201)
   defining Unicode char U+00CA (decimal 202)
   defining Unicode char U+00CB (decimal 203)
   defining Unicode char U+00CC (decimal 204)
   defining Unicode char U+00CD (decimal 205)
   defining Unicode char U+00CE (decimal 206)
   defining Unicode char U+00CF (decimal 207)
   defining Unicode char U+00D0 (decimal 208)
   defining Unicode char U+00D1 (decimal 209)
   defining Unicode char U+00D2 (decimal 210)
   defining Unicode char U+00D3 (decimal 211)
   defining Unicode char U+00D4 (decimal 212)
   defining Unicode char U+00D5 (decimal 213)
   defining Unicode char U+00D6 (decimal 214)
   defining Unicode char U+00D8 (decimal 216)
   defining Unicode char U+00D9 (decimal 217)
   defining Unicode char U+00DA (decimal 218)
   defining Unicode char U+00DB (decimal 219)
   defining Unicode char U+00DC (decimal 220)
   defining Unicode char U+00DD (decimal 221)
   defining Unicode char U+00DE (decimal 222)
   defining Unicode char U+00DF (decimal 223)
   defining Unicode char U+00E0 (decimal 224)
   defining Unicode char U+00E1 (decimal 225)
   defining Unicode char U+00E2 (decimal 226)
   defining Unicode char U+00E3 (decimal 227)
   defining Unicode char U+00E4 (decimal 228)
   defining Unicode char U+00E5 (decimal 229)
   defining Unicode char U+00E6 (decimal 230)
   defining Unicode char U+00E7 (decimal 231)
   defining Unicode char U+00E8 (decimal 232)
   defining Unicode char U+00E9 (decimal 233)
   defining Unicode char U+00EA (decimal 234)
   defining Unicode char U+00EB (decimal 235)
   defining Unicode char U+00EC (decimal 236)
   defining Unicode char U+00ED (decimal 237)
   defining Unicode char U+00EE (decimal 238)
   defining Unicode char U+00EF (decimal 239)
   defining Unicode char U+00F0 (decimal 240)
   defining Unicode char U+00F1 (decimal 241)
   defining Unicode char U+00F2 (decimal 242)
   defining Unicode char U+00F3 (decimal 243)
   defining Unicode char U+00F4 (decimal 244)
   defining Unicode char U+00F5 (decimal 245)
   defining Unicode char U+00F6 (decimal 246)
   defining Unicode char U+00F8 (decimal 248)
   defining Unicode char U+00F9 (decimal 249)
   defining Unicode char U+00FA (decimal 250)
   defining Unicode char U+00FB (decimal 251)
   defining Unicode char U+00FC (decimal 252)
   defining Unicode char U+00FD (decimal 253)
   defining Unicode char U+00FE (decimal 254)
   defining Unicode char U+00FF (decimal 255)
   defining Unicode char U+0102 (decimal 258)
   defining Unicode char U+0103 (decimal 259)
   defining Unicode char U+0104 (decimal 260)
   defining Unicode char U+0105 (decimal 261)
   defining Unicode char U+0106 (decimal 262)
   defining Unicode char U+0107 (decimal 263)
   defining Unicode char U+010C (decimal 268)
   defining Unicode char U+010D (decimal 269)
   defining Unicode char U+010E (decimal 270)
   defining Unicode char U+010F (decimal 271)
   defining Unicode char U+0110 (decimal 272)
   defining Unicode char U+0111 (decimal 273)
   defining Unicode char U+0118 (decimal 280)
   defining Unicode char U+0119 (decimal 281)
   defining Unicode char U+011A (decimal 282)
   defining Unicode char U+011B (decimal 283)
   defining Unicode char U+011E (decimal 286)
   defining Unicode char U+011F (decimal 287)
   defining Unicode char U+0130 (decimal 304)
   defining Unicode char U+0131 (decimal 305)
   defining Unicode char U+0132 (decimal 306)
   defining Unicode char U+0133 (decimal 307)
   defining Unicode char U+0139 (decimal 313)
   defining Unicode char U+013A (decimal 314)
   defining Unicode char U+013D (decimal 317)
   defining Unicode char U+013E (decimal 318)
   defining Unicode char U+0141 (decimal 321)
   defining Unicode char U+0142 (decimal 322)
   defining Unicode char U+0143 (decimal 323)
   defining Unicode char U+0144 (decimal 324)
   defining Unicode char U+0147 (decimal 327)
   defining Unicode char U+0148 (decimal 328)
   defining Unicode char U+014A (decimal 330)
   defining Unicode char U+014B (decimal 331)
   defining Unicode char U+0150 (decimal 336)
   defining Unicode char U+0151 (decimal 337)
   defining Unicode char U+0152 (decimal 338)
   defining Unicode char U+0153 (decimal 339)
   defining Unicode char U+0154 (decimal 340)
   defining Unicode char U+0155 (decimal 341)
   defining Unicode char U+0158 (decimal 344)
   defining Unicode char U+0159 (decimal 345)
   defining Unicode char U+015A (decimal 346)
   defining Unicode char U+015B (decimal 347)
   defining Unicode char U+015E (decimal 350)
   defining Unicode char U+015F (decimal 351)
   defining Unicode char U+0160 (decimal 352)
   defining Unicode char U+0161 (decimal 353)
   defining Unicode char U+0162 (decimal 354)
   defining Unicode char U+0163 (decimal 355)
   defining Unicode char U+0164 (decimal 356)
   defining Unicode char U+0165 (decimal 357)
   defining Unicode char U+016E (decimal 366)
   defining Unicode char U+016F (decimal 367)
   defining Unicode char U+0170 (decimal 368)
   defining Unicode char U+0171 (decimal 369)
   defining Unicode char U+0178 (decimal 376)
   defining Unicode char U+0179 (decimal 377)
   defining Unicode char U+017A (decimal 378)
   defining Unicode char U+017B (decimal 379)
   defining Unicode char U+017C (decimal 380)
   defining Unicode char U+017D (decimal 381)
   defining Unicode char U+017E (decimal 382)
   defining Unicode char U+200C (decimal 8204)
   defining Unicode char U+2013 (decimal 8211)
   defining Unicode char U+2014 (decimal 8212)
   defining Unicode char U+2018 (decimal 8216)
   defining Unicode char U+2019 (decimal 8217)
   defining Unicode char U+201A (decimal 8218)
   defining Unicode char U+201C (decimal 8220)
   defining Unicode char U+201D (decimal 8221)
   defining Unicode char U+201E (decimal 8222)
   defining Unicode char U+2030 (decimal 8240)
   defining Unicode char U+2031 (decimal 8241)
   defining Unicode char U+2039 (decimal 8249)
   defining Unicode char U+203A (decimal 8250)
   defining Unicode char U+2423 (decimal 9251)
)
Now handling font encoding OT1 ...
... processing UTF-8 mapping file for font encoding OT1

(/usr/share/texlive/texmf-dist/tex/latex/base/ot1enc.dfu
File: ot1enc.dfu 2008/04/05 v1.1m UTF-8 support for inputenc
   defining Unicode char U+00A1 (decimal 161)
   defining Unicode char U+00A3 (decimal 163)
   defining Unicode char U+00B8 (decimal 184)
   defining Unicode char U+00BF (decimal 191)
   defining Unicode char U+00C5 (decimal 197)
   defining Unicode char U+00C6 (decimal 198)
   defining Unicode char U+00D8 (decimal 216)
   defining Unicode char U+00DF (decimal 223)
   defining Unicode char U+00E6 (decimal 230)
   defining Unicode char U+00EC (decimal 236)
   defining Unicode char U+00ED (decimal 237)
   defining Unicode char U+00EE (decimal 238)
   defining Unicode char U+00EF (decimal 239)
   defining Unicode char U+00F8 (decimal 248)
   defining Unicode char U+0131 (decimal 305)
   defining Unicode char U+0141 (decimal 321)
   defining Unicode char U+0142 (decimal 322)
   defining Unicode char U+0152 (decimal 338)
   defining Unicode char U+0153 (decimal 339)
   defining Unicode char U+2013 (decimal 8211)
   defining Unicode char U+2014 (decimal 8212)
   defining Unicode char U+2018 (decimal 8216)
   defining Unicode char U+2019 (decimal 8217)
   defining Unicode char U+201C (decimal 8220)
   defining Unicode char U+201D (decimal 8221)
)
Now handling font encoding OMS ...
... processing UTF-8 mapping file for font encoding OMS

(/usr/share/texlive/texmf-dist/tex/latex/base/omsenc.dfu
File: omsenc.dfu 2008/04/05 v1.1m UTF-8 support for inputenc
   defining Unicode char U+00A7 (decimal 167)
   defining Unicode char U+00B6 (decimal 182)
   defining Unicode char U+00B7 (decimal 183)
   defining Unicode char U+2020 (decimal 8224)
   defining Unicode char U+2021 (decimal 8225)
   defining Unicode char U+2022 (decimal 8226)
)
Now handling font encoding OMX ...
... no UTF-8 mapping file for font encoding OMX
Now handling font encoding U ...
... no UTF-8 mapping file for font encoding U
Now handling font encoding PD1 ...
... no UTF-8 mapping file for font encoding PD1
   defining Unicode char U+00A9 (decimal 169)
   defining Unicode char U+00AA (decimal 170)
   defining Unicode char U+00AE (decimal 174)
   defining Unicode char U+00BA (decimal 186)
   defining Unicode char U+02C6 (decimal 710)
   defining Unicode char U+02DC (decimal 732)
   defining Unicode char U+200C (decimal 8204)
   defining Unicode char U+2026 (decimal 8230)
   defining Unicode char U+2122 (decimal 8482)
   defining Unicode char U+2423 (decimal 9251)
))
(/usr/share/texlive/texmf-dist/tex/plain/kotex-plain/kotexutf-core.tex
\unih@ngulpoint=\count109
\dhucs@emph@raise=\dimen116
)
Now handling font encoding LUC ...
... processing UTF-8 mapping file for font encoding LUC

(/usr/share/texlive/texmf-dist/tex/latex/kotex-utf/lucenc.dfu
File: lucenc.dfu 2007/09/05 UTF-8 support for dhucs
   defining Unicode char U+00B7 (decimal 183)
   defining Unicode char U+2018 (decimal 8216)
   defining Unicode char U+2019 (decimal 8217)
   defining Unicode char U+201C (decimal 8220)
   defining Unicode char U+201D (decimal 8221)
   defining Unicode char U+3001 (decimal 12289)
   defining Unicode char U+3002 (decimal 12290)
   defining Unicode char U+3008 (decimal 12296)
   defining Unicode char U+3009 (decimal 12297)
   defining Unicode char U+300A (decimal 12298)
   defining Unicode char U+300B (decimal 12299)
   defining Unicode char U+300C (decimal 12300)
   defining Unicode char U+300D (decimal 12301)
   defining Unicode char U+300E (decimal 12302)
   defining Unicode char U+300F (decimal 12303)
   defining Unicode char U+3010 (decimal 12304)
   defining Unicode char U+3011 (decimal 12305)
   defining Unicode char U+3014 (decimal 12308)
   defining Unicode char U+3015 (decimal 12309)
   defining Unicode char U+3016 (decimal 12310)
   defining Unicode char U+3017 (decimal 12311)
   defining Unicode char U+3018 (decimal 12312)
   defining Unicode char U+3019 (decimal 12313)
   defining Unicode char U+301A (decimal 12314)
   defining Unicode char U+301B (decimal 12315)
   defining Unicode char U+FF01 (decimal 65281)
   defining Unicode char U+FF08 (decimal 65288)
   defining Unicode char U+FF09 (decimal 65289)
   defining Unicode char U+FF0C (decimal 65292)
   defining Unicode char U+FF0E (decimal 65294)
   defining Unicode char U+FF1A (decimal 65306)
   defining Unicode char U+FF1B (decimal 65307)
   defining Unicode char U+FF1C (decimal 65308)
   defining Unicode char U+FF1D (decimal 65309)
   defining Unicode char U+FF1E (decimal 65310)
   defining Unicode char U+FF1F (decimal 65311)
   defining Unicode char U+FF3B (decimal 65339)
   defining Unicode char U+FF3D (decimal 65341)
   defining Unicode char U+FF5B (decimal 65371)
   defining Unicode char U+FF5D (decimal 65373)
   defining Unicode char U+FF61 (decimal 65377)
   defining Unicode char U+FF62 (decimal 65378)
   defining Unicode char U+FF63 (decimal 65379)
   defining Unicode char U+FF64 (decimal 65380)
   defining Unicode char U+FF65 (decimal 65381)
)
\@josa=\count110
\josatoks=\toks22

(/usr/share/texlive/texmf-dist/tex/latex/cjk-ko/kolabels-utf.sty
Package: kolabels-utf 2013/02/23 v1.0 UTF-8 Hangul item labels
)
(/usr/share/texlive/texmf-dist/tex/latex/kotex-utf/kosections-utf.sty
File: kosections-utf 2013/10/20 hangul option to kotex/utf
   defining Unicode char U+00BC (decimal 188)
   defining Unicode char U+00BD (decimal 189)
   defining Unicode char U+00BE (decimal 190)
   defining Unicode char U+02D0 (decimal 720)
   defining Unicode char U+2025 (decimal 8229)
   defining Unicode char U+2015 (decimal 8213)
   defining Unicode char U+2312 (decimal 8978)
   defining Unicode char U+203B (decimal 8251)

(/usr/share/texlive/texmf-dist/tex/latex/cjk-ko/konames-utf.sty
Package: konames-utf 2013/02/23 v1.0 UTF-8 Hangul captions
)
\raisedotdim=\dimen117
\dhucs@emph@width=\dimen118
\useremphraisedim=\dimen119
)))
(/usr/share/texlive/texmf-dist/tex/latex/tools/tabularx.sty
Package: tabularx 1999/01/07 v2.07 `tabularx' package (DPC)

(/usr/share/texlive/texmf-dist/tex/latex/tools/array.sty
Package: array 2008/09/09 v2.4c Tabular extension package (FMi)
\col@sep=\dimen120
\extrarowheight=\dimen121
\NC@list=\toks23
\extratabsurround=\skip47
\backup@length=\skip48
)
\TX@col@width=\dimen122
\TX@old@table=\dimen123
\TX@old@col=\dimen124
\TX@target=\dimen125
\TX@delta=\dimen126
\TX@cols=\count111
\TX@ftn=\toks24
)
(/usr/share/texlive/texmf-dist/tex/latex/rotating/rotating.sty
Package: rotating 2009/03/28 v2.16a rotated objects in LaTeX

(/usr/share/texlive/texmf-dist/tex/latex/graphics/graphicx.sty
Package: graphicx 1999/02/16 v1.0f Enhanced LaTeX Graphics (DPC,SPQR)

(/usr/share/texlive/texmf-dist/tex/latex/graphics/graphics.sty
Package: graphics 2009/02/05 v1.0o Standard LaTeX Graphics (DPC,SPQR)

(/usr/share/texlive/texmf-dist/tex/latex/graphics/trig.sty
Package: trig 1999/03/16 v1.09 sin cos tan (DPC)
)
(/usr/share/texlive/texmf-dist/tex/latex/latexconfig/graphics.cfg
File: graphics.cfg 2010/04/23 v1.9 graphics configuration of TeX Live
)
Package graphics Info: Driver file: pdftex.def on input line 91.

(/usr/share/texlive/texmf-dist/tex/latex/pdftex-def/pdftex.def
File: pdftex.def 2011/05/27 v0.06d Graphics/color for pdfTeX
\Gread@gobject=\count112
))
\Gin@req@height=\dimen127
\Gin@req@width=\dimen128
)
(/usr/share/texlive/texmf-dist/tex/latex/base/ifthen.sty
Package: ifthen 2001/05/26 v1.1c Standard LaTeX ifthen package (DPC)
)
\c@r@tfl@t=\count113
\rotFPtop=\skip49
\rotFPbot=\skip50
\rot@float@box=\box28
\rot@mess@toks=\toks25
)
(/usr/share/texlive/texmf-dist/tex/latex/subfig/subfig.sty
Package: subfig 2005/06/28 ver: 1.3 subfig package

(/usr/share/texlive/texmf-dist/tex/latex/caption/caption3.sty
Package: caption3 2013/05/02 v1.6-88 caption3 kernel (AR)
Package caption3 Info: TeX engine: e-TeX on input line 57.
\captionmargin=\dimen129
\captionmargin@=\dimen130
\captionwidth=\dimen131
\caption@tempdima=\dimen132
\caption@indent=\dimen133
\caption@parindent=\dimen134
\caption@hangindent=\dimen135
)
\c@KVtest=\count114
\sf@farskip=\skip51
\sf@captopadj=\dimen136
\sf@capskip=\skip52
\sf@nearskip=\skip53
\c@subfigure=\count115
\c@subfigure@save=\count116
\c@lofdepth=\count117
\c@subtable=\count118
\c@subtable@save=\count119
\c@lotdepth=\count120
\sf@top=\skip54
\sf@bottom=\skip55
) (./DNN.aux)
\openout1 = `DNN.aux'.

LaTeX Font Info:    Checking defaults for OML/cmm/m/it on input line 30.
LaTeX Font Info:    ... okay on input line 30.
LaTeX Font Info:    Checking defaults for T1/cmr/m/n on input line 30.
LaTeX Font Info:    ... okay on input line 30.
LaTeX Font Info:    Checking defaults for OT1/cmr/m/n on input line 30.
LaTeX Font Info:    ... okay on input line 30.
LaTeX Font Info:    Checking defaults for OMS/cmsy/m/n on input line 30.
LaTeX Font Info:    ... okay on input line 30.
LaTeX Font Info:    Checking defaults for OMX/cmex/m/n on input line 30.
LaTeX Font Info:    ... okay on input line 30.
LaTeX Font Info:    Checking defaults for U/cmr/m/n on input line 30.
LaTeX Font Info:    ... okay on input line 30.
LaTeX Font Info:    Checking defaults for PD1/pdf/m/n on input line 30.
LaTeX Font Info:    ... okay on input line 30.
LaTeX Font Info:    Checking defaults for LUC/nanummj/m/n on input line 30.
LaTeX Font Info:    Try loading font information for LUC+nanummj on input line 
30.

(/usr/share/texlive/texmf-dist/tex/latex/nanumtype1/lucnanummj.fd
File: lucnanummj.fd 2013/02/12 v0.1 Nanum Myeongjo font definitions
)
LaTeX Font Info:    ... okay on input line 30.
\AtBeginShipoutBox=\box29
Package hyperref Info: Link coloring OFF on input line 30.

(/usr/share/texlive/texmf-dist/tex/latex/hyperref/nameref.sty
Package: nameref 2012/10/27 v2.43 Cross-referencing by name of section

(/usr/share/texlive/texmf-dist/tex/generic/oberdiek/gettitlestring.sty
Package: gettitlestring 2010/12/03 v1.4 Cleanup title references (HO)
)
\c@section@level=\count121
)
LaTeX Info: Redefining \ref on input line 30.
LaTeX Info: Redefining \pageref on input line 30.
LaTeX Info: Redefining \nameref on input line 30.

(./DNN.out) (./DNN.out)
\@outlinefile=\write3
\openout3 = `DNN.out'.


(/usr/share/texlive/texmf-dist/tex/context/base/supp-pdf.mkii
[Loading MPS to PDF converter (version 2006.09.02).]
\scratchcounter=\count122
\scratchdimen=\dimen137
\scratchbox=\box30
\nofMPsegments=\count123
\nofMParguments=\count124
\everyMPshowfont=\toks26
\MPscratchCnt=\count125
\MPscratchDim=\dimen138
\MPnumerator=\count126
\makeMPintoPDFobject=\count127
\everyMPtoPDFconversion=\toks27
) (/usr/share/texlive/texmf-dist/tex/latex/oberdiek/epstopdf-base.sty
Package: epstopdf-base 2010/02/09 v2.5 Base part for package epstopdf

(/usr/share/texlive/texmf-dist/tex/latex/oberdiek/grfext.sty
Package: grfext 2010/08/19 v1.1 Manage graphics extensions (HO)
)
Package grfext Info: Graphics extension search list:
(grfext)             [.png,.pdf,.jpg,.mps,.jpeg,.jbig2,.jb2,.PNG,.PDF,.JPG,.JPE
G,.JBIG2,.JB2,.eps]
(grfext)             \AppendGraphicsExtensions on input line 452.

(/usr/share/texlive/texmf-dist/tex/latex/latexconfig/epstopdf-sys.cfg
File: epstopdf-sys.cfg 2010/07/13 v1.3 Configuration of (r)epstopdf for TeX Liv
e
))
Package caption Info: Begin \AtBeginDocument code.
Package caption Info: subfig package v1.3 is loaded.
Package caption Info: End \AtBeginDocument code.
LaTeX Font Info:    Try loading font information for U+msa on input line 32.

(/usr/share/texlive/texmf-dist/tex/latex/amsfonts/umsa.fd
File: umsa.fd 2013/01/14 v3.01 AMS symbols A
)
LaTeX Font Info:    Try loading font information for U+msb on input line 32.

(/usr/share/texlive/texmf-dist/tex/latex/amsfonts/umsb.fd
File: umsb.fd 2013/01/14 v3.01 AMS symbols B
) [1

{/var/lib/texmf/fonts/map/pdftex/updmap/pdftex.map}]
</home/secondmath/Dropbox/GSPH/topic_review/DNN/perceptron.png, id=106, 390.458
76pt x 281.05pt>
File: /home/secondmath/Dropbox/GSPH/topic_review/DNN/perceptron.png Graphic fil
e (type png)

<use /home/secondmath/Dropbox/GSPH/topic_review/DNN/perceptron.png>
Package pdftex.def Info: /home/secondmath/Dropbox/GSPH/topic_review/DNN/percept
ron.png used on input line 55.
(pdftex.def)             Requested size: 216.81pt x 156.0575pt.

Underfull \hbox (badness 10000) in paragraph at lines 60--61

 []


</home/secondmath/Dropbox/GSPH/topic_review/DNN/notperceptron.png, id=110, 304.
9794pt x 191.7564pt>
File: /home/secondmath/Dropbox/GSPH/topic_review/DNN/notperceptron.png Graphic 
file (type png)

<use /home/secondmath/Dropbox/GSPH/topic_review/DNN/notperceptron.png>
Package pdftex.def Info: /home/secondmath/Dropbox/GSPH/topic_review/DNN/notperc
eptron.png used on input line 67.
(pdftex.def)             Requested size: 216.81pt x 136.32353pt.
 [2 </home/secondmath/Dropbox/GSPH/topic_review/DNN/perceptron.png>]
</home/secondmath/Dropbox/GSPH/topic_review/DNN/mlpexam.png, id=135, 884.30376p
t x 497.86pt>
File: /home/secondmath/Dropbox/GSPH/topic_review/DNN/mlpexam.png Graphic file (
type png)
 <use /home/secondmath/Dropbox/GSPH/topic_review/DNN/mlpexam.png>
Package pdftex.def Info: /home/secondmath/Dropbox/GSPH/topic_review/DNN/mlpexam
.png used on input line 85.
(pdftex.def)             Requested size: 216.81pt x 122.05653pt.

</home/secondmath/Dropbox/GSPH/topic_review/DNN/hy1.png, id=138, 642.4pt x 481.
8pt>
File: /home/secondmath/Dropbox/GSPH/topic_review/DNN/hy1.png Graphic file (type
 png)
 <use /home/secondmath/Dropbox/GSPH/topic_review/DNN/hy1.png>
Package pdftex.def Info: /home/secondmath/Dropbox/GSPH/topic_review/DNN/hy1.png
 used on input line 95.
(pdftex.def)             Requested size: 216.81pt x 162.60416pt.

</home/secondmath/Dropbox/GSPH/topic_review/DNN/hy2.png, id=139, 642.4pt x 481.
8pt>
File: /home/secondmath/Dropbox/GSPH/topic_review/DNN/hy2.png Graphic file (type
 png)
 <use /home/secondmath/Dropbox/GSPH/topic_review/DNN/hy2.png>
Package pdftex.def Info: /home/secondmath/Dropbox/GSPH/topic_review/DNN/hy2.png
 used on input line 96.
(pdftex.def)             Requested size: 216.81pt x 162.60416pt.

</home/secondmath/Dropbox/GSPH/topic_review/DNN/hy3.png, id=140, 642.4pt x 481.
8pt>
File: /home/secondmath/Dropbox/GSPH/topic_review/DNN/hy3.png Graphic file (type
 png)
 <use /home/secondmath/Dropbox/GSPH/topic_review/DNN/hy3.png>
Package pdftex.def Info: /home/secondmath/Dropbox/GSPH/topic_review/DNN/hy3.png
 used on input line 97.
(pdftex.def)             Requested size: 216.81pt x 162.60416pt.

</home/secondmath/Dropbox/GSPH/topic_review/DNN/hy4.png, id=141, 642.4pt x 481.
8pt>
File: /home/secondmath/Dropbox/GSPH/topic_review/DNN/hy4.png Graphic file (type
 png)
 <use /home/secondmath/Dropbox/GSPH/topic_review/DNN/hy4.png>
Package pdftex.def Info: /home/secondmath/Dropbox/GSPH/topic_review/DNN/hy4.png
 used on input line 98.
(pdftex.def)             Requested size: 216.81pt x 162.60416pt.

</home/secondmath/Dropbox/GSPH/myreview/ml/neural3.jpg, id=142, 1094.58937pt x 
485.56406pt>
File: /home/secondmath/Dropbox/GSPH/myreview/ml/neural3.jpg Graphic file (type 
jpg)
 <use /home/secondmath/Dropbox/GSPH/myreview/ml/neural3.jpg>
Package pdftex.def Info: /home/secondmath/Dropbox/GSPH/myreview/ml/neural3.jpg 
used on input line 107.
(pdftex.def)             Requested size: 361.34999pt x 160.2959pt.

[3 </home/secondmath/Dropbox/GSPH/topic_review/DNN/notperceptron.png> </home/se
condmath/Dropbox/GSPH/topic_review/DNN/mlpexam.png>] [4 </home/secondmath/Dropb
ox/GSPH/topic_review/DNN/hy1.png> </home/secondmath/Dropbox/GSPH/topic_review/D
NN/hy2.png> </home/secondmath/Dropbox/GSPH/topic_review/DNN/hy3.png> </home/sec
ondmath/Dropbox/GSPH/topic_review/DNN/hy4.png>]
Underfull \hbox (badness 10000) in paragraph at lines 127--129

 []


Underfull \hbox (badness 10000) in paragraph at lines 127--129

 []


Underfull \hbox (badness 10000) in paragraph at lines 130--131

 []


Underfull \hbox (badness 10000) in paragraph at lines 130--131

 []


</home/secondmath/Dropbox/GSPH/topic_review/DNN/forward.png, id=169, 761.84625p
t x 447.6725pt>
File: /home/secondmath/Dropbox/GSPH/topic_review/DNN/forward.png Graphic file (
type png)

<use /home/secondmath/Dropbox/GSPH/topic_review/DNN/forward.png>
Package pdftex.def Info: /home/secondmath/Dropbox/GSPH/topic_review/DNN/forward
.png used on input line 135.
(pdftex.def)             Requested size: 216.81pt x 127.39671pt.

</home/secondmath/Dropbox/GSPH/topic_review/DNN/back.png, id=170, 851.18pt x 49
7.86pt>
File: /home/secondmath/Dropbox/GSPH/topic_review/DNN/back.png Graphic file (typ
e png)
 <use /home/secondmath/Dropbox/GSPH/topic_review/DNN/back.png>
Package pdftex.def Info: /home/secondmath/Dropbox/GSPH/topic_review/DNN/back.pn
g used on input line 136.
(pdftex.def)             Requested size: 216.81pt x 126.81207pt.
 [5 </home/secondmath/Dropbox/GSPH/myreview/ml/neural3.jpg>]
Underfull \hbox (badness 10000) in paragraph at lines 149--150

 []


</home/secondmath/Dropbox/GSPH/topic_review/DNN/logistictan.png, id=182, 513.92
pt x 210.28563pt>
File: /home/secondmath/Dropbox/GSPH/topic_review/DNN/logistictan.png Graphic fi
le (type png)

<use /home/secondmath/Dropbox/GSPH/topic_review/DNN/logistictan.png>
Package pdftex.def Info: /home/secondmath/Dropbox/GSPH/topic_review/DNN/logisti
ctan.png used on input line 155.
(pdftex.def)             Requested size: 361.34999pt x 147.85992pt.

</home/secondmath/Dropbox/GSPH/topic_review/DNN/minima.png, id=185, 798.985pt x
 528.97626pt>
File: /home/secondmath/Dropbox/GSPH/topic_review/DNN/minima.png Graphic file (t
ype png)
 <use /home/secondmath/Dropbox/GSPH/topic_review/DNN/minima.png>
Package pdftex.def Info: /home/secondmath/Dropbox/GSPH/topic_review/DNN/minima.
png used on input line 167.
(pdftex.def)             Requested size: 289.07999pt x 191.38374pt.

[6 </home/secondmath/Dropbox/GSPH/topic_review/DNN/forward.png (PNG copy)> </ho
me/secondmath/Dropbox/GSPH/topic_review/DNN/back.png (PNG copy)>]
</home/secondmath/Dropbox/GSPH/topic_review/DNN/unsupervised.png, id=204, 835.1
2pt x 194.7275pt>
File: /home/secondmath/Dropbox/GSPH/topic_review/DNN/unsupervised.png Graphic f
ile (type png)

<use /home/secondmath/Dropbox/GSPH/topic_review/DNN/unsupervised.png>
Package pdftex.def Info: /home/secondmath/Dropbox/GSPH/topic_review/DNN/unsuper
vised.png used on input line 177.
(pdftex.def)             Requested size: 361.34999pt x 84.2571pt.
 [7 </home/secondmath/Dropbox/GSPH/topic_review/DNN/logistictan.png> </home/sec
ondmath/Dropbox/GSPH/topic_review/DNN/minima.png (PNG copy)>]
</home/secondmath/Dropbox/GSPH/topic_review/DNN/RBM.png, id=217, 220.825pt x 23
4.8775pt>
File: /home/secondmath/Dropbox/GSPH/topic_review/DNN/RBM.png Graphic file (type
 png)
 <use /home/secondmath/Dropbox/GSPH/topic_review/DNN/RBM.png>
Package pdftex.def Info: /home/secondmath/Dropbox/GSPH/topic_review/DNN/RBM.png
 used on input line 187.
(pdftex.def)             Requested size: 216.81pt x 230.6192pt.

Underfull \hbox (badness 10000) in paragraph at lines 195--197

 []

[8 </home/secondmath/Dropbox/GSPH/topic_review/DNN/unsupervised.png (PNG copy)>
 </home/secondmath/Dropbox/GSPH/topic_review/DNN/RBM.png>]
</home/secondmath/Dropbox/GSPH/topic_review/DNN/dog.png, id=233, 558.085pt x 32
9.23pt>
File: /home/secondmath/Dropbox/GSPH/topic_review/DNN/dog.png Graphic file (type
 png)
 <use /home/secondmath/Dropbox/GSPH/topic_review/DNN/dog.png>
Package pdftex.def Info: /home/secondmath/Dropbox/GSPH/topic_review/DNN/dog.png
 used on input line 208.
(pdftex.def)             Requested size: 231.26378pt x 136.42696pt.

</home/secondmath/Dropbox/GSPH/topic_review/DNN/dog2.png, id=234, 602.25pt x 30
2.12875pt>
File: /home/secondmath/Dropbox/GSPH/topic_review/DNN/dog2.png Graphic file (typ
e png)
 <use /home/secondmath/Dropbox/GSPH/topic_review/DNN/dog2.png>
Package pdftex.def Info: /home/secondmath/Dropbox/GSPH/topic_review/DNN/dog2.pn
g used on input line 209.
(pdftex.def)             Requested size: 231.26378pt x 116.01796pt.

Overfull \hbox (7.28348pt too wide) in paragraph at lines 208--210
 [][][][] 
 []

pdfTeX warning (ext4): destination with the same identifier (name{equation.2.1}
) has been already used, duplicate ignored
<to be read again> 
                   \relax 
l.221  \end{align}
                  pdfTeX warning (ext4): destination with the same identifier (
name{equation.2.2}) has been already used, duplicate ignored
<to be read again> 
                   \relax 
l.221  \end{align}
                  pdfTeX warning (ext4): destination with the same identifier (
name{equation.2.1}) has been already used, duplicate ignored
<to be read again> 
                   \relax 
l.231  \end{align}
                  pdfTeX warning (ext4): destination with the same identifier (
name{equation.2.2}) has been already used, duplicate ignored
<to be read again> 
                   \relax 
l.231  \end{align}
                   [9 </home/secondmath/Dropbox/GSPH/topic_review/DNN/dog.png (
PNG copy)> </home/secondmath/Dropbox/GSPH/topic_review/DNN/dog2.png (PNG copy)>
]pdfTeX warning (ext4): destination with the same identifier (name{equation.2.1
}) has been already used, duplicate ignored
<to be read again> 
                   \relax 
l.250  \end{align}
                  pdfTeX warning (ext4): destination with the same identifier (
name{equation.2.2}) has been already used, duplicate ignored
<to be read again> 
                   \relax 
l.250  \end{align}
                  
</home/secondmath/Dropbox/GSPH/topic_review/DNN/cdk.png, id=250, 854.19125pt x 
458.71375pt>
File: /home/secondmath/Dropbox/GSPH/topic_review/DNN/cdk.png Graphic file (type
 png)
 <use /home/secondmath/Dropbox/GSPH/topic_review/DNN/cdk.png>
Package pdftex.def Info: /home/secondmath/Dropbox/GSPH/topic_review/DNN/cdk.png
 used on input line 257.
(pdftex.def)             Requested size: 361.34999pt x 194.04434pt.

</home/secondmath/Dropbox/GSPH/topic_review/DNN/dbn.jpg, id=256, 440.3652pt x 2
29.8186pt>
File: /home/secondmath/Dropbox/GSPH/topic_review/DNN/dbn.jpg Graphic file (type
 jpg)
 <use /home/secondmath/Dropbox/GSPH/topic_review/DNN/dbn.jpg>
Package pdftex.def Info: /home/secondmath/Dropbox/GSPH/topic_review/DNN/dbn.jpg
 used on input line 268.
(pdftex.def)             Requested size: 397.48499pt x 207.4485pt.

[10] [11 </home/secondmath/Dropbox/GSPH/topic_review/DNN/cdk.png (PNG copy)> </
home/secondmath/Dropbox/GSPH/topic_review/DNN/dbn.jpg>]
</home/secondmath/Dropbox/GSPH/topic_review/DNN/relu.png, id=287, 973.6375pt x 
771.88374pt>
File: /home/secondmath/Dropbox/GSPH/topic_review/DNN/relu.png Graphic file (typ
e png)
 <use /home/secondmath/Dropbox/GSPH/topic_review/DNN/relu.png>
Package pdftex.def Info: /home/secondmath/Dropbox/GSPH/topic_review/DNN/relu.pn
g used on input line 287.
(pdftex.def)             Requested size: 216.81pt x 171.87608pt.

</home/secondmath/Dropbox/GSPH/topic_review/DNN/dropout.png, id=293, 710.655pt 
x 240.14719pt>
File: /home/secondmath/Dropbox/GSPH/topic_review/DNN/dropout.png Graphic file (
type png)

<use /home/secondmath/Dropbox/GSPH/topic_review/DNN/dropout.png>
Package pdftex.def Info: /home/secondmath/Dropbox/GSPH/topic_review/DNN/dropout
.png used on input line 298.
(pdftex.def)             Requested size: 433.62pt x 146.53352pt.
 [12 </home/secondmath/Dropbox/GSPH/topic_review/DNN/relu.png (PNG copy)>]
</home/secondmath/Dropbox/GSPH/topic_review/DNN/dropperformance.png, id=306, 13
15.91624pt x 513.92pt>
File: /home/secondmath/Dropbox/GSPH/topic_review/DNN/dropperformance.png Graphi
c file (type png)

<use /home/secondmath/Dropbox/GSPH/topic_review/DNN/dropperformance.png>
Package pdftex.def Info: /home/secondmath/Dropbox/GSPH/topic_review/DNN/dropper
formance.png used on input line 307.
(pdftex.def)             Requested size: 433.62pt x 169.34319pt.

</home/secondmath/Dropbox/GSPH/topic_review/DNN/ranzato.pdf, id=311, page=31, 7
96.9775pt x 597.23125pt>
File: /home/secondmath/Dropbox/GSPH/topic_review/DNN/ranzato.pdf Graphic file (
type pdf)

<use /home/secondmath/Dropbox/GSPH/topic_review/DNN/ranzato.pdf, page 31>
Package pdftex.def Info: /home/secondmath/Dropbox/GSPH/topic_review/DNN/ranzato
.pdf, page31 used on input line 317.
(pdftex.def)             Requested size: 289.07999pt x 216.6252pt.

[13 </home/secondmath/Dropbox/GSPH/topic_review/DNN/dropout.png> </home/secondm
ath/Dropbox/GSPH/topic_review/DNN/dropperformance.png (PNG copy)>] [14 </home/s
econdmath/Dropbox/GSPH/topic_review/DNN/ranzato.pdf>]
</home/secondmath/Dropbox/GSPH/topic_review/DNN/textmining7.png, id=368, 546.04
pt x 271.0125pt>
File: /home/secondmath/Dropbox/GSPH/topic_review/DNN/textmining7.png Graphic fi
le (type png)

<use /home/secondmath/Dropbox/GSPH/topic_review/DNN/textmining7.png>
Package pdftex.def Info: /home/secondmath/Dropbox/GSPH/topic_review/DNN/textmin
ing7.png used on input line 343.
(pdftex.def)             Requested size: 289.07999pt x 143.47879pt.
 [15 </home/secondmath/Dropbox/GSPH/topic_review/DNN/textmining7.png (PNG copy)
>]
(./DNN.bbl
LaTeX Font Info:    Try loading font information for OMS+cmr on input line 6.
 (/usr/share/texlive/texmf-dist/tex/latex/base/omscmr.fd
File: omscmr.fd 1999/05/25 v2.5h Standard LaTeX font definitions
)
LaTeX Font Info:    Font shape `OMS/cmr/m/it' in size <10> not available
(Font)              Font shape `OMS/cmsy/m/n' tried instead on input line 6.
LaTeX Font Info:    Font shape `OMS/cmr/m/n' in size <10> not available
(Font)              Font shape `OMS/cmsy/m/n' tried instead on input line 6.
 [16]
[17])
Package atveryend Info: Empty hook `BeforeClearDocument' on input line 356.
 [18]
Package atveryend Info: Empty hook `AfterLastShipout' on input line 356.
 (./DNN.aux)
Package atveryend Info: Executing hook `AtVeryEndDocument' on input line 356.
Package atveryend Info: Executing hook `AtEndAfterFileList' on input line 356.
Package rerunfilecheck Info: File `DNN.out' has not changed.
(rerunfilecheck)             Checksum: FD06077C79DB02C81C7E04198827518D;517.
Package atveryend Info: Empty hook `AtVeryVeryEnd' on input line 356.
 ) 
Here is how much of TeX's memory you used:
 7956 strings out of 493304
 120304 string characters out of 6139871
 204488 words of memory out of 5000000
 11098 multiletter control sequences out of 15000+600000
 47079 words of font info for 166 fonts, out of 8000000 for 9000
 957 hyphenation exceptions out of 8191
 37i,10n,47p,2039b,487s stack positions out of 5000i,500n,10000p,200000b,80000s
</usr/share/texlive/texmf-dist/fonts/type1/public/amsfonts/cm/cmbx10.pfb></us
r/share/texlive/texmf-dist/fonts/type1/public/amsfonts/cm/cmbx12.pfb></usr/shar
e/texlive/texmf-dist/fonts/type1/public/amsfonts/cm/cmex10.pfb></usr/share/texl
ive/texmf-dist/fonts/type1/public/amsfonts/cm/cmmi10.pfb></usr/share/texlive/te
xmf-dist/fonts/type1/public/amsfonts/cm/cmmi7.pfb></usr/share/texlive/texmf-dis
t/fonts/type1/public/amsfonts/cm/cmr10.pfb></usr/share/texlive/texmf-dist/fonts
/type1/public/amsfonts/cm/cmr12.pfb></usr/share/texlive/texmf-dist/fonts/type1/
public/amsfonts/cm/cmr7.pfb></usr/share/texlive/texmf-dist/fonts/type1/public/a
msfonts/cm/cmr8.pfb></usr/share/texlive/texmf-dist/fonts/type1/public/amsfonts/
cm/cmr9.pfb></usr/share/texlive/texmf-dist/fonts/type1/public/amsfonts/cm/cmsy1
0.pfb></usr/share/texlive/texmf-dist/fonts/type1/public/amsfonts/cm/cmsy7.pfb><
/usr/share/texlive/texmf-dist/fonts/type1/public/amsfonts/cm/cmti10.pfb></usr/s
hare/texlive/texmf-dist/fonts/type1/public/amsfonts/cm/cmtt10.pfb></usr/share/t
exlive/texmf-dist/fonts/type1/public/nanumtype1/nanummjbac.pfb></usr/share/texl
ive/texmf-dist/fonts/type1/public/nanumtype1/nanummjbad.pfb></usr/share/texlive
/texmf-dist/fonts/type1/public/nanumtype1/nanummjbae.pfb></usr/share/texlive/te
xmf-dist/fonts/type1/public/nanumtype1/nanummjbb2.pfb></usr/share/texlive/texmf
-dist/fonts/type1/public/nanumtype1/nanummjbb3.pfb></usr/share/texlive/texmf-di
st/fonts/type1/public/nanumtype1/nanummjbb5.pfb></usr/share/texlive/texmf-dist/
fonts/type1/public/nanumtype1/nanummjbb7.pfb></usr/share/texlive/texmf-dist/fon
ts/type1/public/nanumtype1/nanummjbb8.pfb></usr/share/texlive/texmf-dist/fonts/
type1/public/nanumtype1/nanummjbb9.pfb></usr/share/texlive/texmf-dist/fonts/typ
e1/public/nanumtype1/nanummjbbb.pfb></usr/share/texlive/texmf-dist/fonts/type1/
public/nanumtype1/nanummjbbc.pfb></usr/share/texlive/texmf-dist/fonts/type1/pub
lic/nanumtype1/nanummjbc0.pfb></usr/share/texlive/texmf-dist/fonts/type1/public
/nanumtype1/nanummjbc1.pfb></usr/share/texlive/texmf-dist/fonts/type1/public/na
numtype1/nanummjbc2.pfb></usr/share/texlive/texmf-dist/fonts/type1/public/nanum
type1/nanummjbc5.pfb></usr/share/texlive/texmf-dist/fonts/type1/public/nanumtyp
e1/nanummjbc6.pfb></usr/share/texlive/texmf-dist/fonts/type1/public/nanumtype1/
nanummjbc7.pfb></usr/share/texlive/texmf-dist/fonts/type1/public/nanumtype1/nan
ummjbc8.pfb></usr/share/texlive/texmf-dist/fonts/type1/public/nanumtype1/nanumm
jbc9.pfb></usr/share/texlive/texmf-dist/fonts/type1/public/nanumtype1/nanummjbc
c.pfb></usr/share/texlive/texmf-dist/fonts/type1/public/nanumtype1/nanummjbcd.p
fb></usr/share/texlive/texmf-dist/fonts/type1/public/nanumtype1/nanummjbd0.pfb>
</usr/share/texlive/texmf-dist/fonts/type1/public/nanumtype1/nanummjbd5.pfb></u
sr/share/texlive/texmf-dist/fonts/type1/public/nanumtype1/nanummjbd6.pfb></usr/
share/texlive/texmf-dist/fonts/type1/public/nanumtype1/nanummjmac.pfb></usr/sha
re/texlive/texmf-dist/fonts/type1/public/nanumtype1/nanummjmad.pfb></usr/share/
texlive/texmf-dist/fonts/type1/public/nanumtype1/nanummjmae.pfb></usr/share/tex
live/texmf-dist/fonts/type1/public/nanumtype1/nanummjmaf.pfb></usr/share/texliv
e/texmf-dist/fonts/type1/public/nanumtype1/nanummjmb0.pfb></usr/share/texlive/t
exmf-dist/fonts/type1/public/nanumtype1/nanummjmb1.pfb></usr/share/texlive/texm
f-dist/fonts/type1/public/nanumtype1/nanummjmb2.pfb></usr/share/texlive/texmf-d
ist/fonts/type1/public/nanumtype1/nanummjmb3.pfb></usr/share/texlive/texmf-dist
/fonts/type1/public/nanumtype1/nanummjmb4.pfb></usr/share/texlive/texmf-dist/fo
nts/type1/public/nanumtype1/nanummjmb5.pfb></usr/share/texlive/texmf-dist/fonts
/type1/public/nanumtype1/nanummjmb6.pfb></usr/share/texlive/texmf-dist/fonts/ty
pe1/public/nanumtype1/nanummjmb7.pfb></usr/share/texlive/texmf-dist/fonts/type1
/public/nanumtype1/nanummjmb8.pfb></usr/share/texlive/texmf-dist/fonts/type1/pu
blic/nanumtype1/nanummjmb9.pfb></usr/share/texlive/texmf-dist/fonts/type1/publi
c/nanumtype1/nanummjmba.pfb></usr/share/texlive/texmf-dist/fonts/type1/public/n
anumtype1/nanummjmbb.pfb></usr/share/texlive/texmf-dist/fonts/type1/public/nanu
mtype1/nanummjmbc.pfb></usr/share/texlive/texmf-dist/fonts/type1/public/nanumty
pe1/nanummjmbd.pfb></usr/share/texlive/texmf-dist/fonts/type1/public/nanumtype1
/nanummjmbe.pfb></usr/share/texlive/texmf-dist/fonts/type1/public/nanumtype1/na
nummjmc0.pfb></usr/share/texlive/texmf-dist/fonts/type1/public/nanumtype1/nanum
mjmc1.pfb></usr/share/texlive/texmf-dist/fonts/type1/public/nanumtype1/nanummjm
c2.pfb></usr/share/texlive/texmf-dist/fonts/type1/public/nanumtype1/nanummjmc3.
pfb></usr/share/texlive/texmf-dist/fonts/type1/public/nanumtype1/nanummjmc4.pfb
></usr/share/texlive/texmf-dist/fonts/type1/public/nanumtype1/nanummjmc5.pfb></
usr/share/texlive/texmf-dist/fonts/type1/public/nanumtype1/nanummjmc6.pfb></usr
/share/texlive/texmf-dist/fonts/type1/public/nanumtype1/nanummjmc7.pfb></usr/sh
are/texlive/texmf-dist/fonts/type1/public/nanumtype1/nanummjmc8.pfb></usr/share
/texlive/texmf-dist/fonts/type1/public/nanumtype1/nanummjmc9.pfb></usr/share/te
xlive/texmf-dist/fonts/type1/public/nanumtype1/nanummjmcc.pfb></usr/share/texli
ve/texmf-dist/fonts/type1/public/nanumtype1/nanummjmcd.pfb></usr/share/texlive/
texmf-dist/fonts/type1/public/nanumtype1/nanummjmce.pfb></usr/share/texlive/tex
mf-dist/fonts/type1/public/nanumtype1/nanummjmcf.pfb></usr/share/texlive/texmf-
dist/fonts/type1/public/nanumtype1/nanummjmd0.pfb></usr/share/texlive/texmf-dis
t/fonts/type1/public/nanumtype1/nanummjmd1.pfb></usr/share/texlive/texmf-dist/f
onts/type1/public/nanumtype1/nanummjmd2.pfb></usr/share/texlive/texmf-dist/font
s/type1/public/nanumtype1/nanummjmd3.pfb></usr/share/texlive/texmf-dist/fonts/t
ype1/public/nanumtype1/nanummjmd4.pfb></usr/share/texlive/texmf-dist/fonts/type
1/public/nanumtype1/nanummjmd5.pfb></usr/share/texlive/texmf-dist/fonts/type1/p
ublic/nanumtype1/nanummjmd6.pfb></usr/share/texlive/texmf-dist/fonts/type1/publ
ic/nanumtype1/nanummjmd7.pfb>
Output written on DNN.pdf (18 pages, 4141757 bytes).
PDF statistics:
 679 PDF objects out of 1000 (max. 8388607)
 537 compressed objects within 6 object streams
 103 named destinations out of 1000 (max. 500000)
 180 words of extra memory for PDF output out of 10000 (max. 10000000)

