This is pdfTeX, Version 3.1415926-2.5-1.40.14 (TeX Live 2013/Debian) (format=pdflatex 2014.4.18)  24 OCT 2014 19:17
entering extended mode
 restricted \write18 enabled.
 %&-line parsing enabled.
**DNN_presentation.tex
(./DNN_presentation.tex
LaTeX2e <2011/06/27>
Babel <3.9h> and hyphenation patterns for 78 languages loaded.
(/usr/share/texmf/tex/latex/beamer/base/beamer.cls
(/usr/share/texmf/tex/latex/beamer/base/beamerbasercs.sty
Package: beamerbasercs 2012/11/13 (rcs-revision cb16a617839f)
)
Document Class: beamer 2012/10/15 development version 3.24 A class for typesett
ing presentations (rcs-revision 24853e6b98cf)
(/usr/share/texmf/tex/latex/beamer/base/beamerbasemodes.sty
Package: beamerbasemodes 2012/04/15 (rcs-revision cc6557182d97)
\beamer@tempbox=\box26
\beamer@tempcount=\count79
\c@beamerpauses=\count80

(/usr/share/texmf/tex/latex/beamer/base/beamerbasedecode.sty
Package: beamerbasedecode 2010/05/01 (rcs-revision efa082c6111d)
\beamer@slideinframe=\count81
\beamer@minimum=\count82
)
\beamer@commentbox=\box27
\beamer@modecount=\count83
)
(/usr/share/texlive/texmf-dist/tex/generic/oberdiek/ifpdf.sty
Package: ifpdf 2011/01/30 v2.3 Provides the ifpdf switch (HO)
Package ifpdf Info: pdfTeX in PDF mode is detected.
)
\headheight=\dimen102
\headdp=\dimen103
\footheight=\dimen104
\sidebarheight=\dimen105
\beamer@tempdim=\dimen106
\beamer@finalheight=\dimen107
\beamer@animht=\dimen108
\beamer@animdp=\dimen109
\beamer@animwd=\dimen110
\beamer@leftmargin=\dimen111
\beamer@rightmargin=\dimen112
\beamer@leftsidebar=\dimen113
\beamer@rightsidebar=\dimen114
\beamer@boxsize=\dimen115
\beamer@vboxoffset=\dimen116
\beamer@descdefault=\dimen117
\beamer@descriptionwidth=\dimen118
\beamer@lastskip=\skip41
\beamer@areabox=\box28
\beamer@animcurrent=\box29
\beamer@animshowbox=\box30
\beamer@sectionbox=\box31
\beamer@logobox=\box32
\beamer@linebox=\box33
\beamer@sectioncount=\count84
\beamer@subsubsectionmax=\count85
\beamer@subsectionmax=\count86
\beamer@sectionmax=\count87
\beamer@totalheads=\count88
\beamer@headcounter=\count89
\beamer@partstartpage=\count90
\beamer@sectionstartpage=\count91
\beamer@subsectionstartpage=\count92
\beamer@animationtempa=\count93
\beamer@animationtempb=\count94
\beamer@xpos=\count95
\beamer@ypos=\count96
\beamer@showpartnumber=\count97
\beamer@currentsubsection=\count98
\beamer@coveringdepth=\count99
\beamer@sectionadjust=\count100
\beamer@tocsectionnumber=\count101

(/usr/share/texmf/tex/latex/beamer/base/beamerbaseoptions.sty
Package: beamerbaseoptions 2010/04/27 (rcs-revision 982469101dd6)

(/usr/share/texlive/texmf-dist/tex/latex/graphics/keyval.sty
Package: keyval 1999/03/16 v1.13 key=value parser (DPC)
\KV@toks@=\toks14
))
\beamer@paperwidth=\skip42
\beamer@paperheight=\skip43

(/usr/share/texlive/texmf-dist/tex/latex/geometry/geometry.sty
Package: geometry 2010/09/12 v5.6 Page Geometry

(/usr/share/texlive/texmf-dist/tex/generic/oberdiek/ifvtex.sty
Package: ifvtex 2010/03/01 v1.5 Detect VTeX and its facilities (HO)
Package ifvtex Info: VTeX not detected.
)
(/usr/share/texlive/texmf-dist/tex/generic/ifxetex/ifxetex.sty
Package: ifxetex 2010/09/12 v0.6 Provides ifxetex conditional
)
\Gm@cnth=\count102
\Gm@cntv=\count103
\c@Gm@tempcnt=\count104
\Gm@bindingoffset=\dimen119
\Gm@wd@mp=\dimen120
\Gm@odd@mp=\dimen121
\Gm@even@mp=\dimen122
\Gm@layoutwidth=\dimen123
\Gm@layoutheight=\dimen124
\Gm@layouthoffset=\dimen125
\Gm@layoutvoffset=\dimen126
\Gm@dimlist=\toks15
)
(/usr/share/texlive/texmf-dist/tex/latex/base/size11.clo
File: size11.clo 2007/10/19 v1.4h Standard LaTeX file (size option)
)
(/usr/share/texmf/tex/latex/pgf/basiclayer/pgfcore.sty
(/usr/share/texlive/texmf-dist/tex/latex/graphics/graphicx.sty
Package: graphicx 1999/02/16 v1.0f Enhanced LaTeX Graphics (DPC,SPQR)

(/usr/share/texlive/texmf-dist/tex/latex/graphics/graphics.sty
Package: graphics 2009/02/05 v1.0o Standard LaTeX Graphics (DPC,SPQR)

(/usr/share/texlive/texmf-dist/tex/latex/graphics/trig.sty
Package: trig 1999/03/16 v1.09 sin cos tan (DPC)
)
(/usr/share/texlive/texmf-dist/tex/latex/latexconfig/graphics.cfg
File: graphics.cfg 2010/04/23 v1.9 graphics configuration of TeX Live
)
Package graphics Info: Driver file: pdftex.def on input line 91.

(/usr/share/texlive/texmf-dist/tex/latex/pdftex-def/pdftex.def
File: pdftex.def 2011/05/27 v0.06d Graphics/color for pdfTeX

(/usr/share/texlive/texmf-dist/tex/generic/oberdiek/infwarerr.sty
Package: infwarerr 2010/04/08 v1.3 Providing info/warning/error messages (HO)
)
(/usr/share/texlive/texmf-dist/tex/generic/oberdiek/ltxcmds.sty
Package: ltxcmds 2011/11/09 v1.22 LaTeX kernel commands for general use (HO)
)
\Gread@gobject=\count105
))
\Gin@req@height=\dimen127
\Gin@req@width=\dimen128
)
(/usr/share/texmf/tex/latex/pgf/systemlayer/pgfsys.sty
(/usr/share/texmf/tex/latex/pgf/utilities/pgfrcs.sty
(/usr/share/texmf/tex/generic/pgf/utilities/pgfutil-common.tex
\pgfutil@everybye=\toks16
)
(/usr/share/texmf/tex/generic/pgf/utilities/pgfutil-latex.def
\pgfutil@abb=\box34

(/usr/share/texlive/texmf-dist/tex/latex/ms/everyshi.sty
Package: everyshi 2001/05/15 v3.00 EveryShipout Package (MS)
))
(/usr/share/texmf/tex/generic/pgf/utilities/pgfrcs.code.tex
Package: pgfrcs 2010/10/25 v2.10 (rcs-revision 1.24)
))
(/usr/share/texmf/tex/generic/pgf/systemlayer/pgfsys.code.tex
Package: pgfsys 2010/06/30 v2.10 (rcs-revision 1.37)

(/usr/share/texmf/tex/generic/pgf/utilities/pgfkeys.code.tex
\pgfkeys@pathtoks=\toks17
\pgfkeys@temptoks=\toks18

(/usr/share/texmf/tex/generic/pgf/utilities/pgfkeysfiltered.code.tex
\pgfkeys@tmptoks=\toks19
))
\pgf@x=\dimen129
\pgf@y=\dimen130
\pgf@xa=\dimen131
\pgf@ya=\dimen132
\pgf@xb=\dimen133
\pgf@yb=\dimen134
\pgf@xc=\dimen135
\pgf@yc=\dimen136
\w@pgf@writea=\write3
\r@pgf@reada=\read1
\c@pgf@counta=\count106
\c@pgf@countb=\count107
\c@pgf@countc=\count108
\c@pgf@countd=\count109

(/usr/share/texmf/tex/generic/pgf/systemlayer/pgf.cfg
File: pgf.cfg 2008/05/14  (rcs-revision 1.7)
)
Package pgfsys Info: Driver file for pgf: pgfsys-pdftex.def on input line 900.

(/usr/share/texmf/tex/generic/pgf/systemlayer/pgfsys-pdftex.def
File: pgfsys-pdftex.def 2009/05/22  (rcs-revision 1.26)

(/usr/share/texmf/tex/generic/pgf/systemlayer/pgfsys-common-pdf.def
File: pgfsys-common-pdf.def 2008/05/19  (rcs-revision 1.10)
)))
(/usr/share/texmf/tex/generic/pgf/systemlayer/pgfsyssoftpath.code.tex
File: pgfsyssoftpath.code.tex 2008/07/18  (rcs-revision 1.7)
\pgfsyssoftpath@smallbuffer@items=\count110
\pgfsyssoftpath@bigbuffer@items=\count111
)
(/usr/share/texmf/tex/generic/pgf/systemlayer/pgfsysprotocol.code.tex
File: pgfsysprotocol.code.tex 2006/10/16  (rcs-revision 1.4)
))
(/usr/share/texmf/tex/latex/xcolor/xcolor.sty
Package: xcolor 2007/01/21 v2.11 LaTeX color extensions (UK)

(/usr/share/texlive/texmf-dist/tex/latex/latexconfig/color.cfg
File: color.cfg 2007/01/18 v1.5 color configuration of teTeX/TeXLive
)
Package xcolor Info: Driver file: pdftex.def on input line 225.
Package xcolor Info: Model `cmy' substituted by `cmy0' on input line 1337.
Package xcolor Info: Model `hsb' substituted by `rgb' on input line 1341.
Package xcolor Info: Model `RGB' extended on input line 1353.
Package xcolor Info: Model `HTML' substituted by `rgb' on input line 1355.
Package xcolor Info: Model `Hsb' substituted by `hsb' on input line 1356.
Package xcolor Info: Model `tHsb' substituted by `hsb' on input line 1357.
Package xcolor Info: Model `HSB' substituted by `hsb' on input line 1358.
Package xcolor Info: Model `Gray' substituted by `gray' on input line 1359.
Package xcolor Info: Model `wave' substituted by `hsb' on input line 1360.
)
(/usr/share/texmf/tex/generic/pgf/basiclayer/pgfcore.code.tex
Package: pgfcore 2010/04/11 v2.10 (rcs-revision 1.7)

(/usr/share/texmf/tex/generic/pgf/math/pgfmath.code.tex
(/usr/share/texmf/tex/generic/pgf/math/pgfmathcalc.code.tex
(/usr/share/texmf/tex/generic/pgf/math/pgfmathutil.code.tex)
(/usr/share/texmf/tex/generic/pgf/math/pgfmathparser.code.tex
\pgfmath@dimen=\dimen137
\pgfmath@count=\count112
\pgfmath@box=\box35
\pgfmath@toks=\toks20
\pgfmath@stack@operand=\toks21
\pgfmath@stack@operation=\toks22
)
(/usr/share/texmf/tex/generic/pgf/math/pgfmathfunctions.code.tex
(/usr/share/texmf/tex/generic/pgf/math/pgfmathfunctions.basic.code.tex)
(/usr/share/texmf/tex/generic/pgf/math/pgfmathfunctions.trigonometric.code.tex)
(/usr/share/texmf/tex/generic/pgf/math/pgfmathfunctions.random.code.tex)
(/usr/share/texmf/tex/generic/pgf/math/pgfmathfunctions.comparison.code.tex)
(/usr/share/texmf/tex/generic/pgf/math/pgfmathfunctions.base.code.tex)
(/usr/share/texmf/tex/generic/pgf/math/pgfmathfunctions.round.code.tex)
(/usr/share/texmf/tex/generic/pgf/math/pgfmathfunctions.misc.code.tex)))
(/usr/share/texmf/tex/generic/pgf/math/pgfmathfloat.code.tex
\c@pgfmathroundto@lastzeros=\count113
))
(/usr/share/texmf/tex/generic/pgf/basiclayer/pgfcorepoints.code.tex
File: pgfcorepoints.code.tex 2010/04/09  (rcs-revision 1.20)
\pgf@picminx=\dimen138
\pgf@picmaxx=\dimen139
\pgf@picminy=\dimen140
\pgf@picmaxy=\dimen141
\pgf@pathminx=\dimen142
\pgf@pathmaxx=\dimen143
\pgf@pathminy=\dimen144
\pgf@pathmaxy=\dimen145
\pgf@xx=\dimen146
\pgf@xy=\dimen147
\pgf@yx=\dimen148
\pgf@yy=\dimen149
\pgf@zx=\dimen150
\pgf@zy=\dimen151
)
(/usr/share/texmf/tex/generic/pgf/basiclayer/pgfcorepathconstruct.code.tex
File: pgfcorepathconstruct.code.tex 2010/08/03  (rcs-revision 1.24)
\pgf@path@lastx=\dimen152
\pgf@path@lasty=\dimen153
)
(/usr/share/texmf/tex/generic/pgf/basiclayer/pgfcorepathusage.code.tex
File: pgfcorepathusage.code.tex 2008/04/22  (rcs-revision 1.12)
\pgf@shorten@end@additional=\dimen154
\pgf@shorten@start@additional=\dimen155
)
(/usr/share/texmf/tex/generic/pgf/basiclayer/pgfcorescopes.code.tex
File: pgfcorescopes.code.tex 2010/09/08  (rcs-revision 1.34)
\pgfpic=\box36
\pgf@hbox=\box37
\pgf@layerbox@main=\box38
\pgf@picture@serial@count=\count114
)
(/usr/share/texmf/tex/generic/pgf/basiclayer/pgfcoregraphicstate.code.tex
File: pgfcoregraphicstate.code.tex 2008/04/22  (rcs-revision 1.9)
\pgflinewidth=\dimen156
)
(/usr/share/texmf/tex/generic/pgf/basiclayer/pgfcoretransformations.code.tex
File: pgfcoretransformations.code.tex 2009/06/10  (rcs-revision 1.11)
\pgf@pt@x=\dimen157
\pgf@pt@y=\dimen158
\pgf@pt@temp=\dimen159
)
(/usr/share/texmf/tex/generic/pgf/basiclayer/pgfcorequick.code.tex
File: pgfcorequick.code.tex 2008/10/09  (rcs-revision 1.3)
)
(/usr/share/texmf/tex/generic/pgf/basiclayer/pgfcoreobjects.code.tex
File: pgfcoreobjects.code.tex 2006/10/11  (rcs-revision 1.2)
)
(/usr/share/texmf/tex/generic/pgf/basiclayer/pgfcorepathprocessing.code.tex
File: pgfcorepathprocessing.code.tex 2008/10/09  (rcs-revision 1.8)
)
(/usr/share/texmf/tex/generic/pgf/basiclayer/pgfcorearrows.code.tex
File: pgfcorearrows.code.tex 2008/04/23  (rcs-revision 1.11)
)
(/usr/share/texmf/tex/generic/pgf/basiclayer/pgfcoreshade.code.tex
File: pgfcoreshade.code.tex 2008/11/23  (rcs-revision 1.13)
\pgf@max=\dimen160
\pgf@sys@shading@range@num=\count115
)
(/usr/share/texmf/tex/generic/pgf/basiclayer/pgfcoreimage.code.tex
File: pgfcoreimage.code.tex 2010/03/25  (rcs-revision 1.16)

(/usr/share/texmf/tex/generic/pgf/basiclayer/pgfcoreexternal.code.tex
File: pgfcoreexternal.code.tex 2010/09/01  (rcs-revision 1.17)
\pgfexternal@startupbox=\box39
))
(/usr/share/texmf/tex/generic/pgf/basiclayer/pgfcorelayers.code.tex
File: pgfcorelayers.code.tex 2010/08/27  (rcs-revision 1.2)
)
(/usr/share/texmf/tex/generic/pgf/basiclayer/pgfcoretransparency.code.tex
File: pgfcoretransparency.code.tex 2008/01/17  (rcs-revision 1.2)
)
(/usr/share/texmf/tex/generic/pgf/basiclayer/pgfcorepatterns.code.tex
File: pgfcorepatterns.code.tex 2009/07/02  (rcs-revision 1.3)
)))
(/usr/share/texmf/tex/latex/pgf/utilities/xxcolor.sty
Package: xxcolor 2003/10/24 ver 0.1
\XC@nummixins=\count116
\XC@countmixins=\count117
)
(/usr/share/texlive/texmf-dist/tex/latex/hyperref/hyperref.sty
Package: hyperref 2012/11/06 v6.83m Hypertext links for LaTeX

(/usr/share/texlive/texmf-dist/tex/generic/oberdiek/hobsub-hyperref.sty
Package: hobsub-hyperref 2012/05/28 v1.13 Bundle oberdiek, subset hyperref (HO)


(/usr/share/texlive/texmf-dist/tex/generic/oberdiek/hobsub-generic.sty
Package: hobsub-generic 2012/05/28 v1.13 Bundle oberdiek, subset generic (HO)
Package: hobsub 2012/05/28 v1.13 Construct package bundles (HO)
Package hobsub Info: Skipping package `infwarerr' (already loaded).
Package hobsub Info: Skipping package `ltxcmds' (already loaded).
Package: ifluatex 2010/03/01 v1.3 Provides the ifluatex switch (HO)
Package ifluatex Info: LuaTeX not detected.
Package hobsub Info: Skipping package `ifvtex' (already loaded).
Package: intcalc 2007/09/27 v1.1 Expandable calculations with integers (HO)
Package hobsub Info: Skipping package `ifpdf' (already loaded).
Package: etexcmds 2011/02/16 v1.5 Avoid name clashes with e-TeX commands (HO)
Package etexcmds Info: Could not find \expanded.
(etexcmds)             That can mean that you are not using pdfTeX 1.50 or
(etexcmds)             that some package has redefined \expanded.
(etexcmds)             In the latter case, load this package earlier.
Package: kvsetkeys 2012/04/25 v1.16 Key value parser (HO)
Package: kvdefinekeys 2011/04/07 v1.3 Define keys (HO)
Package: pdftexcmds 2011/11/29 v0.20 Utility functions of pdfTeX for LuaTeX (HO
)
Package pdftexcmds Info: LuaTeX not detected.
Package pdftexcmds Info: \pdf@primitive is available.
Package pdftexcmds Info: \pdf@ifprimitive is available.
Package pdftexcmds Info: \pdfdraftmode found.
Package: pdfescape 2011/11/25 v1.13 Implements pdfTeX's escape features (HO)
Package: bigintcalc 2012/04/08 v1.3 Expandable calculations on big integers (HO
)
Package: bitset 2011/01/30 v1.1 Handle bit-vector datatype (HO)
Package: uniquecounter 2011/01/30 v1.2 Provide unlimited unique counter (HO)
)
Package hobsub Info: Skipping package `hobsub' (already loaded).
Package: letltxmacro 2010/09/02 v1.4 Let assignment for LaTeX macros (HO)
Package: hopatch 2012/05/28 v1.2 Wrapper for package hooks (HO)
Package: xcolor-patch 2011/01/30 xcolor patch
Package: atveryend 2011/06/30 v1.8 Hooks at the very end of document (HO)
Package atveryend Info: \enddocument detected (standard20110627).
Package: atbegshi 2011/10/05 v1.16 At begin shipout hook (HO)
Package: refcount 2011/10/16 v3.4 Data extraction from label references (HO)
Package: hycolor 2011/01/30 v1.7 Color options for hyperref/bookmark (HO)
)
(/usr/share/texlive/texmf-dist/tex/latex/oberdiek/auxhook.sty
Package: auxhook 2011/03/04 v1.3 Hooks for auxiliary files (HO)
)
(/usr/share/texlive/texmf-dist/tex/latex/oberdiek/kvoptions.sty
Package: kvoptions 2011/06/30 v3.11 Key value format for package options (HO)
)
\@linkdim=\dimen161
\Hy@linkcounter=\count118
\Hy@pagecounter=\count119

(/usr/share/texlive/texmf-dist/tex/latex/hyperref/pd1enc.def
File: pd1enc.def 2012/11/06 v6.83m Hyperref: PDFDocEncoding definition (HO)
)
\Hy@SavedSpaceFactor=\count120

(/usr/share/texlive/texmf-dist/tex/latex/latexconfig/hyperref.cfg
File: hyperref.cfg 2002/06/06 v1.2 hyperref configuration of TeXLive
)
Package hyperref Info: Option `bookmarks' set `true' on input line 4319.
Package hyperref Info: Option `bookmarksopen' set `true' on input line 4319.
Package hyperref Info: Option `implicit' set `false' on input line 4319.
Package hyperref Info: Hyper figures OFF on input line 4443.
Package hyperref Info: Link nesting OFF on input line 4448.
Package hyperref Info: Hyper index ON on input line 4451.
Package hyperref Info: Plain pages OFF on input line 4458.
Package hyperref Info: Backreferencing OFF on input line 4463.
Package hyperref Info: Implicit mode OFF; no redefinition of LaTeX internals.
Package hyperref Info: Bookmarks ON on input line 4688.
\c@Hy@tempcnt=\count121

(/usr/share/texlive/texmf-dist/tex/latex/url/url.sty
\Urlmuskip=\muskip10
Package: url 2013/09/16  ver 3.4  Verb mode for urls, etc.
)
LaTeX Info: Redefining \url on input line 5041.
\XeTeXLinkMargin=\dimen162
\Fld@menulength=\count122
\Field@Width=\dimen163
\Fld@charsize=\dimen164
Package hyperref Info: Hyper figures OFF on input line 6295.
Package hyperref Info: Link nesting OFF on input line 6300.
Package hyperref Info: Hyper index ON on input line 6303.
Package hyperref Info: backreferencing OFF on input line 6310.
Package hyperref Info: Link coloring OFF on input line 6315.
Package hyperref Info: Link coloring with OCG OFF on input line 6320.
Package hyperref Info: PDF/A mode OFF on input line 6325.
LaTeX Info: Redefining \ref on input line 6365.
LaTeX Info: Redefining \pageref on input line 6369.
\Hy@abspage=\count123


Package hyperref Message: Stopped early.

)

Package hyperref Message: Driver (autodetected): hpdftex.

(/usr/share/texlive/texmf-dist/tex/latex/hyperref/hpdftex.def
File: hpdftex.def 2012/11/06 v6.83m Hyperref driver for pdfTeX
\Fld@listcount=\count124
\c@bookmark@seq@number=\count125

(/usr/share/texlive/texmf-dist/tex/latex/oberdiek/rerunfilecheck.sty
Package: rerunfilecheck 2011/04/15 v1.7 Rerun checks for auxiliary files (HO)
Package uniquecounter Info: New unique counter `rerunfilecheck' on input line 2
82.
))
(/usr/share/texmf/tex/latex/beamer/base/beamerbaserequires.sty
Package: beamerbaserequires 2010/05/01  (rcs-revision efa082c6111d)

(/usr/share/texmf/tex/latex/beamer/base/beamerbasecompatibility.sty
Package: beamerbasecompatibility 2012/05/01  (rcs-revision 67c48b3b652d)
)
(/usr/share/texmf/tex/latex/beamer/base/beamerbasefont.sty
Package: beamerbasefont 2012/09/19  (rcs-revision 733629cd0c6c)

(/usr/share/texlive/texmf-dist/tex/latex/amsfonts/amssymb.sty
Package: amssymb 2013/01/14 v3.01 AMS font symbols

(/usr/share/texlive/texmf-dist/tex/latex/amsfonts/amsfonts.sty
Package: amsfonts 2013/01/14 v3.01 Basic AMSFonts support
\@emptytoks=\toks23
\symAMSa=\mathgroup4
\symAMSb=\mathgroup5
LaTeX Font Info:    Overwriting math alphabet `\mathfrak' in version `bold'
(Font)                  U/euf/m/n --> U/euf/b/n on input line 106.
)))
(/usr/share/texmf/tex/latex/beamer/base/beamerbasetranslator.sty
Package: beamerbasetranslator 2010/06/11  (rcs-revision 85fd1cc7fc42)

(/usr/share/texmf/tex/latex/beamer/base/translator/translator.sty
Package: translator 2010/06/12 ver 1.10

(/usr/share/texmf/tex/latex/beamer/base/translator/translator-language-mappings
.tex))) (/usr/share/texmf/tex/latex/beamer/base/beamerbasemisc.sty
Package: beamerbasemisc 2012/02/24  (rcs-revision 2ff5461be705)
)
(/usr/share/texmf/tex/latex/beamer/base/beamerbasetwoscreens.sty
Package: beamerbasetwoscreens 2010/05/01  (rcs-revision efa082c6111d)
)
(/usr/share/texmf/tex/latex/beamer/base/beamerbaseoverlay.sty
Package: beamerbaseoverlay 2012/11/11  (rcs-revision 6afbc49b1109)
\beamer@argscount=\count126
\beamer@lastskipcover=\skip44
\beamer@trivlistdepth=\count127
)
(/usr/share/texmf/tex/latex/beamer/base/beamerbasetitle.sty
Package: beamerbasetitle 2010/09/21  (rcs-revision f0446ed0b6ae)
)
(/usr/share/texmf/tex/latex/beamer/base/beamerbasesection.sty
Package: beamerbasesection 2012/11/11  (rcs-revision 0056eef6f17f)
\c@lecture=\count128
\c@part=\count129
\c@section=\count130
\c@subsection=\count131
\c@subsubsection=\count132
)
(/usr/share/texmf/tex/latex/beamer/base/beamerbaseframe.sty
Package: beamerbaseframe 2012/09/13  (rcs-revision dcd846607320)
\beamer@framebox=\box40
\beamer@frametitlebox=\box41
\beamer@zoombox=\box42
\beamer@zoomcount=\count133
\beamer@zoomframecount=\count134
\beamer@frametextheight=\dimen165
\c@subsectionslide=\count135
\beamer@frametopskip=\skip45
\beamer@framebottomskip=\skip46
\beamer@frametopskipautobreak=\skip47
\beamer@framebottomskipautobreak=\skip48
\beamer@envbody=\toks24
\framewidth=\dimen166
\c@framenumber=\count136
)
(/usr/share/texmf/tex/latex/beamer/base/beamerbaseverbatim.sty
Package: beamerbaseverbatim 2012/08/30  (rcs-revision dfdb135076b3)
\beamer@verbatimfileout=\write4
)
(/usr/share/texmf/tex/latex/beamer/base/beamerbaseframesize.sty
Package: beamerbaseframesize 2011/09/12  (rcs-revision 70f9d8411e54)
\beamer@splitbox=\box43
\beamer@autobreakcount=\count137
\beamer@autobreaklastheight=\dimen167
\beamer@frametitletoks=\toks25
\beamer@framesubtitletoks=\toks26
)
(/usr/share/texmf/tex/latex/beamer/base/beamerbaseframecomponents.sty
Package: beamerbaseframecomponents 2012/09/13  (rcs-revision dcd846607320)
\beamer@footins=\box44
)
(/usr/share/texmf/tex/latex/beamer/base/beamerbasecolor.sty
Package: beamerbasecolor 2010/06/06  (rcs-revision d1a9b48be06d)
)
(/usr/share/texmf/tex/latex/beamer/base/beamerbasenotes.sty
Package: beamerbasenotes 2010/05/01  (rcs-revision efa082c6111d)
\beamer@frameboxcopy=\box45
)
(/usr/share/texmf/tex/latex/beamer/base/beamerbasetoc.sty
Package: beamerbasetoc 2012/10/02  (rcs-revision 5ed0f4010e8a)
)
(/usr/share/texmf/tex/latex/beamer/base/beamerbasetemplates.sty
Package: beamerbasetemplates 2010/05/01  (rcs-revision efa082c6111d)
\beamer@sbttoks=\toks27

(/usr/share/texmf/tex/latex/beamer/base/beamerbaseauxtemplates.sty
Package: beamerbaseauxtemplates 2012/05/01  (rcs-revision 67c48b3b652d)

(/usr/share/texmf/tex/latex/beamer/base/beamerbaseboxes.sty
Package: beamerbaseboxes 2012/05/13  (rcs-revision 56972908a390)
\bmb@box=\box46
\bmb@colorbox=\box47
\bmb@boxshadow=\box48
\bmb@boxshadowball=\box49
\bmb@boxshadowballlarge=\box50
\bmb@temp=\dimen168
\bmb@dima=\dimen169
\bmb@dimb=\dimen170
\bmb@prevheight=\dimen171
)
\beamer@blockheadheight=\dimen172
))
(/usr/share/texmf/tex/latex/beamer/base/beamerbaselocalstructure.sty
Package: beamerbaselocalstructure 2012/11/13  (rcs-revision ddfba79dac19)

(/usr/share/texlive/texmf-dist/tex/latex/tools/enumerate.sty
Package: enumerate 1999/03/05 v3.00 enumerate extensions (DPC)
\@enLab=\toks28
)
\c@figure=\count138
\c@table=\count139
\abovecaptionskip=\skip49
\belowcaptionskip=\skip50
)
(/usr/share/texmf/tex/latex/beamer/base/beamerbasenavigation.sty
Package: beamerbasenavigation 2012/04/03  (rcs-revision 42a0f21a412d)
\beamer@section@min@dim=\dimen173
)
(/usr/share/texmf/tex/latex/beamer/base/beamerbasetheorems.sty
Package: beamerbasetheorems 2010/06/06  (rcs-revision 7e7cc5e53e9d)

(/usr/share/texlive/texmf-dist/tex/latex/amsmath/amsmath.sty
Package: amsmath 2013/01/14 v2.14 AMS math features
\@mathmargin=\skip51

For additional information on amsmath, use the `?' option.
(/usr/share/texlive/texmf-dist/tex/latex/amsmath/amstext.sty
Package: amstext 2000/06/29 v2.01

(/usr/share/texlive/texmf-dist/tex/latex/amsmath/amsgen.sty
File: amsgen.sty 1999/11/30 v2.0
\@emptytoks=\toks29
\ex@=\dimen174
))
(/usr/share/texlive/texmf-dist/tex/latex/amsmath/amsbsy.sty
Package: amsbsy 1999/11/29 v1.2d
\pmbraise@=\dimen175
)
(/usr/share/texlive/texmf-dist/tex/latex/amsmath/amsopn.sty
Package: amsopn 1999/12/14 v2.01 operator names
)
\inf@bad=\count140
LaTeX Info: Redefining \frac on input line 210.
\uproot@=\count141
\leftroot@=\count142
LaTeX Info: Redefining \overline on input line 306.
\classnum@=\count143
\DOTSCASE@=\count144
LaTeX Info: Redefining \ldots on input line 378.
LaTeX Info: Redefining \dots on input line 381.
LaTeX Info: Redefining \cdots on input line 466.
\Mathstrutbox@=\box51
\strutbox@=\box52
\big@size=\dimen176
LaTeX Font Info:    Redeclaring font encoding OML on input line 566.
LaTeX Font Info:    Redeclaring font encoding OMS on input line 567.
\macc@depth=\count145
\c@MaxMatrixCols=\count146
\dotsspace@=\muskip11
\c@parentequation=\count147
\dspbrk@lvl=\count148
\tag@help=\toks30
\row@=\count149
\column@=\count150
\maxfields@=\count151
\andhelp@=\toks31
\eqnshift@=\dimen177
\alignsep@=\dimen178
\tagshift@=\dimen179
\tagwidth@=\dimen180
\totwidth@=\dimen181
\lineht@=\dimen182
\@envbody=\toks32
\multlinegap=\skip52
\multlinetaggap=\skip53
\mathdisplay@stack=\toks33
LaTeX Info: Redefining \[ on input line 2665.
LaTeX Info: Redefining \] on input line 2666.
)
(/usr/share/texlive/texmf-dist/tex/latex/amscls/amsthm.sty
Package: amsthm 2004/08/06 v2.20
\thm@style=\toks34
\thm@bodyfont=\toks35
\thm@headfont=\toks36
\thm@notefont=\toks37
\thm@headpunct=\toks38
\thm@preskip=\skip54
\thm@postskip=\skip55
\thm@headsep=\skip56
\dth@everypar=\toks39
)
\c@theorem=\count152
)
(/usr/share/texmf/tex/latex/beamer/base/beamerbasethemes.sty
Package: beamerbasethemes 2010/05/01  (rcs-revision efa082c6111d)
))
(/usr/share/texmf/tex/latex/beamer/base/themes/theme/beamerthemedefault.sty
Package: beamerthemedefault 2010/06/17  (rcs-revision d02a7cf4d8ae)

(/usr/share/texmf/tex/latex/beamer/base/themes/font/beamerfontthemedefault.sty
Package: beamerfontthemedefault 2010/06/17  (rcs-revision d02a7cf4d8ae)
)
(/usr/share/texmf/tex/latex/beamer/base/themes/color/beamercolorthemedefault.st
y
Package: beamercolorthemedefault 2010/06/17  (rcs-revision d02a7cf4d8ae)
)
(/usr/share/texmf/tex/latex/beamer/base/themes/inner/beamerinnerthemedefault.st
y
Package: beamerinnerthemedefault 2012/05/01  (rcs-revision 67c48b3b652d)
\beamer@dima=\dimen183
\beamer@dimb=\dimen184
)
(/usr/share/texmf/tex/latex/beamer/base/themes/outer/beamerouterthemedefault.st
y
Package: beamerouterthemedefault 2012/10/02  (rcs-revision 5ed0f4010e8a)
)))
(/usr/share/texmf/tex/latex/beamer/base/themes/theme/beamerthemeCambridgeUS.sty
Package: beamerthemeCambridgeUS 2010/06/17  (rcs-revision d02a7cf4d8ae)

(/usr/share/texmf/tex/latex/beamer/base/themes/inner/beamerinnerthemerounded.st
y
Package: beamerinnerthemerounded 2010/06/17  (rcs-revision d02a7cf4d8ae)
)
(/usr/share/texmf/tex/latex/beamer/base/themes/outer/beamerouterthemeinfolines.
sty
Package: beamerouterthemeinfolines 2012/10/16  (rcs-revision 51a8c72084af)
)
(/usr/share/texmf/tex/latex/beamer/base/themes/color/beamercolorthemebeaver.sty
Package: beamercolorthemebeaver 2010/06/17  (rcs-revision d02a7cf4d8ae)
)) (/usr/share/texlive/texmf-dist/tex/latex/natbib/natbib.sty
Package: natbib 2010/09/13 8.31b (PWD, AO)
\bibhang=\skip57
\bibsep=\skip58
LaTeX Info: Redefining \cite on input line 694.
\c@NAT@ctr=\count153
)
(/usr/share/texlive/texmf-dist/tex/latex/cjk-ko/kotex.sty
Package: kotex 2013/03/23 v1.1 Korean TeX (ko.TeX)

(/usr/share/texlive/texmf-dist/tex/latex/kotex-utf/kotex.cfg)
(/usr/share/texlive/texmf-dist/tex/latex/kotex-utf/kotexutf.sty
Package: kotexutf 2013/10/20 v1.5 typesetting UTF-8 Korean documents

(/usr/share/texlive/texmf-dist/tex/latex/base/inputenc.sty
Package: inputenc 2008/03/30 v1.1d Input encoding file
\inpenc@prehook=\toks40
\inpenc@posthook=\toks41

(/usr/share/texlive/texmf-dist/tex/latex/base/utf8.def
File: utf8.def 2008/04/05 v1.1m UTF-8 support for inputenc
Now handling font encoding OML ...
... no UTF-8 mapping file for font encoding OML
Now handling font encoding T1 ...
... processing UTF-8 mapping file for font encoding T1

(/usr/share/texlive/texmf-dist/tex/latex/base/t1enc.dfu
File: t1enc.dfu 2008/04/05 v1.1m UTF-8 support for inputenc
   defining Unicode char U+00A1 (decimal 161)
   defining Unicode char U+00A3 (decimal 163)
   defining Unicode char U+00AB (decimal 171)
   defining Unicode char U+00BB (decimal 187)
   defining Unicode char U+00BF (decimal 191)
   defining Unicode char U+00C0 (decimal 192)
   defining Unicode char U+00C1 (decimal 193)
   defining Unicode char U+00C2 (decimal 194)
   defining Unicode char U+00C3 (decimal 195)
   defining Unicode char U+00C4 (decimal 196)
   defining Unicode char U+00C5 (decimal 197)
   defining Unicode char U+00C6 (decimal 198)
   defining Unicode char U+00C7 (decimal 199)
   defining Unicode char U+00C8 (decimal 200)
   defining Unicode char U+00C9 (decimal 201)
   defining Unicode char U+00CA (decimal 202)
   defining Unicode char U+00CB (decimal 203)
   defining Unicode char U+00CC (decimal 204)
   defining Unicode char U+00CD (decimal 205)
   defining Unicode char U+00CE (decimal 206)
   defining Unicode char U+00CF (decimal 207)
   defining Unicode char U+00D0 (decimal 208)
   defining Unicode char U+00D1 (decimal 209)
   defining Unicode char U+00D2 (decimal 210)
   defining Unicode char U+00D3 (decimal 211)
   defining Unicode char U+00D4 (decimal 212)
   defining Unicode char U+00D5 (decimal 213)
   defining Unicode char U+00D6 (decimal 214)
   defining Unicode char U+00D8 (decimal 216)
   defining Unicode char U+00D9 (decimal 217)
   defining Unicode char U+00DA (decimal 218)
   defining Unicode char U+00DB (decimal 219)
   defining Unicode char U+00DC (decimal 220)
   defining Unicode char U+00DD (decimal 221)
   defining Unicode char U+00DE (decimal 222)
   defining Unicode char U+00DF (decimal 223)
   defining Unicode char U+00E0 (decimal 224)
   defining Unicode char U+00E1 (decimal 225)
   defining Unicode char U+00E2 (decimal 226)
   defining Unicode char U+00E3 (decimal 227)
   defining Unicode char U+00E4 (decimal 228)
   defining Unicode char U+00E5 (decimal 229)
   defining Unicode char U+00E6 (decimal 230)
   defining Unicode char U+00E7 (decimal 231)
   defining Unicode char U+00E8 (decimal 232)
   defining Unicode char U+00E9 (decimal 233)
   defining Unicode char U+00EA (decimal 234)
   defining Unicode char U+00EB (decimal 235)
   defining Unicode char U+00EC (decimal 236)
   defining Unicode char U+00ED (decimal 237)
   defining Unicode char U+00EE (decimal 238)
   defining Unicode char U+00EF (decimal 239)
   defining Unicode char U+00F0 (decimal 240)
   defining Unicode char U+00F1 (decimal 241)
   defining Unicode char U+00F2 (decimal 242)
   defining Unicode char U+00F3 (decimal 243)
   defining Unicode char U+00F4 (decimal 244)
   defining Unicode char U+00F5 (decimal 245)
   defining Unicode char U+00F6 (decimal 246)
   defining Unicode char U+00F8 (decimal 248)
   defining Unicode char U+00F9 (decimal 249)
   defining Unicode char U+00FA (decimal 250)
   defining Unicode char U+00FB (decimal 251)
   defining Unicode char U+00FC (decimal 252)
   defining Unicode char U+00FD (decimal 253)
   defining Unicode char U+00FE (decimal 254)
   defining Unicode char U+00FF (decimal 255)
   defining Unicode char U+0102 (decimal 258)
   defining Unicode char U+0103 (decimal 259)
   defining Unicode char U+0104 (decimal 260)
   defining Unicode char U+0105 (decimal 261)
   defining Unicode char U+0106 (decimal 262)
   defining Unicode char U+0107 (decimal 263)
   defining Unicode char U+010C (decimal 268)
   defining Unicode char U+010D (decimal 269)
   defining Unicode char U+010E (decimal 270)
   defining Unicode char U+010F (decimal 271)
   defining Unicode char U+0110 (decimal 272)
   defining Unicode char U+0111 (decimal 273)
   defining Unicode char U+0118 (decimal 280)
   defining Unicode char U+0119 (decimal 281)
   defining Unicode char U+011A (decimal 282)
   defining Unicode char U+011B (decimal 283)
   defining Unicode char U+011E (decimal 286)
   defining Unicode char U+011F (decimal 287)
   defining Unicode char U+0130 (decimal 304)
   defining Unicode char U+0131 (decimal 305)
   defining Unicode char U+0132 (decimal 306)
   defining Unicode char U+0133 (decimal 307)
   defining Unicode char U+0139 (decimal 313)
   defining Unicode char U+013A (decimal 314)
   defining Unicode char U+013D (decimal 317)
   defining Unicode char U+013E (decimal 318)
   defining Unicode char U+0141 (decimal 321)
   defining Unicode char U+0142 (decimal 322)
   defining Unicode char U+0143 (decimal 323)
   defining Unicode char U+0144 (decimal 324)
   defining Unicode char U+0147 (decimal 327)
   defining Unicode char U+0148 (decimal 328)
   defining Unicode char U+014A (decimal 330)
   defining Unicode char U+014B (decimal 331)
   defining Unicode char U+0150 (decimal 336)
   defining Unicode char U+0151 (decimal 337)
   defining Unicode char U+0152 (decimal 338)
   defining Unicode char U+0153 (decimal 339)
   defining Unicode char U+0154 (decimal 340)
   defining Unicode char U+0155 (decimal 341)
   defining Unicode char U+0158 (decimal 344)
   defining Unicode char U+0159 (decimal 345)
   defining Unicode char U+015A (decimal 346)
   defining Unicode char U+015B (decimal 347)
   defining Unicode char U+015E (decimal 350)
   defining Unicode char U+015F (decimal 351)
   defining Unicode char U+0160 (decimal 352)
   defining Unicode char U+0161 (decimal 353)
   defining Unicode char U+0162 (decimal 354)
   defining Unicode char U+0163 (decimal 355)
   defining Unicode char U+0164 (decimal 356)
   defining Unicode char U+0165 (decimal 357)
   defining Unicode char U+016E (decimal 366)
   defining Unicode char U+016F (decimal 367)
   defining Unicode char U+0170 (decimal 368)
   defining Unicode char U+0171 (decimal 369)
   defining Unicode char U+0178 (decimal 376)
   defining Unicode char U+0179 (decimal 377)
   defining Unicode char U+017A (decimal 378)
   defining Unicode char U+017B (decimal 379)
   defining Unicode char U+017C (decimal 380)
   defining Unicode char U+017D (decimal 381)
   defining Unicode char U+017E (decimal 382)
   defining Unicode char U+200C (decimal 8204)
   defining Unicode char U+2013 (decimal 8211)
   defining Unicode char U+2014 (decimal 8212)
   defining Unicode char U+2018 (decimal 8216)
   defining Unicode char U+2019 (decimal 8217)
   defining Unicode char U+201A (decimal 8218)
   defining Unicode char U+201C (decimal 8220)
   defining Unicode char U+201D (decimal 8221)
   defining Unicode char U+201E (decimal 8222)
   defining Unicode char U+2030 (decimal 8240)
   defining Unicode char U+2031 (decimal 8241)
   defining Unicode char U+2039 (decimal 8249)
   defining Unicode char U+203A (decimal 8250)
   defining Unicode char U+2423 (decimal 9251)
)
Now handling font encoding OT1 ...
... processing UTF-8 mapping file for font encoding OT1

(/usr/share/texlive/texmf-dist/tex/latex/base/ot1enc.dfu
File: ot1enc.dfu 2008/04/05 v1.1m UTF-8 support for inputenc
   defining Unicode char U+00A1 (decimal 161)
   defining Unicode char U+00A3 (decimal 163)
   defining Unicode char U+00B8 (decimal 184)
   defining Unicode char U+00BF (decimal 191)
   defining Unicode char U+00C5 (decimal 197)
   defining Unicode char U+00C6 (decimal 198)
   defining Unicode char U+00D8 (decimal 216)
   defining Unicode char U+00DF (decimal 223)
   defining Unicode char U+00E6 (decimal 230)
   defining Unicode char U+00EC (decimal 236)
   defining Unicode char U+00ED (decimal 237)
   defining Unicode char U+00EE (decimal 238)
   defining Unicode char U+00EF (decimal 239)
   defining Unicode char U+00F8 (decimal 248)
   defining Unicode char U+0131 (decimal 305)
   defining Unicode char U+0141 (decimal 321)
   defining Unicode char U+0142 (decimal 322)
   defining Unicode char U+0152 (decimal 338)
   defining Unicode char U+0153 (decimal 339)
   defining Unicode char U+2013 (decimal 8211)
   defining Unicode char U+2014 (decimal 8212)
   defining Unicode char U+2018 (decimal 8216)
   defining Unicode char U+2019 (decimal 8217)
   defining Unicode char U+201C (decimal 8220)
   defining Unicode char U+201D (decimal 8221)
)
Now handling font encoding OMS ...
... processing UTF-8 mapping file for font encoding OMS

(/usr/share/texlive/texmf-dist/tex/latex/base/omsenc.dfu
File: omsenc.dfu 2008/04/05 v1.1m UTF-8 support for inputenc
   defining Unicode char U+00A7 (decimal 167)
   defining Unicode char U+00B6 (decimal 182)
   defining Unicode char U+00B7 (decimal 183)
   defining Unicode char U+2020 (decimal 8224)
   defining Unicode char U+2021 (decimal 8225)
   defining Unicode char U+2022 (decimal 8226)
)
Now handling font encoding OMX ...
... no UTF-8 mapping file for font encoding OMX
Now handling font encoding U ...
... no UTF-8 mapping file for font encoding U
Now handling font encoding PD1 ...
... no UTF-8 mapping file for font encoding PD1
   defining Unicode char U+00A9 (decimal 169)
   defining Unicode char U+00AA (decimal 170)
   defining Unicode char U+00AE (decimal 174)
   defining Unicode char U+00BA (decimal 186)
   defining Unicode char U+02C6 (decimal 710)
   defining Unicode char U+02DC (decimal 732)
   defining Unicode char U+200C (decimal 8204)
   defining Unicode char U+2026 (decimal 8230)
   defining Unicode char U+2122 (decimal 8482)
   defining Unicode char U+2423 (decimal 9251)
))
(/usr/share/texlive/texmf-dist/tex/plain/kotex-plain/kotexutf-core.tex
\unih@ngulpoint=\count154
\dhucs@emph@raise=\dimen185
)
Now handling font encoding LUC ...
... processing UTF-8 mapping file for font encoding LUC

(/usr/share/texlive/texmf-dist/tex/latex/kotex-utf/lucenc.dfu
File: lucenc.dfu 2007/09/05 UTF-8 support for dhucs
   defining Unicode char U+00B7 (decimal 183)
   defining Unicode char U+2018 (decimal 8216)
   defining Unicode char U+2019 (decimal 8217)
   defining Unicode char U+201C (decimal 8220)
   defining Unicode char U+201D (decimal 8221)
   defining Unicode char U+3001 (decimal 12289)
   defining Unicode char U+3002 (decimal 12290)
   defining Unicode char U+3008 (decimal 12296)
   defining Unicode char U+3009 (decimal 12297)
   defining Unicode char U+300A (decimal 12298)
   defining Unicode char U+300B (decimal 12299)
   defining Unicode char U+300C (decimal 12300)
   defining Unicode char U+300D (decimal 12301)
   defining Unicode char U+300E (decimal 12302)
   defining Unicode char U+300F (decimal 12303)
   defining Unicode char U+3010 (decimal 12304)
   defining Unicode char U+3011 (decimal 12305)
   defining Unicode char U+3014 (decimal 12308)
   defining Unicode char U+3015 (decimal 12309)
   defining Unicode char U+3016 (decimal 12310)
   defining Unicode char U+3017 (decimal 12311)
   defining Unicode char U+3018 (decimal 12312)
   defining Unicode char U+3019 (decimal 12313)
   defining Unicode char U+301A (decimal 12314)
   defining Unicode char U+301B (decimal 12315)
   defining Unicode char U+FF01 (decimal 65281)
   defining Unicode char U+FF08 (decimal 65288)
   defining Unicode char U+FF09 (decimal 65289)
   defining Unicode char U+FF0C (decimal 65292)
   defining Unicode char U+FF0E (decimal 65294)
   defining Unicode char U+FF1A (decimal 65306)
   defining Unicode char U+FF1B (decimal 65307)
   defining Unicode char U+FF1C (decimal 65308)
   defining Unicode char U+FF1D (decimal 65309)
   defining Unicode char U+FF1E (decimal 65310)
   defining Unicode char U+FF1F (decimal 65311)
   defining Unicode char U+FF3B (decimal 65339)
   defining Unicode char U+FF3D (decimal 65341)
   defining Unicode char U+FF5B (decimal 65371)
   defining Unicode char U+FF5D (decimal 65373)
   defining Unicode char U+FF61 (decimal 65377)
   defining Unicode char U+FF62 (decimal 65378)
   defining Unicode char U+FF63 (decimal 65379)
   defining Unicode char U+FF64 (decimal 65380)
   defining Unicode char U+FF65 (decimal 65381)
)
\@josa=\count155
\josatoks=\toks42

(/usr/share/texlive/texmf-dist/tex/latex/cjk-ko/kolabels-utf.sty
Package: kolabels-utf 2013/02/23 v1.0 UTF-8 Hangul item labels
)))
(/usr/share/texlive/texmf-dist/tex/latex/multirow/multirow.sty
\bigstrutjot=\dimen186
)
(/usr/share/texlive/texmf-dist/tex/latex/booktabs/booktabs.sty
Package: booktabs 2005/04/14 v1.61803 publication quality tables
\heavyrulewidth=\dimen187
\lightrulewidth=\dimen188
\cmidrulewidth=\dimen189
\belowrulesep=\dimen190
\belowbottomsep=\dimen191
\aboverulesep=\dimen192
\abovetopsep=\dimen193
\cmidrulesep=\dimen194
\cmidrulekern=\dimen195
\defaultaddspace=\dimen196
\@cmidla=\count156
\@cmidlb=\count157
\@aboverulesep=\dimen197
\@belowrulesep=\dimen198
\@thisruleclass=\count158
\@lastruleclass=\count159
\@thisrulewidth=\dimen199
)
(/usr/share/texlive/texmf-dist/tex/latex/colortbl/colortbl.sty
Package: colortbl 2012/02/13 v1.0a Color table columns (DPC)

(/usr/share/texlive/texmf-dist/tex/latex/tools/array.sty
Package: array 2008/09/09 v2.4c Tabular extension package (FMi)
\col@sep=\dimen200
\extrarowheight=\dimen201
\NC@list=\toks43
\extratabsurround=\skip59
\backup@length=\skip60
)
\everycr=\toks44
\minrowclearance=\skip61
)
(/usr/share/texlive/texmf-dist/tex/latex/cite/cite.sty
LaTeX Info: Redefining \cite on input line 302.
LaTeX Info: Redefining \nocite on input line 373.
Package: cite 2010/09/10  v 5.3
)
(/usr/share/texlive/texmf-dist/tex/latex/caption/caption.sty
Package: caption 2013/05/02 v3.3-89 Customizing captions (AR)

(/usr/share/texlive/texmf-dist/tex/latex/caption/caption3.sty
Package: caption3 2013/05/02 v1.6-88 caption3 kernel (AR)
Package caption3 Info: TeX engine: e-TeX on input line 57.
\captionmargin=\dimen202
\captionmargin@=\dimen203
\captionwidth=\dimen204
\caption@tempdima=\dimen205
\caption@indent=\dimen206
\caption@parindent=\dimen207
\caption@hangindent=\dimen208
)
\c@ContinuedFloat=\count160
Package caption Info: beamer document class.
Package caption Info: hyperref package is loaded.
Package caption Info: Hyperref support is turned off
(caption)             because hyperref has stopped early.
)
(/usr/share/texlive/texmf-dist/tex/latex/subfig/subfig.sty
Package: subfig 2005/06/28 ver: 1.3 subfig package
\c@KVtest=\count161
\sf@farskip=\skip62
\sf@captopadj=\dimen209
\sf@capskip=\skip63
\sf@nearskip=\skip64
\c@subfigure=\count162
\c@subfigure@save=\count163
\c@depth=\count164
\c@subtable=\count165
\c@subtable@save=\count166
\sf@top=\skip65
\sf@bottom=\skip66
)
(./DNN_presentation.aux)
\openout1 = `DNN_presentation.aux'.

LaTeX Font Info:    Checking defaults for OML/cmm/m/it on input line 41.
LaTeX Font Info:    ... okay on input line 41.
LaTeX Font Info:    Checking defaults for T1/cmr/m/n on input line 41.
LaTeX Font Info:    ... okay on input line 41.
LaTeX Font Info:    Checking defaults for OT1/cmr/m/n on input line 41.
LaTeX Font Info:    ... okay on input line 41.
LaTeX Font Info:    Checking defaults for OMS/cmsy/m/n on input line 41.
LaTeX Font Info:    ... okay on input line 41.
LaTeX Font Info:    Checking defaults for OMX/cmex/m/n on input line 41.
LaTeX Font Info:    ... okay on input line 41.
LaTeX Font Info:    Checking defaults for U/cmr/m/n on input line 41.
LaTeX Font Info:    ... okay on input line 41.
LaTeX Font Info:    Checking defaults for PD1/pdf/m/n on input line 41.
LaTeX Font Info:    ... okay on input line 41.
LaTeX Font Info:    Checking defaults for LUC/nanummj/m/n on input line 41.
LaTeX Font Info:    Try loading font information for LUC+nanummj on input line 
41.

(/usr/share/texlive/texmf-dist/tex/latex/nanumtype1/lucnanummj.fd
File: lucnanummj.fd 2013/02/12 v0.1 Nanum Myeongjo font definitions
)
LaTeX Font Info:    ... okay on input line 41.

*geometry* driver: auto-detecting
*geometry* detected driver: pdftex
*geometry* verbose mode - [ preamble ] result:
* driver: pdftex
* paper: custom
* layout: <same size as paper>
* layoutoffset:(h,v)=(0.0pt,0.0pt)
* modes: includehead includefoot 
* h-part:(L,W,R)=(10.95003pt, 342.2953pt, 10.95003pt)
* v-part:(T,H,B)=(0.0pt, 273.14662pt, 0.0pt)
* \paperwidth=364.19536pt
* \paperheight=273.14662pt
* \textwidth=342.2953pt
* \textheight=244.6939pt
* \oddsidemargin=-61.31996pt
* \evensidemargin=-61.31996pt
* \topmargin=-72.26999pt
* \headheight=14.22636pt
* \headsep=0.0pt
* \topskip=11.0pt
* \footskip=14.22636pt
* \marginparwidth=4.0pt
* \marginparsep=10.0pt
* \columnsep=10.0pt
* \skip\footins=10.0pt plus 4.0pt minus 2.0pt
* \hoffset=0.0pt
* \voffset=0.0pt
* \mag=1000
* \@twocolumnfalse
* \@twosidefalse
* \@mparswitchfalse
* \@reversemarginfalse
* (1in=72.27pt=25.4mm, 1cm=28.453pt)

(/usr/share/texlive/texmf-dist/tex/context/base/supp-pdf.mkii
[Loading MPS to PDF converter (version 2006.09.02).]
\scratchcounter=\count167
\scratchdimen=\dimen210
\scratchbox=\box53
\nofMPsegments=\count168
\nofMParguments=\count169
\everyMPshowfont=\toks45
\MPscratchCnt=\count170
\MPscratchDim=\dimen211
\MPnumerator=\count171
\makeMPintoPDFobject=\count172
\everyMPtoPDFconversion=\toks46
) (/usr/share/texlive/texmf-dist/tex/latex/oberdiek/epstopdf-base.sty
Package: epstopdf-base 2010/02/09 v2.5 Base part for package epstopdf

(/usr/share/texlive/texmf-dist/tex/latex/oberdiek/grfext.sty
Package: grfext 2010/08/19 v1.1 Manage graphics extensions (HO)
)
Package grfext Info: Graphics extension search list:
(grfext)             [.png,.pdf,.jpg,.mps,.jpeg,.jbig2,.jb2,.PNG,.PDF,.JPG,.JPE
G,.JBIG2,.JB2,.eps]
(grfext)             \AppendGraphicsExtensions on input line 452.

(/usr/share/texlive/texmf-dist/tex/latex/latexconfig/epstopdf-sys.cfg
File: epstopdf-sys.cfg 2010/07/13 v1.3 Configuration of (r)epstopdf for TeX Liv
e
))
ABD: EveryShipout initializing macros
\AtBeginShipoutBox=\box54
Package hyperref Info: Link coloring OFF on input line 41.

(/usr/share/texlive/texmf-dist/tex/latex/hyperref/nameref.sty
Package: nameref 2012/10/27 v2.43 Cross-referencing by name of section

(/usr/share/texlive/texmf-dist/tex/generic/oberdiek/gettitlestring.sty
Package: gettitlestring 2010/12/03 v1.4 Cleanup title references (HO)
)
\c@section@level=\count173
)
LaTeX Info: Redefining \ref on input line 41.
LaTeX Info: Redefining \pageref on input line 41.
LaTeX Info: Redefining \nameref on input line 41.

(./DNN_presentation.out) (./DNN_presentation.out)
\@outlinefile=\write5
\openout5 = `DNN_presentation.out'.

LaTeX Font Info:    Overwriting symbol font `operators' in version `normal'
(Font)                  OT1/cmr/m/n --> OT1/cmss/m/n on input line 41.
LaTeX Font Info:    Overwriting symbol font `operators' in version `bold'
(Font)                  OT1/cmr/bx/n --> OT1/cmss/bx/n on input line 41.
\symnumbers=\mathgroup6
\sympureletters=\mathgroup7
LaTeX Font Info:    Overwriting math alphabet `\mathrm' in version `normal'
(Font)                  OT1/cmss/m/n --> OT1/cmr/m/n on input line 41.
LaTeX Font Info:    Redeclaring math alphabet \mathbf on input line 41.
LaTeX Font Info:    Overwriting math alphabet `\mathbf' in version `normal'
(Font)                  OT1/cmr/bx/n --> OT1/cmss/bx/n on input line 41.
LaTeX Font Info:    Overwriting math alphabet `\mathbf' in version `bold'
(Font)                  OT1/cmr/bx/n --> OT1/cmss/bx/n on input line 41.
LaTeX Font Info:    Redeclaring math alphabet \mathsf on input line 41.
LaTeX Font Info:    Overwriting math alphabet `\mathsf' in version `normal'
(Font)                  OT1/cmss/m/n --> OT1/cmss/m/n on input line 41.
LaTeX Font Info:    Overwriting math alphabet `\mathsf' in version `bold'
(Font)                  OT1/cmss/bx/n --> OT1/cmss/m/n on input line 41.
LaTeX Font Info:    Redeclaring math alphabet \mathit on input line 41.
LaTeX Font Info:    Overwriting math alphabet `\mathit' in version `normal'
(Font)                  OT1/cmr/m/it --> OT1/cmss/m/it on input line 41.
LaTeX Font Info:    Overwriting math alphabet `\mathit' in version `bold'
(Font)                  OT1/cmr/bx/it --> OT1/cmss/m/it on input line 41.
LaTeX Font Info:    Redeclaring math alphabet \mathtt on input line 41.
LaTeX Font Info:    Overwriting math alphabet `\mathtt' in version `normal'
(Font)                  OT1/cmtt/m/n --> OT1/cmtt/m/n on input line 41.
LaTeX Font Info:    Overwriting math alphabet `\mathtt' in version `bold'
(Font)                  OT1/cmtt/m/n --> OT1/cmtt/m/n on input line 41.
LaTeX Font Info:    Overwriting symbol font `numbers' in version `bold'
(Font)                  OT1/cmss/m/n --> OT1/cmss/bx/n on input line 41.
LaTeX Font Info:    Overwriting symbol font `pureletters' in version `bold'
(Font)                  OT1/cmss/m/it --> OT1/cmss/bx/it on input line 41.
LaTeX Font Info:    Overwriting math alphabet `\mathrm' in version `bold'
(Font)                  OT1/cmss/bx/n --> OT1/cmr/bx/n on input line 41.
LaTeX Font Info:    Overwriting math alphabet `\mathbf' in version `bold'
(Font)                  OT1/cmss/bx/n --> OT1/cmss/bx/n on input line 41.
LaTeX Font Info:    Overwriting math alphabet `\mathsf' in version `bold'
(Font)                  OT1/cmss/m/n --> OT1/cmss/bx/n on input line 41.
LaTeX Font Info:    Overwriting math alphabet `\mathit' in version `bold'
(Font)                  OT1/cmss/m/it --> OT1/cmss/bx/it on input line 41.
LaTeX Font Info:    Overwriting math alphabet `\mathtt' in version `bold'
(Font)                  OT1/cmtt/m/n --> OT1/cmtt/bx/n on input line 41.

(/usr/share/texmf/tex/latex/beamer/base/translator/dicts/translator-basic-dicti
onary/translator-basic-dictionary-English.dict
Dictionary: translator-basic-dictionary, Language: English 
)
(/usr/share/texmf/tex/latex/beamer/base/translator/dicts/translator-bibliograph
y-dictionary/translator-bibliography-dictionary-English.dict
Dictionary: translator-bibliography-dictionary, Language: English 
)
(/usr/share/texmf/tex/latex/beamer/base/translator/dicts/translator-environment
-dictionary/translator-environment-dictionary-English.dict
Dictionary: translator-environment-dictionary, Language: English 
)
(/usr/share/texmf/tex/latex/beamer/base/translator/dicts/translator-months-dict
ionary/translator-months-dictionary-English.dict
Dictionary: translator-months-dictionary, Language: English 
)
(/usr/share/texmf/tex/latex/beamer/base/translator/dicts/translator-numbers-dic
tionary/translator-numbers-dictionary-English.dict
Dictionary: translator-numbers-dictionary, Language: English 
)
(/usr/share/texmf/tex/latex/beamer/base/translator/dicts/translator-theorem-dic
tionary/translator-theorem-dictionary-English.dict
Dictionary: translator-theorem-dictionary, Language: English 
)
LaTeX Info: Redefining \includegraphics on input line 41.
Package caption Info: Begin \AtBeginDocument code.
Package caption Info: subfig package v1.3 is loaded.
Package caption Info: End \AtBeginDocument code.
 (./DNN_presentation.nav)

Package hyperref Warning: Option `pdfauthor' has already been used,
(hyperref)                setting the option has no effect on input line 46.

LaTeX Font Info:    Try loading font information for LUC+nanumgt on input line 
51.
(/usr/share/texlive/texmf-dist/tex/latex/nanumtype1/lucnanumgt.fd
File: lucnanumgt.fd 2013/02/12 v0.1 Nanum Gothic font definitions
)

LaTeX Font Warning: Font shape `OT1/cmss/m/n' in size <4> not available
(Font)              size <5> substituted on input line 51.

[1

{/var/lib/texmf/fonts/map/pdftex/updmap/pdftex.map}] (./DNN_presentation.toc) [
2

] [3

]
LaTeX Font Info:    Try loading font information for U+msa on input line 70.
 (/usr/share/texlive/texmf-dist/tex/latex/amsfonts/umsa.fd
File: umsa.fd 2013/01/14 v3.01 AMS symbols A
)
LaTeX Font Info:    Try loading font information for U+msb on input line 70.

(/usr/share/texlive/texmf-dist/tex/latex/amsfonts/umsb.fd
File: umsb.fd 2013/01/14 v3.01 AMS symbols B
) [4

]
</home/secondmath/Dropbox/GSPH/myreview/ml/neural1.png, id=248, 827.09pt x 539.
01375pt>
File: /home/secondmath/Dropbox/GSPH/myreview/ml/neural1.png Graphic file (type 
png)
 <use /home/secondmath/Dropbox/GSPH/myreview/ml/neural1.png>
Package pdftex.def Info: /home/secondmath/Dropbox/GSPH/myreview/ml/neural1.png 
used on input line 77.
(pdftex.def)             Requested size: 216.81pt x 141.29172pt.
 [5

 </home/secondmath/Dropbox/GSPH/myreview/ml/neural1.png>]
</home/secondmath/Dropbox/GSPH/myreview/ml/neural2.png, id=277, 642.4pt x 371.3
875pt>
File: /home/secondmath/Dropbox/GSPH/myreview/ml/neural2.png Graphic file (type 
png)
 <use /home/secondmath/Dropbox/GSPH/myreview/ml/neural2.png>
Package pdftex.def Info: /home/secondmath/Dropbox/GSPH/myreview/ml/neural2.png 
used on input line 84.
(pdftex.def)             Requested size: 289.07999pt x 167.1285pt.
 [6

 </home/secondmath/Dropbox/GSPH/myreview/ml/neural2.png>]
</home/secondmath/Dropbox/GSPH/myreview/ml/neural3.jpg, id=309, 1094.58937pt x 
485.56406pt>
File: /home/secondmath/Dropbox/GSPH/myreview/ml/neural3.jpg Graphic file (type 
jpg)
 <use /home/secondmath/Dropbox/GSPH/myreview/ml/neural3.jpg>
Package pdftex.def Info: /home/secondmath/Dropbox/GSPH/myreview/ml/neural3.jpg 
used on input line 91.
(pdftex.def)             Requested size: 289.07999pt x 128.23672pt.

[7

 </home/secondmath/Dropbox/GSPH/myreview/ml/neural3.jpg>] [8

]
(./DNN_presentation.toc) [9

]
</home/secondmath/Dropbox/GSPH/topic_review/DNN/perceptron.png, id=419, 390.458
76pt x 281.05pt>
File: /home/secondmath/Dropbox/GSPH/topic_review/DNN/perceptron.png Graphic fil
e (type png)

<use /home/secondmath/Dropbox/GSPH/topic_review/DNN/perceptron.png>
Package pdftex.def Info: /home/secondmath/Dropbox/GSPH/topic_review/DNN/percept
ron.png used on input line 125.
(pdftex.def)             Requested size: 158.99377pt x 114.44215pt.

Overfull \vbox (17.351pt too high) detected at line 125
 []

[10

 </home/secondmath/Dropbox/GSPH/topic_review/DNN/perceptron.png>]
</home/secondmath/Dropbox/GSPH/topic_review/DNN/notperceptron.png, id=456, 304.
9794pt x 191.7564pt>
File: /home/secondmath/Dropbox/GSPH/topic_review/DNN/notperceptron.png Graphic 
file (type png)

<use /home/secondmath/Dropbox/GSPH/topic_review/DNN/notperceptron.png>
Package pdftex.def Info: /home/secondmath/Dropbox/GSPH/topic_review/DNN/notperc
eptron.png used on input line 133.
(pdftex.def)             Requested size: 216.81pt x 136.32353pt.
 [11

 </home/secondmath/Dropbox/GSPH/topic_review/DNN/notperceptron.png>]
File: /home/secondmath/Dropbox/GSPH/myreview/ml/neural3.jpg Graphic file (type 
jpg)

<use /home/secondmath/Dropbox/GSPH/myreview/ml/neural3.jpg>
Package pdftex.def Info: /home/secondmath/Dropbox/GSPH/myreview/ml/neural3.jpg 
used on input line 142.
(pdftex.def)             Requested size: 289.07999pt x 128.23672pt.
 [12

] [13

] [14

]
</home/secondmath/Dropbox/GSPH/topic_review/DNN/hy1.png, id=578, 642.4pt x 481.
8pt>
File: /home/secondmath/Dropbox/GSPH/topic_review/DNN/hy1.png Graphic file (type
 png)
 <use /home/secondmath/Dropbox/GSPH/topic_review/DNN/hy1.png>
Package pdftex.def Info: /home/secondmath/Dropbox/GSPH/topic_review/DNN/hy1.png
 used on input line 171.
(pdftex.def)             Requested size: 108.405pt x 81.30208pt.

</home/secondmath/Dropbox/GSPH/topic_review/DNN/hy2.png, id=579, 642.4pt x 481.
8pt>
File: /home/secondmath/Dropbox/GSPH/topic_review/DNN/hy2.png Graphic file (type
 png)
 <use /home/secondmath/Dropbox/GSPH/topic_review/DNN/hy2.png>
Package pdftex.def Info: /home/secondmath/Dropbox/GSPH/topic_review/DNN/hy2.png
 used on input line 171.
(pdftex.def)             Requested size: 108.405pt x 81.30208pt.

</home/secondmath/Dropbox/GSPH/topic_review/DNN/hy3.png, id=580, 642.4pt x 481.
8pt>
File: /home/secondmath/Dropbox/GSPH/topic_review/DNN/hy3.png Graphic file (type
 png)
 <use /home/secondmath/Dropbox/GSPH/topic_review/DNN/hy3.png>
Package pdftex.def Info: /home/secondmath/Dropbox/GSPH/topic_review/DNN/hy3.png
 used on input line 171.
(pdftex.def)             Requested size: 108.405pt x 81.30208pt.

</home/secondmath/Dropbox/GSPH/topic_review/DNN/hy4.png, id=581, 642.4pt x 481.
8pt>
File: /home/secondmath/Dropbox/GSPH/topic_review/DNN/hy4.png Graphic file (type
 png)
 <use /home/secondmath/Dropbox/GSPH/topic_review/DNN/hy4.png>
Package pdftex.def Info: /home/secondmath/Dropbox/GSPH/topic_review/DNN/hy4.png
 used on input line 171.
(pdftex.def)             Requested size: 108.405pt x 81.30208pt.

Overfull \vbox (7.60017pt too high) detected at line 171
 []

[15

 </home/secondmath/Dropbox/GSPH/topic_review/DNN/hy1.png> </home/secondmath/Dro
pbox/GSPH/topic_review/DNN/hy2.png> </home/secondmath/Dropbox/GSPH/topic_review
/DNN/hy3.png> </home/secondmath/Dropbox/GSPH/topic_review/DNN/hy4.png>]
</home/secondmath/Dropbox/GSPH/topic_review/DNN/lec3.pdf, id=611, page=6, 722.7
pt x 406.51875pt>
File: /home/secondmath/Dropbox/GSPH/topic_review/DNN/lec3.pdf Graphic file (typ
e pdf)

<use /home/secondmath/Dropbox/GSPH/topic_review/DNN/lec3.pdf, page 6>
Package pdftex.def Info: /home/secondmath/Dropbox/GSPH/topic_review/DNN/lec3.pd
f, page6 used on input line 178.
(pdftex.def)             Requested size: 325.215pt x 182.93173pt.
 [16

 </home/secondmath/Dropbox/GSPH/topic_review/DNN/lec3.pdf>]
</home/secondmath/Dropbox/GSPH/topic_review/DNN/lec3.pdf, id=664, page=7, 722.7
pt x 406.51875pt>
File: /home/secondmath/Dropbox/GSPH/topic_review/DNN/lec3.pdf Graphic file (typ
e pdf)

<use /home/secondmath/Dropbox/GSPH/topic_review/DNN/lec3.pdf, page 7>
Package pdftex.def Info: /home/secondmath/Dropbox/GSPH/topic_review/DNN/lec3.pd
f, page7 used on input line 185.
(pdftex.def)             Requested size: 325.215pt x 182.93173pt.
 [17

 </home/secondmath/Dropbox/GSPH/topic_review/DNN/lec3.pdf>]
</home/secondmath/Dropbox/GSPH/topic_review/DNN/lec3.pdf, id=740, page=8, 722.7
pt x 406.51875pt>
File: /home/secondmath/Dropbox/GSPH/topic_review/DNN/lec3.pdf Graphic file (typ
e pdf)

<use /home/secondmath/Dropbox/GSPH/topic_review/DNN/lec3.pdf, page 8>
Package pdftex.def Info: /home/secondmath/Dropbox/GSPH/topic_review/DNN/lec3.pd
f, page8 used on input line 192.
(pdftex.def)             Requested size: 325.215pt x 182.93173pt.
 [18

 </home/secondmath/Dropbox/GSPH/topic_review/DNN/lec3.pdf>]
</home/secondmath/Dropbox/GSPH/topic_review/DNN/lec3.pdf, id=787, page=9, 722.7
pt x 406.51875pt>
File: /home/secondmath/Dropbox/GSPH/topic_review/DNN/lec3.pdf Graphic file (typ
e pdf)

<use /home/secondmath/Dropbox/GSPH/topic_review/DNN/lec3.pdf, page 9>
Package pdftex.def Info: /home/secondmath/Dropbox/GSPH/topic_review/DNN/lec3.pd
f, page9 used on input line 199.
(pdftex.def)             Requested size: 325.215pt x 182.93173pt.
 [19

 </home/secondmath/Dropbox/GSPH/topic_review/DNN/lec3.pdf>]
</home/secondmath/Dropbox/GSPH/topic_review/DNN/lec3.pdf, id=870, page=10, 722.
7pt x 406.51875pt>
File: /home/secondmath/Dropbox/GSPH/topic_review/DNN/lec3.pdf Graphic file (typ
e pdf)

<use /home/secondmath/Dropbox/GSPH/topic_review/DNN/lec3.pdf, page 10>
Package pdftex.def Info: /home/secondmath/Dropbox/GSPH/topic_review/DNN/lec3.pd
f, page10 used on input line 206.
(pdftex.def)             Requested size: 325.215pt x 182.93173pt.
 [20

 </home/secondmath/Dropbox/GSPH/topic_review/DNN/lec3.pdf>]
</home/secondmath/Dropbox/GSPH/topic_review/DNN/forward.png, id=983, 761.84625p
t x 447.6725pt>
File: /home/secondmath/Dropbox/GSPH/topic_review/DNN/forward.png Graphic file (
type png)

<use /home/secondmath/Dropbox/GSPH/topic_review/DNN/forward.png>
Package pdftex.def Info: /home/secondmath/Dropbox/GSPH/topic_review/DNN/forward
.png used on input line 213.
(pdftex.def)             Requested size: 158.99377pt x 93.42653pt.

</home/secondmath/Dropbox/GSPH/topic_review/DNN/back.png, id=984, 851.18pt x 49
7.86pt>
File: /home/secondmath/Dropbox/GSPH/topic_review/DNN/back.png Graphic file (typ
e png)
 <use /home/secondmath/Dropbox/GSPH/topic_review/DNN/back.png>
Package pdftex.def Info: /home/secondmath/Dropbox/GSPH/topic_review/DNN/back.pn
g used on input line 213.
(pdftex.def)             Requested size: 158.99377pt x 92.99147pt.
 [21

 </home/secondmath/Dropbox/GSPH/topic_review/DNN/forward.png (PNG copy)> </home
/secondmath/Dropbox/GSPH/topic_review/DNN/back.png (PNG copy)>] [22

]
</home/secondmath/Dropbox/GSPH/topic_review/DNN/logistictan.png, id=1042, 513.9
2pt x 210.28563pt>
File: /home/secondmath/Dropbox/GSPH/topic_review/DNN/logistictan.png Graphic fi
le (type png)

<use /home/secondmath/Dropbox/GSPH/topic_review/DNN/logistictan.png>
Package pdftex.def Info: /home/secondmath/Dropbox/GSPH/topic_review/DNN/logisti
ctan.png used on input line 230.
(pdftex.def)             Requested size: 289.07999pt x 118.28537pt.
 [23

 </home/secondmath/Dropbox/GSPH/topic_review/DNN/logistictan.png>]
</home/secondmath/Dropbox/GSPH/topic_review/DNN/minima.png, id=1070, 798.985pt 
x 528.97626pt>
File: /home/secondmath/Dropbox/GSPH/topic_review/DNN/minima.png Graphic file (t
ype png)
 <use /home/secondmath/Dropbox/GSPH/topic_review/DNN/minima.png>
Package pdftex.def Info: /home/secondmath/Dropbox/GSPH/topic_review/DNN/minima.
png used on input line 239.
(pdftex.def)             Requested size: 289.07999pt x 191.38374pt.

Overfull \vbox (11.37976pt too high) detected at line 239
 []

[24

 </home/secondmath/Dropbox/GSPH/topic_review/DNN/minima.png (PNG copy)>]
</home/secondmath/Dropbox/GSPH/topic_review/DNN/unsupervised.png, id=1099, 835.
12pt x 194.7275pt>
File: /home/secondmath/Dropbox/GSPH/topic_review/DNN/unsupervised.png Graphic f
ile (type png)

<use /home/secondmath/Dropbox/GSPH/topic_review/DNN/unsupervised.png>
Package pdftex.def Info: /home/secondmath/Dropbox/GSPH/topic_review/DNN/unsuper
vised.png used on input line 253.
(pdftex.def)             Requested size: 289.07999pt x 67.40686pt.
 [25

 </home/secondmath/Dropbox/GSPH/topic_review/DNN/unsupervised.png (PNG copy)>]
[26

]
</home/secondmath/Dropbox/GSPH/topic_review/DNN/RBM.png, id=1160, 220.825pt x 2
34.8775pt>
File: /home/secondmath/Dropbox/GSPH/topic_review/DNN/RBM.png Graphic file (type
 png)
 <use /home/secondmath/Dropbox/GSPH/topic_review/DNN/RBM.png>
Package pdftex.def Info: /home/secondmath/Dropbox/GSPH/topic_review/DNN/RBM.png
 used on input line 285.
(pdftex.def)             Requested size: 108.405pt x 115.30243pt.

[27

 </home/secondmath/Dropbox/GSPH/topic_review/DNN/RBM.png>] [28

] [29

]
</home/secondmath/Dropbox/GSPH/topic_review/DNN/dog.png, id=1254, 558.085pt x 3
29.23pt>
File: /home/secondmath/Dropbox/GSPH/topic_review/DNN/dog.png Graphic file (type
 png)
 <use /home/secondmath/Dropbox/GSPH/topic_review/DNN/dog.png>
Package pdftex.def Info: /home/secondmath/Dropbox/GSPH/topic_review/DNN/dog.png
 used on input line 312.
(pdftex.def)             Requested size: 158.99377pt x 93.79132pt.

</home/secondmath/Dropbox/GSPH/topic_review/DNN/dog2.png, id=1255, 602.25pt x 3
02.12875pt>
File: /home/secondmath/Dropbox/GSPH/topic_review/DNN/dog2.png Graphic file (typ
e png)
 <use /home/secondmath/Dropbox/GSPH/topic_review/DNN/dog2.png>
Package pdftex.def Info: /home/secondmath/Dropbox/GSPH/topic_review/DNN/dog2.pn
g used on input line 312.
(pdftex.def)             Requested size: 158.99377pt x 79.75946pt.

[30

 </home/secondmath/Dropbox/GSPH/topic_review/DNN/dog.png (PNG copy)> </home/sec
ondmath/Dropbox/GSPH/topic_review/DNN/dog2.png (PNG copy)>] [31

] [32

]
[33

] [34

]
</home/secondmath/Dropbox/GSPH/topic_review/DNN/cdk.png, id=1409, 854.19125pt x
 458.71375pt>
File: /home/secondmath/Dropbox/GSPH/topic_review/DNN/cdk.png Graphic file (type
 png)
 <use /home/secondmath/Dropbox/GSPH/topic_review/DNN/cdk.png>
Package pdftex.def Info: /home/secondmath/Dropbox/GSPH/topic_review/DNN/cdk.png
 used on input line 370.
(pdftex.def)             Requested size: 289.07999pt x 155.23967pt.

[35

 </home/secondmath/Dropbox/GSPH/topic_review/DNN/cdk.png (PNG copy)>]
</home/secondmath/Dropbox/GSPH/topic_review/DNN/dbn2.png, id=1438, 622.325pt x 
301.125pt>
File: /home/secondmath/Dropbox/GSPH/topic_review/DNN/dbn2.png Graphic file (typ
e png)
 <use /home/secondmath/Dropbox/GSPH/topic_review/DNN/dbn2.png>
Package pdftex.def Info: /home/secondmath/Dropbox/GSPH/topic_review/DNN/dbn2.pn
g used on input line 383.
(pdftex.def)             Requested size: 216.81pt x 104.90826pt.

[36

 </home/secondmath/Dropbox/GSPH/topic_review/DNN/dbn2.png (PNG copy)>]
[37

]
</home/secondmath/Dropbox/GSPH/topic_review/DNN/relu.png, id=1497, 973.6375pt x
 771.88374pt>
File: /home/secondmath/Dropbox/GSPH/topic_review/DNN/relu.png Graphic file (typ
e png)
 <use /home/secondmath/Dropbox/GSPH/topic_review/DNN/relu.png>
Package pdftex.def Info: /home/secondmath/Dropbox/GSPH/topic_review/DNN/relu.pn
g used on input line 411.
(pdftex.def)             Requested size: 216.81pt x 171.87608pt.

Overfull \vbox (3.8721pt too high) detected at line 411
 []

[38

 </home/secondmath/Dropbox/GSPH/topic_review/DNN/relu.png (PNG copy)>]
[39

] [40

]
</home/secondmath/Dropbox/GSPH/topic_review/DNN/dropout.png, id=1587, 710.655pt
 x 240.14719pt>
File: /home/secondmath/Dropbox/GSPH/topic_review/DNN/dropout.png Graphic file (
type png)

<use /home/secondmath/Dropbox/GSPH/topic_review/DNN/dropout.png>
Package pdftex.def Info: /home/secondmath/Dropbox/GSPH/topic_review/DNN/dropout
.png used on input line 435.
(pdftex.def)             Requested size: 289.07999pt x 97.68779pt.
 [41

 </home/secondmath/Dropbox/GSPH/topic_review/DNN/dropout.png>]
</home/secondmath/Dropbox/GSPH/topic_review/DNN/dropperformance.png, id=1617, 1
315.91624pt x 513.92pt>
File: /home/secondmath/Dropbox/GSPH/topic_review/DNN/dropperformance.png Graphi
c file (type png)

<use /home/secondmath/Dropbox/GSPH/topic_review/DNN/dropperformance.png>
Package pdftex.def Info: /home/secondmath/Dropbox/GSPH/topic_review/DNN/dropper
formance.png used on input line 444.
(pdftex.def)             Requested size: 289.07999pt x 112.89806pt.

[42

 </home/secondmath/Dropbox/GSPH/topic_review/DNN/dropperformance.png (PNG copy)
>] [43

]
</home/secondmath/Dropbox/GSPH/topic_review/DNN/ranzato.pdf, id=1678, page=31, 
796.9775pt x 597.23125pt>
File: /home/secondmath/Dropbox/GSPH/topic_review/DNN/ranzato.pdf Graphic file (
type pdf)

<use /home/secondmath/Dropbox/GSPH/topic_review/DNN/ranzato.pdf, page 31>
Package pdftex.def Info: /home/secondmath/Dropbox/GSPH/topic_review/DNN/ranzato
.pdf, page31 used on input line 461.
(pdftex.def)             Requested size: 289.07999pt x 216.6252pt.

Overfull \vbox (18.2118pt too high) detected at line 461
 []

[44

 </home/secondmath/Dropbox/GSPH/topic_review/DNN/ranzato.pdf>]
</home/secondmath/Dropbox/GSPH/topic_review/DNN/conv_1D_nn.png, id=1740, 241.90
375pt x 87.32625pt>
File: /home/secondmath/Dropbox/GSPH/topic_review/DNN/conv_1D_nn.png Graphic fil
e (type png)

<use /home/secondmath/Dropbox/GSPH/topic_review/DNN/conv_1D_nn.png>
Package pdftex.def Info: /home/secondmath/Dropbox/GSPH/topic_review/DNN/conv_1D
_nn.png used on input line 471.
(pdftex.def)             Requested size: 216.81pt x 78.27043pt.
 [45

 </home/secondmath/Dropbox/GSPH/topic_review/DNN/conv_1D_nn.png>]
</home/secondmath/Dropbox/GSPH/topic_review/DNN/con2.png, id=1772, 337.26pt x 1
52.36925pt>
File: /home/secondmath/Dropbox/GSPH/topic_review/DNN/con2.png Graphic file (typ
e png)
 <use /home/secondmath/Dropbox/GSPH/topic_review/DNN/con2.png>
Package pdftex.def Info: /home/secondmath/Dropbox/GSPH/topic_review/DNN/con2.pn
g used on input line 479.
(pdftex.def)             Requested size: 361.34999pt x 163.25667pt.

Overfull \hbox (19.05469pt too wide) in paragraph at lines 479--479
 [] 
 []

[46

 </home/secondmath/Dropbox/GSPH/topic_review/DNN/con2.png>]
</home/secondmath/Dropbox/GSPH/topic_review/DNN/mnist_fprop0.png, id=1803, 661.
47125pt x 1026.83624pt>
File: /home/secondmath/Dropbox/GSPH/topic_review/DNN/mnist_fprop0.png Graphic f
ile (type png)

<use /home/secondmath/Dropbox/GSPH/topic_review/DNN/mnist_fprop0.png>
Package pdftex.def Info: /home/secondmath/Dropbox/GSPH/topic_review/DNN/mnist_f
prop0.png used on input line 488.
(pdftex.def)             Requested size: 108.405pt x 168.27689pt.

</home/secondmath/Dropbox/GSPH/topic_review/DNN/mnist_fprop1.png, id=1804, 661.
47125pt x 1026.83624pt>
File: /home/secondmath/Dropbox/GSPH/topic_review/DNN/mnist_fprop1.png Graphic f
ile (type png)

<use /home/secondmath/Dropbox/GSPH/topic_review/DNN/mnist_fprop1.png>
Package pdftex.def Info: /home/secondmath/Dropbox/GSPH/topic_review/DNN/mnist_f
prop1.png used on input line 488.
(pdftex.def)             Requested size: 108.405pt x 168.27689pt.
 [47

 </home/secondmath/Dropbox/GSPH/topic_review/DNN/mnist_fprop0.png (PNG copy)> <
/home/secondmath/Dropbox/GSPH/topic_review/DNN/mnist_fprop1.png (PNG copy)>] [4
8

]
(./DNN_presentation.toc) [49

] [50

] [51

] [52

] [53

]
</home/secondmath/Dropbox/GSPH/myreview/ml/probit.png, id=2022, 777.90625pt x 5
54.07pt>
File: /home/secondmath/Dropbox/GSPH/myreview/ml/probit.png Graphic file (type p
ng)
 <use /home/secondmath/Dropbox/GSPH/myreview/ml/probit.png>
Package pdftex.def Info: /home/secondmath/Dropbox/GSPH/myreview/ml/probit.png u
sed on input line 569.
(pdftex.def)             Requested size: 180.67499pt x 128.68466pt.
 [54

 </home/secondmath/Dropbox/GSPH/myreview/ml/probit.png>]
</home/secondmath/Dropbox/GSPH/myreview/ml/censored.jpg, id=2052, 602.25pt x 46
5.74pt>
File: /home/secondmath/Dropbox/GSPH/myreview/ml/censored.jpg Graphic file (type
 jpg)
 <use /home/secondmath/Dropbox/GSPH/myreview/ml/censored.jpg>
Package pdftex.def Info: /home/secondmath/Dropbox/GSPH/myreview/ml/censored.jpg
 used on input line 581.
(pdftex.def)             Requested size: 180.67499pt x 139.72307pt.
 [55

 </home/secondmath/Dropbox/GSPH/myreview/ml/censored.jpg>]
</home/secondmath/Dropbox/GSPH/myreview/ml/cox.png, id=2085, 505.89pt x 505.89p
t>
File: /home/secondmath/Dropbox/GSPH/myreview/ml/cox.png Graphic file (type png)

 <use /home/secondmath/Dropbox/GSPH/myreview/ml/cox.png>
Package pdftex.def Info: /home/secondmath/Dropbox/GSPH/myreview/ml/cox.png used
 on input line 589.
(pdftex.def)             Requested size: 180.67499pt x 180.67676pt.
 [56

 </home/secondmath/Dropbox/GSPH/myreview/ml/cox.png>] [57

] [58

] [59

] [60

]
</home/secondmath/Dropbox/GSPH/myreview/ml/interpretation.png, id=2232, 664.482
5pt x 428.60126pt>
File: /home/secondmath/Dropbox/GSPH/myreview/ml/interpretation.png Graphic file
 (type png)

<use /home/secondmath/Dropbox/GSPH/myreview/ml/interpretation.png>
Package pdftex.def Info: /home/secondmath/Dropbox/GSPH/myreview/ml/interpretati
on.png used on input line 657.
(pdftex.def)             Requested size: 252.94499pt x 163.15138pt.
 [61

 </home/secondmath/Dropbox/GSPH/myreview/ml/interpretation.png (PNG copy)>]
</home/secondmath/Dropbox/GSPH/myreview/ml/ted.pdf, id=2263, 597.23125pt x 845.
1575pt>
File: /home/secondmath/Dropbox/GSPH/myreview/ml/ted.pdf Graphic file (type pdf)

 <use /home/secondmath/Dropbox/GSPH/myreview/ml/ted.pdf>
Package pdftex.def Info: /home/secondmath/Dropbox/GSPH/myreview/ml/ted.pdf used
 on input line 664.
(pdftex.def)             Requested size: 180.67499pt x 255.67705pt.

Overfull \vbox (19.26366pt too high) detected at line 664
 []

[62

 </home/secondmath/Dropbox/GSPH/myreview/ml/ted.pdf

pdfTeX warning: /usr/bin/pdflatex (file /home/secondmath/Dropbox/GSPH/myreview/
ml/ted.pdf): PDF inclusion: invalid other resource which is no dict (key 'CSML:
PProtB', type <array>); ignored.
>] [63

] [64

] [65

]
</home/secondmath/Dropbox/GSPH/myreview/ml/unsupervised_icml2012.pdf, id=2420, 
page=1, 614.295pt x 794.97pt>
File: /home/secondmath/Dropbox/GSPH/myreview/ml/unsupervised_icml2012.pdf Graph
ic file (type pdf)

<use /home/secondmath/Dropbox/GSPH/myreview/ml/unsupervised_icml2012.pdf, page 
1>
Package pdftex.def Info: /home/secondmath/Dropbox/GSPH/myreview/ml/unsupervised
_icml2012.pdf, page1 used on input line 707.
(pdftex.def)             Requested size: 171.14764pt x 221.48622pt.

</home/secondmath/Dropbox/GSPH/myreview/ml/CoatesHuvalWangWuNgCatanzaro_icml201
3.pdf, id=2421, page=1, 614.295pt x 794.97pt>
File: /home/secondmath/Dropbox/GSPH/myreview/ml/CoatesHuvalWangWuNgCatanzaro_ic
ml2013.pdf Graphic file (type pdf)

<use /home/secondmath/Dropbox/GSPH/myreview/ml/CoatesHuvalWangWuNgCatanzaro_icm
l2013.pdf, page 1>
Package pdftex.def Info: /home/secondmath/Dropbox/GSPH/myreview/ml/CoatesHuvalW
angWuNgCatanzaro_icml2013.pdf, page1 used on input line 707.
(pdftex.def)             Requested size: 171.14764pt x 221.48622pt.

Overfull \vbox (25.48224pt too high) detected at line 707
 []

[66

 </home/secondmath/Dropbox/GSPH/myreview/ml/unsupervised_icml2012.pdf> </home/s
econdmath/Dropbox/GSPH/myreview/ml/CoatesHuvalWangWuNgCatanzaro_icml2013.pdf>]
</home/secondmath/Dropbox/GSPH/myreview/journalreview/textmining6.png, id=2506,
 1114.1625pt x 643.40375pt>
File: /home/secondmath/Dropbox/GSPH/myreview/journalreview/textmining6.png Grap
hic file (type png)

<use /home/secondmath/Dropbox/GSPH/myreview/journalreview/textmining6.png>
Package pdftex.def Info: /home/secondmath/Dropbox/GSPH/myreview/journalreview/t
extmining6.png used on input line 719.
(pdftex.def)             Requested size: 325.215pt x 187.79968pt.

Overfull \vbox (7.7957pt too high) detected at line 719
 []

[67

 </home/secondmath/Dropbox/GSPH/myreview/journalreview/textmining6.png (PNG cop
y)>]
</home/secondmath/Dropbox/GSPH/myreview/journalreview/textmining7.png, id=2536,
 546.04pt x 271.0125pt>
File: /home/secondmath/Dropbox/GSPH/myreview/journalreview/textmining7.png Grap
hic file (type png)

<use /home/secondmath/Dropbox/GSPH/myreview/journalreview/textmining7.png>
Package pdftex.def Info: /home/secondmath/Dropbox/GSPH/myreview/journalreview/t
extmining7.png used on input line 725.
(pdftex.def)             Requested size: 289.07999pt x 143.47879pt.

[68

 </home/secondmath/Dropbox/GSPH/myreview/journalreview/textmining7.png (PNG cop
y)>]
</home/secondmath/Dropbox/GSPH/myreview/journalreview/textmining8.png, id=2565,
 524.96124pt x 324.21124pt>
File: /home/secondmath/Dropbox/GSPH/myreview/journalreview/textmining8.png Grap
hic file (type png)

<use /home/secondmath/Dropbox/GSPH/myreview/journalreview/textmining8.png>
Package pdftex.def Info: /home/secondmath/Dropbox/GSPH/myreview/journalreview/t
extmining8.png used on input line 732.
(pdftex.def)             Requested size: 289.07999pt x 178.53935pt.

[69

 </home/secondmath/Dropbox/GSPH/myreview/journalreview/textmining8.png (PNG cop
y)>]
</home/secondmath/Dropbox/GSPH/myreview/journalreview/textmining9.png, id=2594,
 527.9725pt x 301.125pt>
File: /home/secondmath/Dropbox/GSPH/myreview/journalreview/textmining9.png Grap
hic file (type png)

<use /home/secondmath/Dropbox/GSPH/myreview/journalreview/textmining9.png>
Package pdftex.def Info: /home/secondmath/Dropbox/GSPH/myreview/journalreview/t
extmining9.png used on input line 739.
(pdftex.def)             Requested size: 289.07999pt x 164.8749pt.

[70

 </home/secondmath/Dropbox/GSPH/myreview/journalreview/textmining9.png (PNG cop
y)>] (./DNN_presentation.toc) [71

] [72

] (./DNN_presentation.bbl
LaTeX Font Info:    Try loading font information for OMS+cmss on input line 6.
LaTeX Font Info:    No file OMScmss.fd. on input line 6.


LaTeX Font Warning: Font shape `OMS/cmss/m/it' undefined
(Font)              using `OMS/cmsy/m/n' instead on input line 6.


LaTeX Font Warning: Font shape `OMS/cmss/m/n' undefined
(Font)              using `OMS/cmsy/m/n' instead on input line 6.

) [73

] [74


]
\tf@nav=\write6
\openout6 = `DNN_presentation.nav'.

\tf@toc=\write7
\openout7 = `DNN_presentation.toc'.

\tf@snm=\write8
\openout8 = `DNN_presentation.snm'.

Package atveryend Info: Empty hook `BeforeClearDocument' on input line 767.
Package atveryend Info: Empty hook `AfterLastShipout' on input line 767.
 (./DNN_presentation.aux)
Package atveryend Info: Executing hook `AtVeryEndDocument' on input line 767.
Package atveryend Info: Executing hook `AtEndAfterFileList' on input line 767.
Package rerunfilecheck Info: File `DNN_presentation.out' has not changed.
(rerunfilecheck)             Checksum: 9F5E7E499BDA922A3E53D8A3F497622B;760.


LaTeX Font Warning: Size substitutions with differences
(Font)              up to 1.0pt have occurred.


LaTeX Font Warning: Some font shapes were not available, defaults substituted.

Package atveryend Info: Empty hook `AtVeryVeryEnd' on input line 767.
 ) 
Here is how much of TeX's memory you used:
 19047 strings out of 493304
 354138 string characters out of 6139871
 424828 words of memory out of 5000000
 21751 multiletter control sequences out of 15000+600000
 70745 words of font info for 246 fonts, out of 8000000 for 9000
 957 hyphenation exceptions out of 8191
 49i,17n,65p,424b,626s stack positions out of 5000i,500n,10000p,200000b,80000s
</usr/share/texlive/texmf-dist/fonts/type1/public/amsfonts/cm/cmbx10.pfb></us
r/share/texlive/texmf-dist/fonts/type1/public/amsfonts/cm/cmbx12.pfb></usr/shar
e/texlive/texmf-dist/fonts/type1/public/amsfonts/cm/cmcsc10.pfb></usr/share/tex
live/texmf-dist/fonts/type1/public/amsfonts/cm/cmex10.pfb></usr/share/texlive/t
exmf-dist/fonts/type1/public/amsfonts/cmextra/cmex7.pfb></usr/share/texlive/tex
mf-dist/fonts/type1/public/amsfonts/cm/cmmi10.pfb></usr/share/texlive/texmf-dis
t/fonts/type1/public/amsfonts/cm/cmmi5.pfb></usr/share/texlive/texmf-dist/fonts
/type1/public/amsfonts/cm/cmmi6.pfb></usr/share/texlive/texmf-dist/fonts/type1/
public/amsfonts/cm/cmmi8.pfb></usr/share/texlive/texmf-dist/fonts/type1/public/
amsfonts/cm/cmr10.pfb></usr/share/texlive/texmf-dist/fonts/type1/public/amsfont
s/cm/cmr8.pfb></usr/share/texlive/texmf-dist/fonts/type1/public/amsfonts/cm/cmr
9.pfb></usr/share/texlive/texmf-dist/fonts/type1/public/amsfonts/cm/cmss10.pfb>
</usr/share/texlive/texmf-dist/fonts/type1/public/amsfonts/cm/cmss12.pfb></usr/
share/texlive/texmf-dist/fonts/type1/public/amsfonts/cm/cmss8.pfb></usr/share/t
exlive/texmf-dist/fonts/type1/public/amsfonts/cm/cmss9.pfb></usr/share/texlive/
texmf-dist/fonts/type1/public/amsfonts/cm/cmssbx10.pfb></usr/share/texlive/texm
f-dist/fonts/type1/public/amsfonts/cm/cmssi10.pfb></usr/share/texlive/texmf-dis
t/fonts/type1/public/amsfonts/cm/cmssi8.pfb></usr/share/texlive/texmf-dist/font
s/type1/public/amsfonts/cm/cmsy10.pfb></usr/share/texlive/texmf-dist/fonts/type
1/public/amsfonts/cm/cmsy5.pfb></usr/share/texlive/texmf-dist/fonts/type1/publi
c/amsfonts/cm/cmsy6.pfb></usr/share/texlive/texmf-dist/fonts/type1/public/amsfo
nts/cm/cmsy8.pfb></usr/share/texlive/texmf-dist/fonts/type1/public/amsfonts/cm/
cmti10.pfb></usr/share/texlive/texmf-dist/fonts/type1/public/amsfonts/cm/cmti9.
pfb></usr/share/texlive/texmf-dist/fonts/type1/public/amsfonts/cm/cmtt10.pfb></
usr/share/texlive/texmf-dist/fonts/type1/public/amsfonts/cm/cmtt8.pfb></usr/sha
re/texlive/texmf-dist/fonts/type1/public/nanumtype1/nanumgtbac.pfb></usr/share/
texlive/texmf-dist/fonts/type1/public/nanumtype1/nanumgtbad.pfb></usr/share/tex
live/texmf-dist/fonts/type1/public/nanumtype1/nanumgtbae.pfb></usr/share/texliv
e/texmf-dist/fonts/type1/public/nanumtype1/nanumgtbaf.pfb></usr/share/texlive/t
exmf-dist/fonts/type1/public/nanumtype1/nanumgtbb0.pfb></usr/share/texlive/texm
f-dist/fonts/type1/public/nanumtype1/nanumgtbb1.pfb></usr/share/texlive/texmf-d
ist/fonts/type1/public/nanumtype1/nanumgtbb2.pfb></usr/share/texlive/texmf-dist
/fonts/type1/public/nanumtype1/nanumgtbb3.pfb></usr/share/texlive/texmf-dist/fo
nts/type1/public/nanumtype1/nanumgtbb4.pfb></usr/share/texlive/texmf-dist/fonts
/type1/public/nanumtype1/nanumgtbb5.pfb></usr/share/texlive/texmf-dist/fonts/ty
pe1/public/nanumtype1/nanumgtbb6.pfb></usr/share/texlive/texmf-dist/fonts/type1
/public/nanumtype1/nanumgtbb7.pfb></usr/share/texlive/texmf-dist/fonts/type1/pu
blic/nanumtype1/nanumgtbb8.pfb></usr/share/texlive/texmf-dist/fonts/type1/publi
c/nanumtype1/nanumgtbb9.pfb></usr/share/texlive/texmf-dist/fonts/type1/public/n
anumtype1/nanumgtbba.pfb></usr/share/texlive/texmf-dist/fonts/type1/public/nanu
mtype1/nanumgtbbb.pfb></usr/share/texlive/texmf-dist/fonts/type1/public/nanumty
pe1/nanumgtbbc.pfb></usr/share/texlive/texmf-dist/fonts/type1/public/nanumtype1
/nanumgtbbd.pfb></usr/share/texlive/texmf-dist/fonts/type1/public/nanumtype1/na
numgtbbe.pfb></usr/share/texlive/texmf-dist/fonts/type1/public/nanumtype1/nanum
gtbc0.pfb></usr/share/texlive/texmf-dist/fonts/type1/public/nanumtype1/nanumgtb
c1.pfb></usr/share/texlive/texmf-dist/fonts/type1/public/nanumtype1/nanumgtbc2.
pfb></usr/share/texlive/texmf-dist/fonts/type1/public/nanumtype1/nanumgtbc5.pfb
></usr/share/texlive/texmf-dist/fonts/type1/public/nanumtype1/nanumgtbc6.pfb></
usr/share/texlive/texmf-dist/fonts/type1/public/nanumtype1/nanumgtbc7.pfb></usr
/share/texlive/texmf-dist/fonts/type1/public/nanumtype1/nanumgtbc8.pfb></usr/sh
are/texlive/texmf-dist/fonts/type1/public/nanumtype1/nanumgtbc9.pfb></usr/share
/texlive/texmf-dist/fonts/type1/public/nanumtype1/nanumgtbca.pfb></usr/share/te
xlive/texmf-dist/fonts/type1/public/nanumtype1/nanumgtbcc.pfb></usr/share/texli
ve/texmf-dist/fonts/type1/public/nanumtype1/nanumgtbcd.pfb></usr/share/texlive/
texmf-dist/fonts/type1/public/nanumtype1/nanumgtbce.pfb></usr/share/texlive/tex
mf-dist/fonts/type1/public/nanumtype1/nanumgtbcf.pfb></usr/share/texlive/texmf-
dist/fonts/type1/public/nanumtype1/nanumgtbd0.pfb></usr/share/texlive/texmf-dis
t/fonts/type1/public/nanumtype1/nanumgtbd1.pfb></usr/share/texlive/texmf-dist/f
onts/type1/public/nanumtype1/nanumgtbd2.pfb></usr/share/texlive/texmf-dist/font
s/type1/public/nanumtype1/nanumgtbd3.pfb></usr/share/texlive/texmf-dist/fonts/t
ype1/public/nanumtype1/nanumgtbd4.pfb></usr/share/texlive/texmf-dist/fonts/type
1/public/nanumtype1/nanumgtbd5.pfb></usr/share/texlive/texmf-dist/fonts/type1/p
ublic/nanumtype1/nanumgtbd6.pfb></usr/share/texlive/texmf-dist/fonts/type1/publ
ic/nanumtype1/nanumgtmac.pfb></usr/share/texlive/texmf-dist/fonts/type1/public/
nanumtype1/nanumgtmad.pfb></usr/share/texlive/texmf-dist/fonts/type1/public/nan
umtype1/nanumgtmae.pfb></usr/share/texlive/texmf-dist/fonts/type1/public/nanumt
ype1/nanumgtmaf.pfb></usr/share/texlive/texmf-dist/fonts/type1/public/nanumtype
1/nanumgtmb0.pfb></usr/share/texlive/texmf-dist/fonts/type1/public/nanumtype1/n
anumgtmb1.pfb></usr/share/texlive/texmf-dist/fonts/type1/public/nanumtype1/nanu
mgtmb2.pfb></usr/share/texlive/texmf-dist/fonts/type1/public/nanumtype1/nanumgt
mb3.pfb></usr/share/texlive/texmf-dist/fonts/type1/public/nanumtype1/nanumgtmb4
.pfb></usr/share/texlive/texmf-dist/fonts/type1/public/nanumtype1/nanumgtmb5.pf
b></usr/share/texlive/texmf-dist/fonts/type1/public/nanumtype1/nanumgtmb7.pfb><
/usr/share/texlive/texmf-dist/fonts/type1/public/nanumtype1/nanumgtmb8.pfb></us
r/share/texlive/texmf-dist/fonts/type1/public/nanumtype1/nanumgtmb9.pfb></usr/s
hare/texlive/texmf-dist/fonts/type1/public/nanumtype1/nanumgtmba.pfb></usr/shar
e/texlive/texmf-dist/fonts/type1/public/nanumtype1/nanumgtmbb.pfb></usr/share/t
exlive/texmf-dist/fonts/type1/public/nanumtype1/nanumgtmbc.pfb></usr/share/texl
ive/texmf-dist/fonts/type1/public/nanumtype1/nanumgtmbd.pfb></usr/share/texlive
/texmf-dist/fonts/type1/public/nanumtype1/nanumgtmbe.pfb></usr/share/texlive/te
xmf-dist/fonts/type1/public/nanumtype1/nanumgtmc0.pfb></usr/share/texlive/texmf
-dist/fonts/type1/public/nanumtype1/nanumgtmc1.pfb></usr/share/texlive/texmf-di
st/fonts/type1/public/nanumtype1/nanumgtmc2.pfb></usr/share/texlive/texmf-dist/
fonts/type1/public/nanumtype1/nanumgtmc5.pfb></usr/share/texlive/texmf-dist/fon
ts/type1/public/nanumtype1/nanumgtmc6.pfb></usr/share/texlive/texmf-dist/fonts/
type1/public/nanumtype1/nanumgtmc7.pfb></usr/share/texlive/texmf-dist/fonts/typ
e1/public/nanumtype1/nanumgtmc8.pfb></usr/share/texlive/texmf-dist/fonts/type1/
public/nanumtype1/nanumgtmc9.pfb></usr/share/texlive/texmf-dist/fonts/type1/pub
lic/nanumtype1/nanumgtmcc.pfb></usr/share/texlive/texmf-dist/fonts/type1/public
/nanumtype1/nanumgtmcd.pfb></usr/share/texlive/texmf-dist/fonts/type1/public/na
numtype1/nanumgtmce.pfb></usr/share/texlive/texmf-dist/fonts/type1/public/nanum
type1/nanumgtmd0.pfb></usr/share/texlive/texmf-dist/fonts/type1/public/nanumtyp
e1/nanumgtmd1.pfb></usr/share/texlive/texmf-dist/fonts/type1/public/nanumtype1/
nanumgtmd2.pfb></usr/share/texlive/texmf-dist/fonts/type1/public/nanumtype1/nan
umgtmd3.pfb></usr/share/texlive/texmf-dist/fonts/type1/public/nanumtype1/nanumg
tmd4.pfb></usr/share/texlive/texmf-dist/fonts/type1/public/nanumtype1/nanumgtmd
5.pfb></usr/share/texlive/texmf-dist/fonts/type1/public/nanumtype1/nanumgtmd6.p
fb></usr/share/texlive/texmf-dist/fonts/type1/public/nanumtype1/nanumgtmd7.pfb>

Output written on DNN_presentation.pdf (74 pages, 4422602 bytes).
PDF statistics:
 3091 PDF objects out of 3580 (max. 8388607)
 2743 compressed objects within 28 object streams
 167 named destinations out of 1000 (max. 500000)
 400 words of extra memory for PDF output out of 10000 (max. 10000000)

