This is pdfTeX, Version 3.1415926-2.5-1.40.14 (TeX Live 2013/Debian) (format=pdflatex 2013.11.25)  2 DEC 2013 17:36
entering extended mode
 restricted \write18 enabled.
 %&-line parsing enabled.
**duty.tex
(./duty.tex
LaTeX2e <2011/06/27>
Babel <3.9f> and hyphenation patterns for 2 languages loaded.
(/usr/share/texlive/texmf-dist/tex/latex/base/article.cls
Document Class: article 2007/10/19 v1.4h Standard LaTeX document class
(/usr/share/texlive/texmf-dist/tex/latex/base/size11.clo
File: size11.clo 2007/10/19 v1.4h Standard LaTeX file (size option)
)
\c@part=\count79
\c@section=\count80
\c@subsection=\count81
\c@subsubsection=\count82
\c@paragraph=\count83
\c@subparagraph=\count84
\c@figure=\count85
\c@table=\count86
\abovecaptionskip=\skip41
\belowcaptionskip=\skip42
\bibindent=\dimen102
)
(/usr/share/texlive/texmf-dist/tex/latex/amsmath/amsmath.sty
Package: amsmath 2013/01/14 v2.14 AMS math features
\@mathmargin=\skip43

For additional information on amsmath, use the `?' option.
(/usr/share/texlive/texmf-dist/tex/latex/amsmath/amstext.sty
Package: amstext 2000/06/29 v2.01

(/usr/share/texlive/texmf-dist/tex/latex/amsmath/amsgen.sty
File: amsgen.sty 1999/11/30 v2.0
\@emptytoks=\toks14
\ex@=\dimen103
))
(/usr/share/texlive/texmf-dist/tex/latex/amsmath/amsbsy.sty
Package: amsbsy 1999/11/29 v1.2d
\pmbraise@=\dimen104
)
(/usr/share/texlive/texmf-dist/tex/latex/amsmath/amsopn.sty
Package: amsopn 1999/12/14 v2.01 operator names
)
\inf@bad=\count87
LaTeX Info: Redefining \frac on input line 210.
\uproot@=\count88
\leftroot@=\count89
LaTeX Info: Redefining \overline on input line 306.
\classnum@=\count90
\DOTSCASE@=\count91
LaTeX Info: Redefining \ldots on input line 378.
LaTeX Info: Redefining \dots on input line 381.
LaTeX Info: Redefining \cdots on input line 466.
\Mathstrutbox@=\box26
\strutbox@=\box27
\big@size=\dimen105
LaTeX Font Info:    Redeclaring font encoding OML on input line 566.
LaTeX Font Info:    Redeclaring font encoding OMS on input line 567.
\macc@depth=\count92
\c@MaxMatrixCols=\count93
\dotsspace@=\muskip10
\c@parentequation=\count94
\dspbrk@lvl=\count95
\tag@help=\toks15
\row@=\count96
\column@=\count97
\maxfields@=\count98
\andhelp@=\toks16
\eqnshift@=\dimen106
\alignsep@=\dimen107
\tagshift@=\dimen108
\tagwidth@=\dimen109
\totwidth@=\dimen110
\lineht@=\dimen111
\@envbody=\toks17
\multlinegap=\skip44
\multlinetaggap=\skip45
\mathdisplay@stack=\toks18
LaTeX Info: Redefining \[ on input line 2665.
LaTeX Info: Redefining \] on input line 2666.
)
(/usr/share/texlive/texmf-dist/tex/latex/amsfonts/amssymb.sty
Package: amssymb 2013/01/14 v3.01 AMS font symbols

(/usr/share/texlive/texmf-dist/tex/latex/amsfonts/amsfonts.sty
Package: amsfonts 2013/01/14 v3.01 Basic AMSFonts support
\symAMSa=\mathgroup4
\symAMSb=\mathgroup5
LaTeX Font Info:    Overwriting math alphabet `\mathfrak' in version `bold'
(Font)                  U/euf/m/n --> U/euf/b/n on input line 106.
))
(/usr/share/texmf/tex/latex/kotex/kotex.sty
Package: kotex 2007/07/15 v0.1.0 Korean TeX (ko.TeX)

(/usr/share/texmf/tex/latex/kotex/kotex.cfg)
(/usr/share/texmf/tex/latex/kotex/utf/dhucs.sty
Package: dhucs 2007/10/07 v4.0.9 typesetting UTF-8 Korean documents

(/usr/share/texlive/texmf-dist/tex/latex/base/inputenc.sty
Package: inputenc 2008/03/30 v1.1d Input encoding file
\inpenc@prehook=\toks19
\inpenc@posthook=\toks20

(/usr/share/texlive/texmf-dist/tex/latex/base/utf8.def
File: utf8.def 2008/04/05 v1.1m UTF-8 support for inputenc
Now handling font encoding OML ...
... no UTF-8 mapping file for font encoding OML
Now handling font encoding T1 ...
... processing UTF-8 mapping file for font encoding T1

(/usr/share/texlive/texmf-dist/tex/latex/base/t1enc.dfu
File: t1enc.dfu 2008/04/05 v1.1m UTF-8 support for inputenc
   defining Unicode char U+00A1 (decimal 161)
   defining Unicode char U+00A3 (decimal 163)
   defining Unicode char U+00AB (decimal 171)
   defining Unicode char U+00BB (decimal 187)
   defining Unicode char U+00BF (decimal 191)
   defining Unicode char U+00C0 (decimal 192)
   defining Unicode char U+00C1 (decimal 193)
   defining Unicode char U+00C2 (decimal 194)
   defining Unicode char U+00C3 (decimal 195)
   defining Unicode char U+00C4 (decimal 196)
   defining Unicode char U+00C5 (decimal 197)
   defining Unicode char U+00C6 (decimal 198)
   defining Unicode char U+00C7 (decimal 199)
   defining Unicode char U+00C8 (decimal 200)
   defining Unicode char U+00C9 (decimal 201)
   defining Unicode char U+00CA (decimal 202)
   defining Unicode char U+00CB (decimal 203)
   defining Unicode char U+00CC (decimal 204)
   defining Unicode char U+00CD (decimal 205)
   defining Unicode char U+00CE (decimal 206)
   defining Unicode char U+00CF (decimal 207)
   defining Unicode char U+00D0 (decimal 208)
   defining Unicode char U+00D1 (decimal 209)
   defining Unicode char U+00D2 (decimal 210)
   defining Unicode char U+00D3 (decimal 211)
   defining Unicode char U+00D4 (decimal 212)
   defining Unicode char U+00D5 (decimal 213)
   defining Unicode char U+00D6 (decimal 214)
   defining Unicode char U+00D8 (decimal 216)
   defining Unicode char U+00D9 (decimal 217)
   defining Unicode char U+00DA (decimal 218)
   defining Unicode char U+00DB (decimal 219)
   defining Unicode char U+00DC (decimal 220)
   defining Unicode char U+00DD (decimal 221)
   defining Unicode char U+00DE (decimal 222)
   defining Unicode char U+00DF (decimal 223)
   defining Unicode char U+00E0 (decimal 224)
   defining Unicode char U+00E1 (decimal 225)
   defining Unicode char U+00E2 (decimal 226)
   defining Unicode char U+00E3 (decimal 227)
   defining Unicode char U+00E4 (decimal 228)
   defining Unicode char U+00E5 (decimal 229)
   defining Unicode char U+00E6 (decimal 230)
   defining Unicode char U+00E7 (decimal 231)
   defining Unicode char U+00E8 (decimal 232)
   defining Unicode char U+00E9 (decimal 233)
   defining Unicode char U+00EA (decimal 234)
   defining Unicode char U+00EB (decimal 235)
   defining Unicode char U+00EC (decimal 236)
   defining Unicode char U+00ED (decimal 237)
   defining Unicode char U+00EE (decimal 238)
   defining Unicode char U+00EF (decimal 239)
   defining Unicode char U+00F0 (decimal 240)
   defining Unicode char U+00F1 (decimal 241)
   defining Unicode char U+00F2 (decimal 242)
   defining Unicode char U+00F3 (decimal 243)
   defining Unicode char U+00F4 (decimal 244)
   defining Unicode char U+00F5 (decimal 245)
   defining Unicode char U+00F6 (decimal 246)
   defining Unicode char U+00F8 (decimal 248)
   defining Unicode char U+00F9 (decimal 249)
   defining Unicode char U+00FA (decimal 250)
   defining Unicode char U+00FB (decimal 251)
   defining Unicode char U+00FC (decimal 252)
   defining Unicode char U+00FD (decimal 253)
   defining Unicode char U+00FE (decimal 254)
   defining Unicode char U+00FF (decimal 255)
   defining Unicode char U+0102 (decimal 258)
   defining Unicode char U+0103 (decimal 259)
   defining Unicode char U+0104 (decimal 260)
   defining Unicode char U+0105 (decimal 261)
   defining Unicode char U+0106 (decimal 262)
   defining Unicode char U+0107 (decimal 263)
   defining Unicode char U+010C (decimal 268)
   defining Unicode char U+010D (decimal 269)
   defining Unicode char U+010E (decimal 270)
   defining Unicode char U+010F (decimal 271)
   defining Unicode char U+0110 (decimal 272)
   defining Unicode char U+0111 (decimal 273)
   defining Unicode char U+0118 (decimal 280)
   defining Unicode char U+0119 (decimal 281)
   defining Unicode char U+011A (decimal 282)
   defining Unicode char U+011B (decimal 283)
   defining Unicode char U+011E (decimal 286)
   defining Unicode char U+011F (decimal 287)
   defining Unicode char U+0130 (decimal 304)
   defining Unicode char U+0131 (decimal 305)
   defining Unicode char U+0132 (decimal 306)
   defining Unicode char U+0133 (decimal 307)
   defining Unicode char U+0139 (decimal 313)
   defining Unicode char U+013A (decimal 314)
   defining Unicode char U+013D (decimal 317)
   defining Unicode char U+013E (decimal 318)
   defining Unicode char U+0141 (decimal 321)
   defining Unicode char U+0142 (decimal 322)
   defining Unicode char U+0143 (decimal 323)
   defining Unicode char U+0144 (decimal 324)
   defining Unicode char U+0147 (decimal 327)
   defining Unicode char U+0148 (decimal 328)
   defining Unicode char U+014A (decimal 330)
   defining Unicode char U+014B (decimal 331)
   defining Unicode char U+0150 (decimal 336)
   defining Unicode char U+0151 (decimal 337)
   defining Unicode char U+0152 (decimal 338)
   defining Unicode char U+0153 (decimal 339)
   defining Unicode char U+0154 (decimal 340)
   defining Unicode char U+0155 (decimal 341)
   defining Unicode char U+0158 (decimal 344)
   defining Unicode char U+0159 (decimal 345)
   defining Unicode char U+015A (decimal 346)
   defining Unicode char U+015B (decimal 347)
   defining Unicode char U+015E (decimal 350)
   defining Unicode char U+015F (decimal 351)
   defining Unicode char U+0160 (decimal 352)
   defining Unicode char U+0161 (decimal 353)
   defining Unicode char U+0162 (decimal 354)
   defining Unicode char U+0163 (decimal 355)
   defining Unicode char U+0164 (decimal 356)
   defining Unicode char U+0165 (decimal 357)
   defining Unicode char U+016E (decimal 366)
   defining Unicode char U+016F (decimal 367)
   defining Unicode char U+0170 (decimal 368)
   defining Unicode char U+0171 (decimal 369)
   defining Unicode char U+0178 (decimal 376)
   defining Unicode char U+0179 (decimal 377)
   defining Unicode char U+017A (decimal 378)
   defining Unicode char U+017B (decimal 379)
   defining Unicode char U+017C (decimal 380)
   defining Unicode char U+017D (decimal 381)
   defining Unicode char U+017E (decimal 382)
   defining Unicode char U+200C (decimal 8204)
   defining Unicode char U+2013 (decimal 8211)
   defining Unicode char U+2014 (decimal 8212)
   defining Unicode char U+2018 (decimal 8216)
   defining Unicode char U+2019 (decimal 8217)
   defining Unicode char U+201A (decimal 8218)
   defining Unicode char U+201C (decimal 8220)
   defining Unicode char U+201D (decimal 8221)
   defining Unicode char U+201E (decimal 8222)
   defining Unicode char U+2030 (decimal 8240)
   defining Unicode char U+2031 (decimal 8241)
   defining Unicode char U+2039 (decimal 8249)
   defining Unicode char U+203A (decimal 8250)
   defining Unicode char U+2423 (decimal 9251)
)
Now handling font encoding OT1 ...
... processing UTF-8 mapping file for font encoding OT1

(/usr/share/texlive/texmf-dist/tex/latex/base/ot1enc.dfu
File: ot1enc.dfu 2008/04/05 v1.1m UTF-8 support for inputenc
   defining Unicode char U+00A1 (decimal 161)
   defining Unicode char U+00A3 (decimal 163)
   defining Unicode char U+00B8 (decimal 184)
   defining Unicode char U+00BF (decimal 191)
   defining Unicode char U+00C5 (decimal 197)
   defining Unicode char U+00C6 (decimal 198)
   defining Unicode char U+00D8 (decimal 216)
   defining Unicode char U+00DF (decimal 223)
   defining Unicode char U+00E6 (decimal 230)
   defining Unicode char U+00EC (decimal 236)
   defining Unicode char U+00ED (decimal 237)
   defining Unicode char U+00EE (decimal 238)
   defining Unicode char U+00EF (decimal 239)
   defining Unicode char U+00F8 (decimal 248)
   defining Unicode char U+0131 (decimal 305)
   defining Unicode char U+0141 (decimal 321)
   defining Unicode char U+0142 (decimal 322)
   defining Unicode char U+0152 (decimal 338)
   defining Unicode char U+0153 (decimal 339)
   defining Unicode char U+2013 (decimal 8211)
   defining Unicode char U+2014 (decimal 8212)
   defining Unicode char U+2018 (decimal 8216)
   defining Unicode char U+2019 (decimal 8217)
   defining Unicode char U+201C (decimal 8220)
   defining Unicode char U+201D (decimal 8221)
)
Now handling font encoding OMS ...
... processing UTF-8 mapping file for font encoding OMS

(/usr/share/texlive/texmf-dist/tex/latex/base/omsenc.dfu
File: omsenc.dfu 2008/04/05 v1.1m UTF-8 support for inputenc
   defining Unicode char U+00A7 (decimal 167)
   defining Unicode char U+00B6 (decimal 182)
   defining Unicode char U+00B7 (decimal 183)
   defining Unicode char U+2020 (decimal 8224)
   defining Unicode char U+2021 (decimal 8225)
   defining Unicode char U+2022 (decimal 8226)
)
Now handling font encoding OMX ...
... no UTF-8 mapping file for font encoding OMX
Now handling font encoding U ...
... no UTF-8 mapping file for font encoding U
   defining Unicode char U+00A9 (decimal 169)
   defining Unicode char U+00AA (decimal 170)
   defining Unicode char U+00AE (decimal 174)
   defining Unicode char U+00BA (decimal 186)
   defining Unicode char U+02C6 (decimal 710)
   defining Unicode char U+02DC (decimal 732)
   defining Unicode char U+200C (decimal 8204)
   defining Unicode char U+2026 (decimal 8230)
   defining Unicode char U+2122 (decimal 8482)
   defining Unicode char U+2423 (decimal 9251)
))
Now handling font encoding LUC ...
... processing UTF-8 mapping file for font encoding LUC

(/usr/share/texmf/tex/latex/kotex/utf/lucenc.dfu
File: lucenc.dfu 2007/09/05 UTF-8 support for hangul-ucs
   defining Unicode char U+00B7 (decimal 183)
   defining Unicode char U+2018 (decimal 8216)
   defining Unicode char U+2019 (decimal 8217)
   defining Unicode char U+201C (decimal 8220)
   defining Unicode char U+201D (decimal 8221)
   defining Unicode char U+3001 (decimal 12289)
   defining Unicode char U+3002 (decimal 12290)
   defining Unicode char U+3008 (decimal 12296)
   defining Unicode char U+3009 (decimal 12297)
   defining Unicode char U+300A (decimal 12298)
   defining Unicode char U+300B (decimal 12299)
   defining Unicode char U+300C (decimal 12300)
   defining Unicode char U+300D (decimal 12301)
   defining Unicode char U+300E (decimal 12302)
   defining Unicode char U+300F (decimal 12303)
   defining Unicode char U+3010 (decimal 12304)
   defining Unicode char U+3011 (decimal 12305)
   defining Unicode char U+3014 (decimal 12308)
   defining Unicode char U+3015 (decimal 12309)
   defining Unicode char U+3016 (decimal 12310)
   defining Unicode char U+3017 (decimal 12311)
   defining Unicode char U+3018 (decimal 12312)
   defining Unicode char U+3019 (decimal 12313)
   defining Unicode char U+301A (decimal 12314)
   defining Unicode char U+301B (decimal 12315)
   defining Unicode char U+FF01 (decimal 65281)
   defining Unicode char U+FF08 (decimal 65288)
   defining Unicode char U+FF09 (decimal 65289)
   defining Unicode char U+FF0C (decimal 65292)
   defining Unicode char U+FF0E (decimal 65294)
   defining Unicode char U+FF1A (decimal 65306)
   defining Unicode char U+FF1B (decimal 65307)
   defining Unicode char U+FF1C (decimal 65308)
   defining Unicode char U+FF1D (decimal 65309)
   defining Unicode char U+FF1E (decimal 65310)
   defining Unicode char U+FF1F (decimal 65311)
   defining Unicode char U+FF3B (decimal 65339)
   defining Unicode char U+FF3D (decimal 65341)
   defining Unicode char U+FF5B (decimal 65371)
   defining Unicode char U+FF5D (decimal 65373)
   defining Unicode char U+FF61 (decimal 65377)
   defining Unicode char U+FF62 (decimal 65378)
   defining Unicode char U+FF63 (decimal 65379)
   defining Unicode char U+FF64 (decimal 65380)
   defining Unicode char U+FF65 (decimal 65381)
)
\unih@ngulpoint=\count99
\@josa=\count100
\dhucs@emph@raise=\dimen112
\josatoks=\toks21

(/usr/share/texmf/tex/latex/kotex/utf/kosections-utf.tex
File: kosections-utf 2007/07/14 hangul option to kotex/utf
   defining Unicode char U+00BC (decimal 188)
   defining Unicode char U+00BD (decimal 189)
   defining Unicode char U+00BE (decimal 190)
   defining Unicode char U+02D0 (decimal 720)
   defining Unicode char U+2025 (decimal 8229)
   defining Unicode char U+2015 (decimal 8213)
   defining Unicode char U+2312 (decimal 8978)
   defining Unicode char U+203B (decimal 8251)

(/usr/share/texmf/tex/latex/kotex/utf/konames-utf.tex)
\raisedotdim=\dimen113
\dhucs@emph@width=\dimen114
\useremphraisedim=\dimen115
)))
(/usr/share/texlive/texmf-dist/tex/latex/url/url.sty
\Urlmuskip=\muskip11
Package: url 2006/04/12  ver 3.3  Verb mode for urls, etc.
)
(/usr/share/texlive/texmf-dist/tex/latex/tools/tabularx.sty
Package: tabularx 1999/01/07 v2.07 `tabularx' package (DPC)

(/usr/share/texlive/texmf-dist/tex/latex/tools/array.sty
Package: array 2008/09/09 v2.4c Tabular extension package (FMi)
\col@sep=\dimen116
\extrarowheight=\dimen117
\NC@list=\toks22
\extratabsurround=\skip46
\backup@length=\skip47
)
\TX@col@width=\dimen118
\TX@old@table=\dimen119
\TX@old@col=\dimen120
\TX@target=\dimen121
\TX@delta=\dimen122
\TX@cols=\count101
\TX@ftn=\toks23
)
(/usr/share/texlive/texmf-dist/tex/latex/rotating/rotating.sty
Package: rotating 2009/03/28 v2.16a rotated objects in LaTeX

(/usr/share/texlive/texmf-dist/tex/latex/graphics/graphicx.sty
Package: graphicx 1999/02/16 v1.0f Enhanced LaTeX Graphics (DPC,SPQR)

(/usr/share/texlive/texmf-dist/tex/latex/graphics/keyval.sty
Package: keyval 1999/03/16 v1.13 key=value parser (DPC)
\KV@toks@=\toks24
)
(/usr/share/texlive/texmf-dist/tex/latex/graphics/graphics.sty
Package: graphics 2009/02/05 v1.0o Standard LaTeX Graphics (DPC,SPQR)

(/usr/share/texlive/texmf-dist/tex/latex/graphics/trig.sty
Package: trig 1999/03/16 v1.09 sin cos tan (DPC)
)
(/usr/share/texlive/texmf-dist/tex/latex/latexconfig/graphics.cfg
File: graphics.cfg 2010/04/23 v1.9 graphics configuration of TeX Live
)
Package graphics Info: Driver file: pdftex.def on input line 91.

(/usr/share/texlive/texmf-dist/tex/latex/pdftex-def/pdftex.def
File: pdftex.def 2011/05/27 v0.06d Graphics/color for pdfTeX

(/usr/share/texlive/texmf-dist/tex/generic/oberdiek/infwarerr.sty
Package: infwarerr 2010/04/08 v1.3 Providing info/warning/error messages (HO)
)
(/usr/share/texlive/texmf-dist/tex/generic/oberdiek/ltxcmds.sty
Package: ltxcmds 2011/11/09 v1.22 LaTeX kernel commands for general use (HO)
)
\Gread@gobject=\count102
))
\Gin@req@height=\dimen123
\Gin@req@width=\dimen124
)
(/usr/share/texlive/texmf-dist/tex/latex/base/ifthen.sty
Package: ifthen 2001/05/26 v1.1c Standard LaTeX ifthen package (DPC)
)
\c@r@tfl@t=\count103
\rotFPtop=\skip48
\rotFPbot=\skip49
\rot@float@box=\box28
\rot@mess@toks=\toks25
) (./duty.aux)
\openout1 = `duty.aux'.

LaTeX Font Info:    Checking defaults for OML/cmm/m/it on input line 30.
LaTeX Font Info:    ... okay on input line 30.
LaTeX Font Info:    Checking defaults for T1/cmr/m/n on input line 30.
LaTeX Font Info:    ... okay on input line 30.
LaTeX Font Info:    Checking defaults for OT1/cmr/m/n on input line 30.
LaTeX Font Info:    ... okay on input line 30.
LaTeX Font Info:    Checking defaults for OMS/cmsy/m/n on input line 30.
LaTeX Font Info:    ... okay on input line 30.
LaTeX Font Info:    Checking defaults for OMX/cmex/m/n on input line 30.
LaTeX Font Info:    ... okay on input line 30.
LaTeX Font Info:    Checking defaults for U/cmr/m/n on input line 30.
LaTeX Font Info:    ... okay on input line 30.
LaTeX Font Info:    Checking defaults for LUC/utbt/m/n on input line 30.
LaTeX Font Info:    Try loading font information for LUC+utbt on input line 30.


(/usr/share/texmf/tex/latex/kotex/utf/unfonts/LUCutbt.fd)
LaTeX Font Info:    ... okay on input line 30.

(/usr/share/texlive/texmf-dist/tex/context/base/supp-pdf.mkii
[Loading MPS to PDF converter (version 2006.09.02).]
\scratchcounter=\count104
\scratchdimen=\dimen125
\scratchbox=\box29
\nofMPsegments=\count105
\nofMParguments=\count106
\everyMPshowfont=\toks26
\MPscratchCnt=\count107
\MPscratchDim=\dimen126
\MPnumerator=\count108
\makeMPintoPDFobject=\count109
\everyMPtoPDFconversion=\toks27
) (/usr/share/texlive/texmf-dist/tex/generic/oberdiek/pdftexcmds.sty
Package: pdftexcmds 2011/11/29 v0.20 Utility functions of pdfTeX for LuaTeX (HO
)

(/usr/share/texlive/texmf-dist/tex/generic/oberdiek/ifluatex.sty
Package: ifluatex 2010/03/01 v1.3 Provides the ifluatex switch (HO)
Package ifluatex Info: LuaTeX not detected.
)
(/usr/share/texlive/texmf-dist/tex/generic/oberdiek/ifpdf.sty
Package: ifpdf 2011/01/30 v2.3 Provides the ifpdf switch (HO)
Package ifpdf Info: pdfTeX in PDF mode is detected.
)
Package pdftexcmds Info: LuaTeX not detected.
Package pdftexcmds Info: \pdf@primitive is available.
Package pdftexcmds Info: \pdf@ifprimitive is available.
Package pdftexcmds Info: \pdfdraftmode found.
)
(/usr/share/texlive/texmf-dist/tex/latex/oberdiek/epstopdf-base.sty
Package: epstopdf-base 2010/02/09 v2.5 Base part for package epstopdf

(/usr/share/texlive/texmf-dist/tex/latex/oberdiek/grfext.sty
Package: grfext 2010/08/19 v1.1 Manage graphics extensions (HO)

(/usr/share/texlive/texmf-dist/tex/generic/oberdiek/kvdefinekeys.sty
Package: kvdefinekeys 2011/04/07 v1.3 Define keys (HO)
))
(/usr/share/texlive/texmf-dist/tex/latex/oberdiek/kvoptions.sty
Package: kvoptions 2011/06/30 v3.11 Key value format for package options (HO)

(/usr/share/texlive/texmf-dist/tex/generic/oberdiek/kvsetkeys.sty
Package: kvsetkeys 2012/04/25 v1.16 Key value parser (HO)

(/usr/share/texlive/texmf-dist/tex/generic/oberdiek/etexcmds.sty
Package: etexcmds 2011/02/16 v1.5 Avoid name clashes with e-TeX commands (HO)
Package etexcmds Info: Could not find \expanded.
(etexcmds)             That can mean that you are not using pdfTeX 1.50 or
(etexcmds)             that some package has redefined \expanded.
(etexcmds)             In the latter case, load this package earlier.
)))
Package grfext Info: Graphics extension search list:
(grfext)             [.png,.pdf,.jpg,.mps,.jpeg,.jbig2,.jb2,.PNG,.PDF,.JPG,.JPE
G,.JBIG2,.JB2,.eps]
(grfext)             \AppendGraphicsExtensions on input line 452.

(/usr/share/texlive/texmf-dist/tex/latex/latexconfig/epstopdf-sys.cfg
File: epstopdf-sys.cfg 2010/07/13 v1.3 Configuration of (r)epstopdf for TeX Liv
e
))
LaTeX Font Info:    Font shape `LUC/utbt/bx/n' in size <17.28> not available
(Font)              Font shape `LUC/utbt/b/n' tried instead on input line 31.
LaTeX Font Info:    Try loading font information for U+msa on input line 31.

(/usr/share/texlive/texmf-dist/tex/latex/amsfonts/umsa.fd
File: umsa.fd 2013/01/14 v3.01 AMS symbols A
)
LaTeX Font Info:    Try loading font information for U+msb on input line 31.

(/usr/share/texlive/texmf-dist/tex/latex/amsfonts/umsb.fd
File: umsb.fd 2013/01/14 v3.01 AMS symbols B
)
LaTeX Font Info:    Font shape `LUC/utbt/bx/n' in size <12> not available
(Font)              Font shape `LUC/utbt/b/n' tried instead on input line 31.
LaTeX Font Info:    Font shape `LUC/utbt/bx/n' in size <10> not available
(Font)              Font shape `LUC/utbt/b/n' tried instead on input line 33.
LaTeX Font Info:    Font shape `LUC/utbt/bx/n' in size <14.4> not available
(Font)              Font shape `LUC/utbt/b/n' tried instead on input line 37.

Underfull \hbox (badness 10000) in paragraph at lines 38--41

 []

[1

{/var/lib/texmf/fonts/map/pdftex/updmap/pdftex.map}]
</home/secondmath/Dropbox/consult/dutyarticle/war_distro_2010.jpg, id=63, 907.3
9pt x 1003.75pt>
File: /home/secondmath/Dropbox/consult/dutyarticle/war_distro_2010.jpg Graphic 
file (type jpg)

<use /home/secondmath/Dropbox/consult/dutyarticle/war_distro_2010.jpg>
Package pdftex.def Info: /home/secondmath/Dropbox/consult/dutyarticle/war_distr
o_2010.jpg used on input line 60.
(pdftex.def)             Requested size: 216.81pt x 239.83281pt.
 [2]
[3 </home/secondmath/Dropbox/consult/dutyarticle/war_distro_2010.jpg>]

LaTeX Warning: Command \textendash invalid in math mode on input line 82.


Underfull \hbox (badness 10000) in paragraph at lines 83--85

 []


Underfull \hbox (badness 10000) in paragraph at lines 83--85

 []

[4]

LaTeX Warning: Command \textendash invalid in math mode on input line 137.


Underfull \hbox (badness 10000) in paragraph at lines 138--140

 []


Underfull \hbox (badness 10000) in paragraph at lines 138--140

 []

[5]
Underfull \hbox (badness 10000) in paragraph at lines 167--168

 []


</home/secondmath/Dropbox/consult/dutyarticle/UZR.jpg, id=83, 882.29625pt x 667
.49374pt>
File: /home/secondmath/Dropbox/consult/dutyarticle/UZR.jpg Graphic file (type j
pg)
 <use /home/secondmath/Dropbox/consult/dutyarticle/UZR.jpg>
Package pdftex.def Info: /home/secondmath/Dropbox/consult/dutyarticle/UZR.jpg u
sed on input line 174.
(pdftex.def)             Requested size: 216.81pt x 164.0212pt.
 [6]
</home/secondmath/Dropbox/consult/dutyarticle/UZR-CoverageView-NL-2009_medium.p
ng, id=87, 456.70625pt x 381.425pt>
File: /home/secondmath/Dropbox/consult/dutyarticle/UZR-CoverageView-NL-2009_med
ium.png Graphic file (type png)

<use /home/secondmath/Dropbox/consult/dutyarticle/UZR-CoverageView-NL-2009_medi
um.png>
Package pdftex.def Info: /home/secondmath/Dropbox/consult/dutyarticle/UZR-Cover
ageView-NL-2009_medium.png used on input line 223.
(pdftex.def)             Requested size: 187.90244pt x 156.92651pt.

</home/secondmath/Dropbox/consult/dutyarticle/UZR-CoverageView-STL-2009_medium.
png, id=88, 456.70625pt x 381.425pt>
File: /home/secondmath/Dropbox/consult/dutyarticle/UZR-CoverageView-STL-2009_me
dium.png Graphic file (type png)

<use /home/secondmath/Dropbox/consult/dutyarticle/UZR-CoverageView-STL-2009_med
ium.png>
Package pdftex.def Info: /home/secondmath/Dropbox/consult/dutyarticle/UZR-Cover
ageView-STL-2009_medium.png used on input line 224.
(pdftex.def)             Requested size: 187.90244pt x 156.92651pt.
 [7 </home/secondmath/Dropbox/consult/dutyarticle/UZR.jpg>] [8 </home/secondmat
h/Dropbox/consult/dutyarticle/UZR-CoverageView-NL-2009_medium.png> </home/secon
dmath/Dropbox/consult/dutyarticle/UZR-CoverageView-STL-2009_medium.png>]

LaTeX Warning: Command \textendash invalid in math mode on input line 239.


LaTeX Warning: Command \textendash invalid in math mode on input line 239.


Underfull \hbox (badness 10000) in paragraph at lines 242--243

 []


Underfull \hbox (badness 10000) in paragraph at lines 244--245

 []

[9]
</home/secondmath/Dropbox/consult/dutyarticle/UBR-wSB-data_2013_indians.jpg, id
=99, 461.47406pt x 151.3153pt>
File: /home/secondmath/Dropbox/consult/dutyarticle/UBR-wSB-data_2013_indians.jp
g Graphic file (type jpg)

<use /home/secondmath/Dropbox/consult/dutyarticle/UBR-wSB-data_2013_indians.jpg
>
Package pdftex.def Info: /home/secondmath/Dropbox/consult/dutyarticle/UBR-wSB-d
ata_2013_indians.jpg used on input line 263.
(pdftex.def)             Requested size: 361.34999pt x 118.48492pt.
 [10 </home/secondmath/Dropbox/consult/dutyarticle/UBR-wSB-data_2013_indians.jp
g>]
Underfull \hbox (badness 10000) in paragraph at lines 298--302

 []

LaTeX Font Info:    Font shape `LUC/utbt/bx/n' in size <10.95> not available
(Font)              Font shape `LUC/utbt/b/n' tried instead on input line 304.
[11] [12]
Underfull \hbox (badness 10000) in paragraph at lines 341--343

 []

[13]
Underfull \hbox (badness 10000) in paragraph at lines 418--421

 []

[14] [15] [16]
Underfull \hbox (badness 10000) in paragraph at lines 454--456

 []


Underfull \hbox (badness 10000) in paragraph at lines 454--456

 []

[17] [18] [19] (./duty.bbl [20]
Underfull \hbox (badness 2790) in paragraph at lines 37--41
[]\OT1/cmr/m/n/10.95 Justin Bopp.  In-tro-duc-ing uzr tar-getview - graph of th
e day.  $\OT1/cmtt/m/n/10.95 http : / / www .
 []

[21]
Underfull \hbox (badness 1552) in paragraph at lines 65--68
[]\OT1/cmr/m/n/10.95 Dave Cameron.  Uni-fy-ing re-place-ment level.  $\OT1/cmtt
/m/n/10.95 http : / / www . fangraphs . com / blogs /
 []


Underfull \hbox (badness 10000) in paragraph at lines 75--78
[]\OT1/cmr/m/n/10.95 Fangraph.  War for pitch-ers.  $\OT1/cmtt/m/n/10.95 http :
 / / www . fangraphs . com / library / war /
 []

[22]) [23] (./duty.aux) ) 
Here is how much of TeX's memory you used:
 3594 strings out of 495031
 48117 string characters out of 6181530
 139262 words of memory out of 5000000
 6636 multiletter control sequences out of 15000+600000
 52198 words of font info for 183 fonts, out of 8000000 for 9000
 14 hyphenation exceptions out of 8191
 38i,12n,26p,1703b,290s stack positions out of 5000i,500n,10000p,200000b,80000s
</usr/share/texlive/texmf-dist/fonts/type1/public/amsf
onts/cm/cmbx10.pfb></usr/share/texlive/texmf-dist/fonts/type1/public/amsfonts/c
m/cmbx12.pfb></usr/share/texlive/texmf-dist/fonts/type1/public/amsfonts/cm/cmmi
10.pfb></usr/share/texlive/texmf-dist/fonts/type1/public/amsfonts/cm/cmmi8.pfb>
</usr/share/texlive/texmf-dist/fonts/type1/public/amsfonts/cm/cmr10.pfb></usr/s
hare/texlive/texmf-dist/fonts/type1/public/amsfonts/cm/cmr12.pfb></usr/share/te
xlive/texmf-dist/fonts/type1/public/amsfonts/cm/cmr8.pfb></usr/share/texlive/te
xmf-dist/fonts/type1/public/amsfonts/cm/cmsy10.pfb></usr/share/texlive/texmf-di
st/fonts/type1/public/amsfonts/cm/cmti10.pfb></usr/share/texlive/texmf-dist/fon
ts/type1/public/amsfonts/cm/cmtt10.pfb></usr/share/texmf/fonts/type1/kotex/base
/myoungjo/outbtbac.pfb></usr/share/texmf/fonts/type1/kotex/base/myoungjo/outbtb
ad.pfb></usr/share/texmf/fonts/type1/kotex/base/myoungjo/outbtbae.pfb></usr/sha
re/texmf/fonts/type1/kotex/base/myoungjo/outbtbb1.pfb></usr/share/texmf/fonts/t
ype1/kotex/base/myoungjo/outbtbb2.pfb></usr/share/texmf/fonts/type1/kotex/base/
myoungjo/outbtbb3.pfb></usr/share/texmf/fonts/type1/kotex/base/myoungjo/outbtbb
4.pfb></usr/share/texmf/fonts/type1/kotex/base/myoungjo/outbtbb8.pfb></usr/shar
e/texmf/fonts/type1/kotex/base/myoungjo/outbtbb9.pfb></usr/share/texmf/fonts/ty
pe1/kotex/base/myoungjo/outbtbba.pfb></usr/share/texmf/fonts/type1/kotex/base/m
youngjo/outbtbbb.pfb></usr/share/texmf/fonts/type1/kotex/base/myoungjo/outbtbbc
.pfb></usr/share/texmf/fonts/type1/kotex/base/myoungjo/outbtbbd.pfb></usr/share
/texmf/fonts/type1/kotex/base/myoungjo/outbtbc0.pfb></usr/share/texmf/fonts/typ
e1/kotex/base/myoungjo/outbtbc1.pfb></usr/share/texmf/fonts/type1/kotex/base/my
oungjo/outbtbc2.pfb></usr/share/texmf/fonts/type1/kotex/base/myoungjo/outbtbc5.
pfb></usr/share/texmf/fonts/type1/kotex/base/myoungjo/outbtbc6.pfb></usr/share/
texmf/fonts/type1/kotex/base/myoungjo/outbtbc7.pfb></usr/share/texmf/fonts/type
1/kotex/base/myoungjo/outbtbc8.pfb></usr/share/texmf/fonts/type1/kotex/base/myo
ungjo/outbtbc9.pfb></usr/share/texmf/fonts/type1/kotex/base/myoungjo/outbtbcc.p
fb></usr/share/texmf/fonts/type1/kotex/base/myoungjo/outbtbcd.pfb></usr/share/t
exmf/fonts/type1/kotex/base/myoungjo/outbtbd0.pfb></usr/share/texmf/fonts/type1
/kotex/base/myoungjo/outbtbd2.pfb></usr/share/texmf/fonts/type1/kotex/base/myou
ngjo/outbtbd3.pfb></usr/share/texmf/fonts/type1/kotex/base/myoungjo/outbtbd4.pf
b></usr/share/texmf/fonts/type1/kotex/base/myoungjo/outbtbd5.pfb></usr/share/te
xmf/fonts/type1/kotex/base/myoungjo/outbtbd6.pfb></usr/share/texmf/fonts/type1/
kotex/base/myoungjo/outbtmac.pfb></usr/share/texmf/fonts/type1/kotex/base/myoun
gjo/outbtmad.pfb></usr/share/texmf/fonts/type1/kotex/base/myoungjo/outbtmae.pfb
></usr/share/texmf/fonts/type1/kotex/base/myoungjo/outbtmaf.pfb></usr/share/tex
mf/fonts/type1/kotex/base/myoungjo/outbtmb0.pfb></usr/share/texmf/fonts/type1/k
otex/base/myoungjo/outbtmb1.pfb></usr/share/texmf/fonts/type1/kotex/base/myoung
jo/outbtmb2.pfb></usr/share/texmf/fonts/type1/kotex/base/myoungjo/outbtmb3.pfb>
</usr/share/texmf/fonts/type1/kotex/base/myoungjo/outbtmb4.pfb></usr/share/texm
f/fonts/type1/kotex/base/myoungjo/outbtmb5.pfb></usr/share/texmf/fonts/type1/ko
tex/base/myoungjo/outbtmb6.pfb></usr/share/texmf/fonts/type1/kotex/base/myoungj
o/outbtmb7.pfb></usr/share/texmf/fonts/type1/kotex/base/myoungjo/outbtmb8.pfb><
/usr/share/texmf/fonts/type1/kotex/base/myoungjo/outbtmb9.pfb></usr/share/texmf
/fonts/type1/kotex/base/myoungjo/outbtmba.pfb></usr/share/texmf/fonts/type1/kot
ex/base/myoungjo/outbtmbb.pfb></usr/share/texmf/fonts/type1/kotex/base/myoungjo
/outbtmbc.pfb></usr/share/texmf/fonts/type1/kotex/base/myoungjo/outbtmbd.pfb></
usr/share/texmf/fonts/type1/kotex/base/myoungjo/outbtmbe.pfb></usr/share/texmf/
fonts/type1/kotex/base/myoungjo/outbtmbf.pfb></usr/share/texmf/fonts/type1/kote
x/base/myoungjo/outbtmc0.pfb></usr/share/texmf/fonts/type1/kotex/base/myoungjo/
outbtmc1.pfb></usr/share/texmf/fonts/type1/kotex/base/myoungjo/outbtmc2.pfb></u
sr/share/texmf/fonts/type1/kotex/base/myoungjo/outbtmc4.pfb></usr/share/texmf/f
onts/type1/kotex/base/myoungjo/outbtmc5.pfb></usr/share/texmf/fonts/type1/kotex
/base/myoungjo/outbtmc6.pfb></usr/share/texmf/fonts/type1/kotex/base/myoungjo/o
utbtmc7.pfb></usr/share/texmf/fonts/type1/kotex/base/myoungjo/outbtmc8.pfb></us
r/share/texmf/fonts/type1/kotex/base/myoungjo/outbtmc9.pfb></usr/share/texmf/fo
nts/type1/kotex/base/myoungjo/outbtmca.pfb></usr/share/texmf/fonts/type1/kotex/
base/myoungjo/outbtmcc.pfb></usr/share/texmf/fonts/type1/kotex/base/myoungjo/ou
tbtmcd.pfb></usr/share/texmf/fonts/type1/kotex/base/myoungjo/outbtmce.pfb></usr
/share/texmf/fonts/type1/kotex/base/myoungjo/outbtmd0.pfb></usr/share/texmf/fon
ts/type1/kotex/base/myoungjo/outbtmd1.pfb></usr/share/texmf/fonts/type1/kotex/b
ase/myoungjo/outbtmd2.pfb></usr/share/texmf/fonts/type1/kotex/base/myoungjo/out
btmd3.pfb></usr/share/texmf/fonts/type1/kotex/base/myoungjo/outbtmd4.pfb></usr/
share/texmf/fonts/type1/kotex/base/myoungjo/outbtmd5.pfb></usr/share/texmf/font
s/type1/kotex/base/myoungjo/outbtmd6.pfb></usr/share/texmf/fonts/type1/kotex/ba
se/myoungjo/outbtmd7.pfb>
Output written on duty.pdf (23 pages, 2060249 bytes).
PDF statistics:
 405 PDF objects out of 1000 (max. 8388607)
 292 compressed objects within 3 object streams
 0 named destinations out of 1000 (max. 500000)
 26 words of extra memory for PDF output out of 10000 (max. 10000000)

